Rc files read:
  NONE
Latexmk: This is Latexmk, John Collins, 15 June 2025. Version 4.87.
Latexmk: applying rule 'pdflatex'...
Rule 'pdflatex':  Reasons for rerun
Changed files or newly in use/created:
  parts/chapter1_theory.tex
Category 'changed_user':
  parts/chapter1_theory.tex

------------
Run number 1 of rule 'pdflatex'
------------
------------
Running 'pdflatex  -interaction=nonstopmode -halt-on-error -recorder  "main.tex"'
------------
This is pdfTeX, Version 3.141592653-2.6-1.40.25 (MiKTeX 24.1) (preloaded format=pdflatex.fmt)
 restricted \write18 enabled.
entering extended mode
(main.tex
LaTeX2e <2023-11-01> patch level 1
L3 programming layer <2024-01-04>
(C:\Users\Hello\AppData\Local\Programs\MiKTeX\tex/latex/base\book.cls
Document Class: book 2023/05/17 v1.4n Standard LaTeX document class
(C:\Users\Hello\AppData\Local\Programs\MiKTeX\tex/latex/base\bk12.clo))
(C:\Users\Hello\AppData\Local\Programs\MiKTeX\tex/latex/biblatex\biblatex.sty
(C:\Users\Hello\AppData\Local\Programs\MiKTeX\tex/generic/pdftexcmds\pdftexcmds
.sty
(C:\Users\Hello\AppData\Local\Programs\MiKTeX\tex/generic/infwarerr\infwarerr.s
ty) (C:\Users\Hello\AppData\Local\Programs\MiKTeX\tex/generic/iftex\iftex.sty)
(C:\Users\Hello\AppData\Local\Programs\MiKTeX\tex/generic/ltxcmds\ltxcmds.sty))
 (C:\Users\Hello\AppData\Local\Programs\MiKTeX\tex/latex/etoolbox\etoolbox.sty)
 (C:\Users\Hello\AppData\Local\Programs\MiKTeX\tex/latex/graphics\keyval.sty)
(C:\Users\Hello\AppData\Local\Programs\MiKTeX\tex/latex/kvoptions\kvoptions.sty

(C:\Users\Hello\AppData\Local\Programs\MiKTeX\tex/latex/kvsetkeys\kvsetkeys.sty
)) (C:\Users\Hello\AppData\Local\Programs\MiKTeX\tex/latex/logreq\logreq.sty
(C:\Users\Hello\AppData\Local\Programs\MiKTeX\tex/latex/logreq\logreq.def))
(C:\Users\Hello\AppData\Local\Programs\MiKTeX\tex/latex/base\ifthen.sty)
(C:\Users\Hello\AppData\Local\Programs\MiKTeX\tex/latex/url\url.sty)
(C:\Users\Hello\AppData\Local\Programs\MiKTeX\tex/latex/biblatex\blx-dm.def)
(C:\Users\Hello\AppData\Local\Programs\MiKTeX\tex/latex/biblatex\blx-compat.def
)
(C:\Users\Hello\AppData\Local\Programs\MiKTeX\tex/latex/biblatex\blx-bibtex.def

Package biblatex Warning: Using fall-back bibtex backend:
(biblatex)                functionality may be reduced/unavailable.

) (C:\Users\Hello\AppData\Local\Programs\MiKTeX\tex/latex/biblatex\biblatex.def
)
(C:\Users\Hello\AppData\Local\Programs\MiKTeX\tex/latex/biblatex/bbx\numeric.bb
x
(C:\Users\Hello\AppData\Local\Programs\MiKTeX\tex/latex/biblatex/bbx\standard.b
bx))
(C:\Users\Hello\AppData\Local\Programs\MiKTeX\tex/latex/biblatex/cbx\numeric.cb
x)
(C:\Users\Hello\AppData\Local\Programs\MiKTeX\tex/latex/biblatex\biblatex.cfg)
(C:\Users\Hello\AppData\Local\Programs\MiKTeX\tex/latex/l3kernel\expl3.sty
(C:\Users\Hello\AppData\Local\Programs\MiKTeX\tex/latex/l3backend\l3backend-pdf
tex.def))
(C:\Users\Hello\AppData\Local\Programs\MiKTeX\tex/latex/biblatex\blx-case-expl3
.sty
(C:\Users\Hello\AppData\Local\Programs\MiKTeX\tex/latex/l3packages/xparse\xpars
e.sty)))
(C:\Users\Hello\AppData\Local\Programs\MiKTeX\tex/latex/caption\subcaption.sty
(C:\Users\Hello\AppData\Local\Programs\MiKTeX\tex/latex/caption\caption.sty
(C:\Users\Hello\AppData\Local\Programs\MiKTeX\tex/latex/caption\caption3.sty)))
 (C:\Users\Hello\AppData\Local\Programs\MiKTeX\tex/generic/babel\babel.sty
(C:\Users\Hello\AppData\Local\Programs\MiKTeX\tex/generic/babel\txtbabel.def)
*************************************
* Local config file bblopts.cfg used
*
(C:\Users\Hello\AppData\Local\Programs\MiKTeX\tex/latex/arabi\bblopts.cfg)
(C:\Users\Hello\AppData\Local\Programs\MiKTeX\tex/latex/babel-vietnamese\vietna
mese.ldf

Package babel Warning: No hyphenation patterns were preloaded for
(babel)                the language 'Vietnamese' into the format.
(babel)                Please, configure your TeX system to add them and
(babel)                rebuild the format. Now I will use the patterns
(babel)                preloaded for \language=0 instead on input line 36.

Loading definitions for the Vietnamese font encoding
(C:\Users\Hello\AppData\Local\Programs\MiKTeX\tex/latex/vntex\t5enc.def
(C:\Users\Hello\AppData\Local\Programs\MiKTeX\tex/latex/vntex\t5enc.dfu))

Package babel Warning: No input encoding specified for Vietnamese on input line
 146.

)
(C:\Users\Hello\AppData\Local\Programs\MiKTeX\tex/latex/babel-english\english.l
df))
(C:\Users\Hello\AppData\Local\Programs\MiKTeX\tex/generic/babel/locale/en\babel
-english.tex)
(C:\Users\Hello\AppData\Local\Programs\MiKTeX\tex/generic/babel/locale/vi\babel
-vietnamese.tex)
(C:\Users\Hello\AppData\Local\Programs\MiKTeX\tex/latex/base\inputenc.sty)
(C:\Users\Hello\AppData\Local\Programs\MiKTeX\tex/latex/base\fontenc.sty)
(C:\Users\Hello\AppData\Local\Programs\MiKTeX\tex/latex/geometry\geometry.sty
(C:\Users\Hello\AppData\Local\Programs\MiKTeX\tex/generic/iftex\ifvtex.sty)
(C:\Users\Hello\AppData\Local\Programs\MiKTeX\tex/latex/geometry\geometry.cfg))
(C:\Users\Hello\AppData\Local\Programs\MiKTeX\tex/latex/xcolor\xcolor.sty
(C:\Users\Hello\AppData\Local\Programs\MiKTeX\tex/latex/graphics-cfg\color.cfg)

(C:\Users\Hello\AppData\Local\Programs\MiKTeX\tex/latex/graphics-def\pdftex.def
)
(C:\Users\Hello\AppData\Local\Programs\MiKTeX\tex/latex/graphics\mathcolor.ltx)
) (C:\Users\Hello\AppData\Local\Programs\MiKTeX\tex/latex/stmaryrd\stmaryrd.sty
) (C:\Users\Hello\AppData\Local\Programs\MiKTeX\tex/latex/amsfonts\amssymb.sty
(C:\Users\Hello\AppData\Local\Programs\MiKTeX\tex/latex/amsfonts\amsfonts.sty))
 (C:\Users\Hello\AppData\Local\Programs\MiKTeX\tex/latex/amsmath\amsmath.sty
For additional information on amsmath, use the `?' option.
(C:\Users\Hello\AppData\Local\Programs\MiKTeX\tex/latex/amsmath\amstext.sty
(C:\Users\Hello\AppData\Local\Programs\MiKTeX\tex/latex/amsmath\amsgen.sty))
(C:\Users\Hello\AppData\Local\Programs\MiKTeX\tex/latex/amsmath\amsbsy.sty)
(C:\Users\Hello\AppData\Local\Programs\MiKTeX\tex/latex/amsmath\amsopn.sty))
(C:\Users\Hello\AppData\Local\Programs\MiKTeX\tex/latex/graphics\graphicx.sty
(C:\Users\Hello\AppData\Local\Programs\MiKTeX\tex/latex/graphics\graphics.sty
(C:\Users\Hello\AppData\Local\Programs\MiKTeX\tex/latex/graphics\trig.sty)
(C:\Users\Hello\AppData\Local\Programs\MiKTeX\tex/latex/graphics-cfg\graphics.c
fg))) (C:\Users\Hello\AppData\Local\Programs\MiKTeX\tex/latex/float\float.sty)
(C:\Users\Hello\AppData\Local\Programs\MiKTeX\tex/latex/multirow\multirow.sty)
(C:\Users\Hello\AppData\Local\Programs\MiKTeX\tex/generic/bibtex\apalike.sty)
(C:\Users\Hello\AppData\Local\Programs\MiKTeX\tex/latex/minitoc\minitoc.sty
(C:\Users\Hello\AppData\Local\Programs\MiKTeX\tex/latex/minitoc\mtcmess.sty)
(main.mtc0)
(C:\Users\Hello\AppData\Local\Programs\MiKTeX\tex/latex/minitoc\english.mld)
(C:\Users\Hello\AppData\Local\Programs\MiKTeX\tex/latex/minitoc\english.mld))
(C:\Users\Hello\AppData\Local\Programs\MiKTeX\tex/latex/pgf/frontendlayer\tikz.
sty
(C:\Users\Hello\AppData\Local\Programs\MiKTeX\tex/latex/pgf/basiclayer\pgf.sty
(C:\Users\Hello\AppData\Local\Programs\MiKTeX\tex/latex/pgf/utilities\pgfrcs.st
y
(C:\Users\Hello\AppData\Local\Programs\MiKTeX\tex/generic/pgf/utilities\pgfutil
-common.tex)
(C:\Users\Hello\AppData\Local\Programs\MiKTeX\tex/generic/pgf/utilities\pgfutil
-latex.def)
(C:\Users\Hello\AppData\Local\Programs\MiKTeX\tex/generic/pgf/utilities\pgfrcs.
code.tex
(C:\Users\Hello\AppData\Local\Programs\MiKTeX\tex/generic/pgf\pgf.revision.tex)
))
(C:\Users\Hello\AppData\Local\Programs\MiKTeX\tex/latex/pgf/basiclayer\pgfcore.
sty
(C:\Users\Hello\AppData\Local\Programs\MiKTeX\tex/latex/pgf/systemlayer\pgfsys.
sty
(C:\Users\Hello\AppData\Local\Programs\MiKTeX\tex/generic/pgf/systemlayer\pgfsy
s.code.tex
(C:\Users\Hello\AppData\Local\Programs\MiKTeX\tex/generic/pgf/utilities\pgfkeys
.code.tex
(C:\Users\Hello\AppData\Local\Programs\MiKTeX\tex/generic/pgf/utilities\pgfkeys
libraryfiltered.code.tex))
(C:\Users\Hello\AppData\Local\Programs\MiKTeX\tex/generic/pgf/systemlayer\pgf.c
fg)
(C:\Users\Hello\AppData\Local\Programs\MiKTeX\tex/generic/pgf/systemlayer\pgfsy
s-pdftex.def
(C:\Users\Hello\AppData\Local\Programs\MiKTeX\tex/generic/pgf/systemlayer\pgfsy
s-common-pdf.def)))
(C:\Users\Hello\AppData\Local\Programs\MiKTeX\tex/generic/pgf/systemlayer\pgfsy
ssoftpath.code.tex)
(C:\Users\Hello\AppData\Local\Programs\MiKTeX\tex/generic/pgf/systemlayer\pgfsy
sprotocol.code.tex))
(C:\Users\Hello\AppData\Local\Programs\MiKTeX\tex/generic/pgf/basiclayer\pgfcor
e.code.tex
(C:\Users\Hello\AppData\Local\Programs\MiKTeX\tex/generic/pgf/math\pgfmath.code
.tex
(C:\Users\Hello\AppData\Local\Programs\MiKTeX\tex/generic/pgf/math\pgfmathutil.
code.tex)
(C:\Users\Hello\AppData\Local\Programs\MiKTeX\tex/generic/pgf/math\pgfmathparse
r.code.tex)
(C:\Users\Hello\AppData\Local\Programs\MiKTeX\tex/generic/pgf/math\pgfmathfunct
ions.code.tex)
(C:\Users\Hello\AppData\Local\Programs\MiKTeX\tex/generic/pgf/math\pgfmathfunct
ions.basic.code.tex)
(C:\Users\Hello\AppData\Local\Programs\MiKTeX\tex/generic/pgf/math\pgfmathfunct
ions.trigonometric.code.tex)
(C:\Users\Hello\AppData\Local\Programs\MiKTeX\tex/generic/pgf/math\pgfmathfunct
ions.random.code.tex)
(C:\Users\Hello\AppData\Local\Programs\MiKTeX\tex/generic/pgf/math\pgfmathfunct
ions.comparison.code.tex)
(C:\Users\Hello\AppData\Local\Programs\MiKTeX\tex/generic/pgf/math\pgfmathfunct
ions.base.code.tex)
(C:\Users\Hello\AppData\Local\Programs\MiKTeX\tex/generic/pgf/math\pgfmathfunct
ions.round.code.tex)
(C:\Users\Hello\AppData\Local\Programs\MiKTeX\tex/generic/pgf/math\pgfmathfunct
ions.misc.code.tex)
(C:\Users\Hello\AppData\Local\Programs\MiKTeX\tex/generic/pgf/math\pgfmathfunct
ions.integerarithmetics.code.tex)
(C:\Users\Hello\AppData\Local\Programs\MiKTeX\tex/generic/pgf/math\pgfmathcalc.
code.tex)
(C:\Users\Hello\AppData\Local\Programs\MiKTeX\tex/generic/pgf/math\pgfmathfloat
.code.tex))
(C:\Users\Hello\AppData\Local\Programs\MiKTeX\tex/generic/pgf/math\pgfint.code.
tex)
(C:\Users\Hello\AppData\Local\Programs\MiKTeX\tex/generic/pgf/basiclayer\pgfcor
epoints.code.tex)
(C:\Users\Hello\AppData\Local\Programs\MiKTeX\tex/generic/pgf/basiclayer\pgfcor
epathconstruct.code.tex)
(C:\Users\Hello\AppData\Local\Programs\MiKTeX\tex/generic/pgf/basiclayer\pgfcor
epathusage.code.tex)
(C:\Users\Hello\AppData\Local\Programs\MiKTeX\tex/generic/pgf/basiclayer\pgfcor
escopes.code.tex)
(C:\Users\Hello\AppData\Local\Programs\MiKTeX\tex/generic/pgf/basiclayer\pgfcor
egraphicstate.code.tex)
(C:\Users\Hello\AppData\Local\Programs\MiKTeX\tex/generic/pgf/basiclayer\pgfcor
etransformations.code.tex)
(C:\Users\Hello\AppData\Local\Programs\MiKTeX\tex/generic/pgf/basiclayer\pgfcor
equick.code.tex)
(C:\Users\Hello\AppData\Local\Programs\MiKTeX\tex/generic/pgf/basiclayer\pgfcor
eobjects.code.tex)
(C:\Users\Hello\AppData\Local\Programs\MiKTeX\tex/generic/pgf/basiclayer\pgfcor
epathprocessing.code.tex)
(C:\Users\Hello\AppData\Local\Programs\MiKTeX\tex/generic/pgf/basiclayer\pgfcor
earrows.code.tex)
(C:\Users\Hello\AppData\Local\Programs\MiKTeX\tex/generic/pgf/basiclayer\pgfcor
eshade.code.tex)
(C:\Users\Hello\AppData\Local\Programs\MiKTeX\tex/generic/pgf/basiclayer\pgfcor
eimage.code.tex)
(C:\Users\Hello\AppData\Local\Programs\MiKTeX\tex/generic/pgf/basiclayer\pgfcor
eexternal.code.tex)
(C:\Users\Hello\AppData\Local\Programs\MiKTeX\tex/generic/pgf/basiclayer\pgfcor
elayers.code.tex)
(C:\Users\Hello\AppData\Local\Programs\MiKTeX\tex/generic/pgf/basiclayer\pgfcor
etransparency.code.tex)
(C:\Users\Hello\AppData\Local\Programs\MiKTeX\tex/generic/pgf/basiclayer\pgfcor
epatterns.code.tex)
(C:\Users\Hello\AppData\Local\Programs\MiKTeX\tex/generic/pgf/basiclayer\pgfcor
erdf.code.tex)))
(C:\Users\Hello\AppData\Local\Programs\MiKTeX\tex/generic/pgf/modules\pgfmodule
shapes.code.tex)
(C:\Users\Hello\AppData\Local\Programs\MiKTeX\tex/generic/pgf/modules\pgfmodule
plot.code.tex)
(C:\Users\Hello\AppData\Local\Programs\MiKTeX\tex/latex/pgf/compatibility\pgfco
mp-version-0-65.sty)
(C:\Users\Hello\AppData\Local\Programs\MiKTeX\tex/latex/pgf/compatibility\pgfco
mp-version-1-18.sty))
(C:\Users\Hello\AppData\Local\Programs\MiKTeX\tex/latex/pgf/utilities\pgffor.st
y
(C:\Users\Hello\AppData\Local\Programs\MiKTeX\tex/latex/pgf/utilities\pgfkeys.s
ty
(C:\Users\Hello\AppData\Local\Programs\MiKTeX\tex/generic/pgf/utilities\pgfkeys
.code.tex))
(C:\Users\Hello\AppData\Local\Programs\MiKTeX\tex/latex/pgf/math\pgfmath.sty
(C:\Users\Hello\AppData\Local\Programs\MiKTeX\tex/generic/pgf/math\pgfmath.code
.tex))
(C:\Users\Hello\AppData\Local\Programs\MiKTeX\tex/generic/pgf/utilities\pgffor.
code.tex))
(C:\Users\Hello\AppData\Local\Programs\MiKTeX\tex/generic/pgf/frontendlayer/tik
z\tikz.code.tex
(C:\Users\Hello\AppData\Local\Programs\MiKTeX\tex/generic/pgf/libraries\pgflibr
aryplothandlers.code.tex)
(C:\Users\Hello\AppData\Local\Programs\MiKTeX\tex/generic/pgf/modules\pgfmodule
matrix.code.tex)
(C:\Users\Hello\AppData\Local\Programs\MiKTeX\tex/generic/pgf/frontendlayer/tik
z/libraries\tikzlibrarytopaths.code.tex)))
(C:\Users\Hello\AppData\Local\Programs\MiKTeX\tex/latex/enumitem\enumitem.sty)
(C:\Users\Hello\AppData\Local\Programs\MiKTeX\tex/latex/epigraph\epigraph.sty
(C:\Users\Hello\AppData\Local\Programs\MiKTeX\tex/latex/nextpage\nextpage.sty))
 (C:\Users\Hello\AppData\Local\Programs\MiKTeX\tex/latex/graphics\lscape.sty)
(C:\Users\Hello\AppData\Local\Programs\MiKTeX\tex/latex/titlesec\titletoc.sty)
(C:\Users\Hello\AppData\Local\Programs\MiKTeX\tex/latex/booktabs\booktabs.sty)
(C:\Users\Hello\AppData\Local\Programs\MiKTeX\tex/latex/tools\array.sty)
(C:\Users\Hello\AppData\Local\Programs\MiKTeX\tex/latex/tools\tabularx.sty)
(C:\Users\Hello\AppData\Local\Programs\MiKTeX\tex/latex/ragged2e\ragged2e.sty)
(C:\Users\Hello\AppData\Local\Programs\MiKTeX\tex/latex/arydshln\arydshln.sty)
(C:\Users\Hello\AppData\Local\Programs\MiKTeX\tex/latex/glossaries/base\glossar
ies.sty
(C:\Users\Hello\AppData\Local\Programs\MiKTeX\tex/latex/xkeyval\xkeyval.sty
(C:\Users\Hello\AppData\Local\Programs\MiKTeX\tex/generic/xkeyval\xkeyval.tex
(C:\Users\Hello\AppData\Local\Programs\MiKTeX\tex/generic/xkeyval\xkvutils.tex)
))
(C:\Users\Hello\AppData\Local\Programs\MiKTeX\tex/latex/mfirstuc\mfirstuc.sty)
(C:\Users\Hello\AppData\Local\Programs\MiKTeX\tex/latex/xfor\xfor.sty)
(C:\Users\Hello\AppData\Local\Programs\MiKTeX\tex/latex/tracklang\tracklang.sty

(C:\Users\Hello\AppData\Local\Programs\MiKTeX\tex/generic/tracklang\tracklang.t
ex))
(C:\Users\Hello\AppData\Local\Programs\MiKTeX\tex/latex/translator\translator.s
ty)
(C:\Users\Hello\AppData\Local\Programs\MiKTeX\tex/latex/glossaries-english\glos
saries-english.ldf)

Package glossaries Warning: No language module detected for `vietnamese'.
(glossaries)                Language modules need to be installed separately.
(glossaries)                Please check on CTAN for a bundle called
(glossaries)                `glossaries-vietnamese' or similar.


(C:\Users\Hello\AppData\Local\Programs\MiKTeX\tex/latex/datatool\datatool-base.
sty
(C:\Users\Hello\AppData\Local\Programs\MiKTeX\tex/latex/datatool\datatool-l3fp.
def)
(C:\Users\Hello\AppData\Local\Programs\MiKTeX\tex/latex/datatool\datatool-utf8.
ldf)

Package tracklang Warning: No `datatool' support for dialect `english'  on inpu
t line 9924.


Package tracklang Warning: No `datatool' support for dialect `vietnamese'  on i
nput line 9924.

)
(C:\Users\Hello\AppData\Local\Programs\MiKTeX\tex/latex/glossaries/styles\gloss
ary-hypernav.sty)
(C:\Users\Hello\AppData\Local\Programs\MiKTeX\tex/latex/glossaries/styles\gloss
ary-list.sty)
(C:\Users\Hello\AppData\Local\Programs\MiKTeX\tex/latex/glossaries/styles\gloss
ary-long.sty
(C:\Users\Hello\AppData\Local\Programs\MiKTeX\tex/latex/tools\longtable.sty))
(C:\Users\Hello\AppData\Local\Programs\MiKTeX\tex/latex/glossaries/styles\gloss
ary-super.sty
(C:\Users\Hello\AppData\Local\Programs\MiKTeX\tex/latex/supertabular\supertabul
ar.sty))
(C:\Users\Hello\AppData\Local\Programs\MiKTeX\tex/latex/glossaries/styles\gloss
ary-tree.sty))
(C:\Users\Hello\AppData\Local\Programs\MiKTeX\tex/latex/tools\calc.sty)
(C:\Users\Hello\AppData\Local\Programs\MiKTeX\tex/latex/titlesec\titlesec.sty)
(C:\Users\Hello\AppData\Local\Programs\MiKTeX\tex/latex/hyperref\hyperref.sty
(C:\Users\Hello\AppData\Local\Programs\MiKTeX\tex/generic/kvdefinekeys\kvdefine
keys.sty)
(C:\Users\Hello\AppData\Local\Programs\MiKTeX\tex/generic/pdfescape\pdfescape.s
ty) (C:\Users\Hello\AppData\Local\Programs\MiKTeX\tex/latex/hycolor\hycolor.sty
)
(C:\Users\Hello\AppData\Local\Programs\MiKTeX\tex/latex/letltxmacro\letltxmacro
.sty)
(C:\Users\Hello\AppData\Local\Programs\MiKTeX\tex/latex/auxhook\auxhook.sty)
(C:\Users\Hello\AppData\Local\Programs\MiKTeX\tex/latex/hyperref\nameref.sty
(C:\Users\Hello\AppData\Local\Programs\MiKTeX\tex/latex/refcount\refcount.sty)
(C:\Users\Hello\AppData\Local\Programs\MiKTeX\tex/generic/gettitlestring\gettit
lestring.sty))
(C:\Users\Hello\AppData\Local\Programs\MiKTeX\tex/latex/hyperref\pd1enc.def)
(C:\Users\Hello\AppData\Local\Programs\MiKTeX\tex/generic/intcalc\intcalc.sty)
(C:\Users\Hello\AppData\Local\Programs\MiKTeX\tex/latex/hyperref\puenc.def)
(C:\Users\Hello\AppData\Local\Programs\MiKTeX\tex/generic/bitset\bitset.sty
(C:\Users\Hello\AppData\Local\Programs\MiKTeX\tex/generic/bigintcalc\bigintcalc
.sty))
(C:\Users\Hello\AppData\Local\Programs\MiKTeX\tex/latex/base\atbegshi-ltx.sty))
(C:\Users\Hello\AppData\Local\Programs\MiKTeX\tex/latex/hyperref\hpdftex.def
(C:\Users\Hello\AppData\Local\Programs\MiKTeX\tex/latex/base\atveryend-ltx.sty)

(C:\Users\Hello\AppData\Local\Programs\MiKTeX\tex/latex/rerunfilecheck\rerunfil
echeck.sty
(C:\Users\Hello\AppData\Local\Programs\MiKTeX\tex/generic/uniquecounter\uniquec
ounter.sty)))
(C:\Users\Hello\AppData\Local\Programs\MiKTeX\tex/latex/fancyhdr\fancyhdr.sty)
(C:\Users\Hello\AppData\Local\Programs\MiKTeX\tex/latex/lipsum\lipsum.sty
(C:\Users\Hello\AppData\Local\Programs\MiKTeX\tex/latex/l3packages/l3keys2e\l3k
eys2e.sty)
(C:\Users\Hello\AppData\Local\Programs\MiKTeX\tex/latex/lipsum\lipsum.ltd.tex))

Package biblatex Warning: Load 'inputenc' before biblatex.


Package biblatex Warning: 'babel/polyglossia' detected but 'csquotes' missing.
(biblatex)                Loading 'csquotes' recommended.

(main.aux
(C:\Users\Hello\AppData\Local\Programs\MiKTeX\tex/latex/vntex\t5cmr.fd))
(C:\Users\Hello\AppData\Local\Programs\MiKTeX\tex/latex/biblatex/lbx\english.lb
x)

Package biblatex Warning: Language 'vietnamese' not supported.
(biblatex)                Using dummy definitions on input line 114.

(main.bbl)
(C:\Users\Hello\AppData\Local\Programs\MiKTeX\tex/latex/caption\ltcaption.sty)
*geometry* driver: auto-detecting
*geometry* detected driver: pdftex

(C:\Users\Hello\AppData\Local\Programs\MiKTeX\tex/context/base/mkii\supp-pdf.mk
ii
[Loading MPS to PDF converter (version 2006.09.02).]
)
(C:\Users\Hello\AppData\Local\Programs\MiKTeX\tex/latex/epstopdf-pkg\epstopdf-b
ase.sty
(C:\Users\Hello\AppData\Local\Programs\MiKTeX\tex/latex/00miktex\epstopdf-sys.c
fg))

Package minitoc(hints) Warning: W0099
(minitoc(hints))                --- The titlesec package is loaded. 
(minitoc(hints))                It is incompatible 
(minitoc(hints))                with the minitoc package.


Package minitoc(hints) Warning: W0040
(minitoc(hints))                --- The titletoc package is loaded. 
(minitoc(hints))                It is incompatible 
(minitoc(hints))                with the minitoc package.


Package minitoc(hints) Warning: W0030
(minitoc(hints))                --- The \part command is altered 
(minitoc(hints))                after minitoc.


Package minitoc(hints) Warning: W0023
(minitoc(hints))                --- It may be the consequence 
(minitoc(hints))                of loading the ``hyperref'' package.


Package minitoc(hints) Warning: W0028
(minitoc(hints))                --- The \chapter command is altered 
(minitoc(hints))                after minitoc.


Package minitoc(hints) Warning: W0023
(minitoc(hints))                --- It may be the consequence 
(minitoc(hints))                of loading the ``hyperref'' package.

(main.out) (main.out)
(C:\Users\Hello\AppData\Local\Programs\MiKTeX\tex/latex/stmaryrd\ustmry.fd)
(C:\Users\Hello\AppData\Local\Programs\MiKTeX\tex/latex/amsfonts\umsa.fd)
(C:\Users\Hello\AppData\Local\Programs\MiKTeX\tex/latex/amsfonts\umsb.fd)
[1{C:/Users/Hello/AppData/Local/MiKTeX/fonts/map/pdftex/pdftex.map} <./images/l
ogoCTU.png>] [2] (main.toc
(C:\Users\Hello\AppData\Local\Programs\MiKTeX\tex/latex/vntex\t5cmtt.fd)
[1] [2]) [3] [4] (main.lof [5]) [6] (main.lot [7] [8]) (parts/intro.tex
[9] [10] [11] [12] [13] [14] [15] [16]) [17] [18] (parts/chapter1_theory.tex
Ch\uhorn \ohorn ng 1.
(main.ptc)
Underfull \vbox (badness 10000) has occurred while \output is active
pdfTeX warning (ext4): destination with the same identifier (name{page.1}) has 
been already used, duplicate ignored
<to be read again> 
                   \relax 
l.6 }
      [1]
Underfull \vbox (badness 10000) has occurred while \output is active
pdfTeX warning (ext4): destination with the same identifier (name{page.2}) has 
been already used, duplicate ignored
<to be read again> 
                   \relax 
l.6 }
      [2]

Package fancyhdr Warning: \headheight is too small (12.0pt): 
(fancyhdr)                Make it at least 17.97173pt, for example:
(fancyhdr)                \setlength{\headheight}{17.97173pt}.
(fancyhdr)                You might also make \topmargin smaller:
(fancyhdr)                \addtolength{\topmargin}{-5.97173pt}.

[3]
Overfull \hbox (2.13046pt too wide) in paragraph at lines 25--38
 [][] 

Underfull \hbox (badness 10000) in paragraph at lines 55--55
[]|\T5/cmtt/m/n/10.95 cp\T5/cmr/m/n/10.95 , \T5/cmtt/m/n/10.95 Diagnosis\T5/cmr
/m/n/10.95 , \T5/cmtt/m/n/10.95 dx\T5/cmr/m/n/10.95 ,

Underfull \hbox (badness 10000) in paragraph at lines 56--56
[]|\T5/cmtt/m/n/10.95 GenHlth\T5/cmr/m/n/10.95 , \T5/cmtt/m/n/10.95 Education\T
5/cmr/m/n/10.95 ,

Underfull \hbox (badness 1796) in paragraph at lines 57--57
[]|\T5/cmr/m/n/10.95 ^^^ānh lũņng ríi

Underfull \hbox (badness 1769) in paragraph at lines 57--57
[]|\T5/cmtt/m/n/10.95 age\T5/cmr/m/n/10.95 , \T5/cmtt/m/n/10.95 MentHlth\T5/cmr
/m/n/10.95 , sč tø

Underfull \hbox (badness 10000) in paragraph at lines 57--58
[]|\T5/cmr/m/n/10.95 Mean/median, his-

Underfull \hbox (badness 10000) in paragraph at lines 59--59
[]|\T5/cmr/m/n/10.95 Appliances, t―n hiŧu

Underfull \hbox (badness 10000) in paragraph at lines 59--60
[]|\T5/cmr/m/n/10.95 Line chart, rolling

Underfull \hbox (badness 10000) in paragraph at lines 59--60
\T5/cmr/m/n/10.95 mean, in-ter-po-la-tion,

Overfull \hbox (3.89551pt too wide) in paragraph at lines 51--62
 [][] 
[4]

Package fancyhdr Warning: \headheight is too small (12.0pt): 
(fancyhdr)                Make it at least 17.97173pt, for example:
(fancyhdr)                \setlength{\headheight}{17.97173pt}.
(fancyhdr)                You might also make \topmargin smaller:
(fancyhdr)                \addtolength{\topmargin}{-5.97173pt}.

[5]
Underfull \hbox (badness 6173) in paragraph at lines 81--81
[]|\T5/cmr/m/n/10.95 Scatter plot, heatmap

Underfull \hbox (badness 1210) in paragraph at lines 84--84
[]|\T5/cmr/m/n/10.95 Hai nhâm/lîp khĄc

Underfull \hbox (badness 10000) in paragraph at lines 84--84
[]|\T5/cmr/m/n/10.95 Boxplot theo lîp,

Underfull \hbox (badness 10000) in paragraph at lines 85--85
[]|\T5/cmr/m/n/10.95 Histogram ^^_°c trũng,

Underfull \vbox (badness 10000) has occurred while \output is active [6]

Package fancyhdr Warning: \headheight is too small (12.0pt): 
(fancyhdr)                Make it at least 17.97173pt, for example:
(fancyhdr)                \setlength{\headheight}{17.97173pt}.
(fancyhdr)                You might also make \topmargin smaller:
(fancyhdr)                \addtolength{\topmargin}{-5.97173pt}.

[7] [8]
Overfull \hbox (2.01933pt too wide) in paragraph at lines 146--147
\T5/cmr/m/n/12 nhĨn. Trong phĨn t―ch thüc tļ, cĶn \T5/cmr/m/it/12 t―nh theo tøn
g nhâm \T5/cmr/m/n/12 (v― dö chia theo \T5/cmtt/m/n/12 target_binary\T5/cmr/m/n
/12 :

Underfull \hbox (badness 10000) in paragraph at lines 154--154
[]\T5/cmr/m/n/12 BĢng 1.5: |Mean, Me-dian v  ^^_ë chķnh Mean$\OMS/cmsy/m/n/12 ^
^@$\T5/cmr/m/n/12 Median cõa \T5/cmtt/m/n/12 chol

Underfull \hbox (badness 10000) in paragraph at lines 154--154
\T5/cmr/m/n/12 v  \T5/cmtt/m/n/12 thalach \T5/cmr/m/n/12 chia theo nhâm \T5/cmt
t/m/n/12 target_binary \T5/cmr/m/n/12 (Heart Dis-ease, $\OML/cmm/m/it/12 n \OT1
/cmr/m/n/12 =

Underfull \hbox (badness 10000) in paragraph at lines 154--154
\OT1/cmr/m/n/12 303$\T5/cmr/m/n/12 ). Python source: \T5/cmtt/m/n/12 src/analyz
e_heart_disease.py\T5/cmr/m/n/12 ; ta-ble path:

Overfull \hbox (2.58437pt too wide) in paragraph at lines 157--167
 [][] 

Package fancyhdr Warning: \headheight is too small (12.0pt): 
(fancyhdr)                Make it at least 17.97173pt, for example:
(fancyhdr)                \setlength{\headheight}{17.97173pt}.
(fancyhdr)                You might also make \topmargin smaller:
(fancyhdr)                \addtolength{\topmargin}{-5.97173pt}.

[9]
Underfull \hbox (badness 10000) in paragraph at lines 175--175
[]\T5/cmr/m/n/12 BĢng 1.6: |CĄc sč ^^_o phĨn tĄn v  hžnh dĄng cõa \T5/cmtt/m/n/
12 chol \T5/cmr/m/n/12 v 

Underfull \hbox (badness 10000) in paragraph at lines 175--175
\T5/cmtt/m/n/12 thalach \T5/cmr/m/n/12 theo nhâm \T5/cmtt/m/n/12 target_binary 
\T5/cmr/m/n/12 (Heart Dis-ease, $\OML/cmm/m/it/12 n \OT1/cmr/m/n/12 = 303$\T5/c
mr/m/n/12 ).

Underfull \hbox (badness 10000) in paragraph at lines 175--175
\T5/cmr/m/n/12 Python source: \T5/cmtt/m/n/12 src/analyze_heart_disease.py\T5/c
mr/m/n/12 ; ta-ble path:

Overfull \hbox (21.59712pt too wide) in paragraph at lines 197--209
 [][] 
[10]

Package fancyhdr Warning: \headheight is too small (12.0pt): 
(fancyhdr)                Make it at least 17.97173pt, for example:
(fancyhdr)                \setlength{\headheight}{17.97173pt}.
(fancyhdr)                You might also make \topmargin smaller:
(fancyhdr)                \addtolength{\topmargin}{-5.97173pt}.

[11] [12]

Package fancyhdr Warning: \headheight is too small (12.0pt): 
(fancyhdr)                Make it at least 17.97173pt, for example:
(fancyhdr)                \setlength{\headheight}{17.97173pt}.
(fancyhdr)                You might also make \topmargin smaller:
(fancyhdr)                \addtolength{\topmargin}{-5.97173pt}.

[13] [14]

Package fancyhdr Warning: \headheight is too small (12.0pt): 
(fancyhdr)                Make it at least 17.97173pt, for example:
(fancyhdr)                \setlength{\headheight}{17.97173pt}.
(fancyhdr)                You might also make \topmargin smaller:
(fancyhdr)                \addtolength{\topmargin}{-5.97173pt}.

[15] [16]
Underfull \vbox (badness 10000) has occurred while \output is active

Package fancyhdr Warning: \headheight is too small (12.0pt): 
(fancyhdr)                Make it at least 17.97173pt, for example:
(fancyhdr)                \setlength{\headheight}{17.97173pt}.
(fancyhdr)                You might also make \topmargin smaller:
(fancyhdr)                \addtolength{\topmargin}{-5.97173pt}.

[17] [18]

Package fancyhdr Warning: \headheight is too small (12.0pt): 
(fancyhdr)                Make it at least 17.97173pt, for example:
(fancyhdr)                \setlength{\headheight}{17.97173pt}.
(fancyhdr)                You might also make \topmargin smaller:
(fancyhdr)                \addtolength{\topmargin}{-5.97173pt}.

[19] [20]

Package fancyhdr Warning: \headheight is too small (12.0pt): 
(fancyhdr)                Make it at least 17.97173pt, for example:
(fancyhdr)                \setlength{\headheight}{17.97173pt}.
(fancyhdr)                You might also make \topmargin smaller:
(fancyhdr)                \addtolength{\topmargin}{-5.97173pt}.

[21] [22]

Package fancyhdr Warning: \headheight is too small (12.0pt): 
(fancyhdr)                Make it at least 17.97173pt, for example:
(fancyhdr)                \setlength{\headheight}{17.97173pt}.
(fancyhdr)                You might also make \topmargin smaller:
(fancyhdr)                \addtolength{\topmargin}{-5.97173pt}.

[23] [24]

Package fancyhdr Warning: \headheight is too small (12.0pt): 
(fancyhdr)                Make it at least 17.97173pt, for example:
(fancyhdr)                \setlength{\headheight}{17.97173pt}.
(fancyhdr)                You might also make \topmargin smaller:
(fancyhdr)                \addtolength{\topmargin}{-5.97173pt}.

[25] [26]

Package fancyhdr Warning: \headheight is too small (12.0pt): 
(fancyhdr)                Make it at least 17.97173pt, for example:
(fancyhdr)                \setlength{\headheight}{17.97173pt}.
(fancyhdr)                You might also make \topmargin smaller:
(fancyhdr)                \addtolength{\topmargin}{-5.97173pt}.

[27] [28]
Overfull \hbox (21.55011pt too wide) in paragraph at lines 785--785
|[]\T5/cmr/bx/n/14.4 Biļn \T5/cmtt/m/n/14.4 Appliances \T5/cmr/bx/n/14.4 trong 
Ap-pli-ances En-ergy Pre-dic-tion (nhâm

Package fancyhdr Warning: \headheight is too small (12.0pt): 
(fancyhdr)                Make it at least 17.97173pt, for example:
(fancyhdr)                \setlength{\headheight}{17.97173pt}.
(fancyhdr)                You might also make \topmargin smaller:
(fancyhdr)                \addtolength{\topmargin}{-5.97173pt}.

[29] [30]

Package fancyhdr Warning: \headheight is too small (12.0pt): 
(fancyhdr)                Make it at least 17.97173pt, for example:
(fancyhdr)                \setlength{\headheight}{17.97173pt}.
(fancyhdr)                You might also make \topmargin smaller:
(fancyhdr)                \addtolength{\topmargin}{-5.97173pt}.

[31] [32]
Underfull \hbox (badness 1286) in paragraph at lines 928--929
[]|\T5/cmtt/m/n/10.95 chol\T5/cmr/m/n/10.95 : gĶn nhau $\OMS/cmsy/m/n/10.95 )$ 
\T5/cmr/m/n/10.95 ―t out-lier;

Package fancyhdr Warning: \headheight is too small (12.0pt): 
(fancyhdr)                Make it at least 17.97173pt, for example:
(fancyhdr)                \setlength{\headheight}{17.97173pt}.
(fancyhdr)                You might also make \topmargin smaller:
(fancyhdr)                \addtolength{\topmargin}{-5.97173pt}.

[33]
Underfull \hbox (badness 10000) in paragraph at lines 964--964
[]|\T5/cmr/m/n/10.95 Histogram lŧch

Underfull \hbox (badness 10000) in paragraph at lines 964--965
[]|\T5/cmr/m/n/10.95 Xem log-

Underfull \hbox (badness 10000) in paragraph at lines 964--965
\T5/cmr/m/n/10.95 transform,

Overfull \hbox (10.41827pt too wide) in paragraph at lines 965--966
[]|\T5/cmr/m/n/10.95 Winsorize/capping

Underfull \hbox (badness 10000) in paragraph at lines 966--966
[]|\T5/cmr/m/n/10.95 Scatter câ xu

Underfull \hbox (badness 10000) in paragraph at lines 966--967
[]|\T5/cmr/m/n/10.95 T―nh cor-re-la-

Underfull \hbox (badness 10000) in paragraph at lines 966--967
\T5/cmr/m/n/10.95 tion/regression,

Underfull \hbox (badness 1019) in paragraph at lines 966--967
\T5/cmr/m/n/10.95 khæng kļt luŠn

Underfull \hbox (badness 10000) in paragraph at lines 967--967
[]|\T5/cmr/m/n/10.95 Bar chart lŧch

Underfull \hbox (badness 10000) in paragraph at lines 967--968
[]|\T5/cmr/m/n/10.95 Dōng strat-i-

Underfull \hbox (badness 1472) in paragraph at lines 967--968
\T5/cmr/m/n/10.95 fied split, class

Underfull \hbox (badness 10000) in paragraph at lines 967--968
\T5/cmr/m/n/10.95 weight, re-sam-

Underfull \hbox (badness 10000) in paragraph at lines 968--968
[]|\T5/cmr/m/n/10.95 CĶn trĄnh chia

Underfull \hbox (badness 3364) in paragraph at lines 968--968
\T5/cmr/m/n/10.95 train/test ngĻu nhiķn

Underfull \hbox (badness 2080) in paragraph at lines 968--969
[]|\T5/cmr/m/n/10.95 Chia theo thíi

Underfull \hbox (badness 7168) in paragraph at lines 968--969
\T5/cmr/m/n/10.95 mōa vö/rolling

Underfull \hbox (badness 2486) in paragraph at lines 969--969
[]|\T5/cmr/m/n/10.95 Heatmap câ c°p

Underfull \hbox (badness 1895) in paragraph at lines 969--969
[]|\T5/cmr/m/n/10.95 Câ nguy cė ^^_a cëng

Underfull \hbox (badness 2277) in paragraph at lines 969--970
[]|\T5/cmr/m/n/10.95 Chån bît biļn

Overfull \hbox (12.71103pt too wide) in paragraph at lines 960--972
 [][] 

Underfull \vbox (badness 10000) has occurred while \output is active [34]
Underfull \hbox (badness 10000) in paragraph at lines 987--987
[]|\T5/cmtt/m/n/10.95 Appliances\T5/cmr/m/n/10.95 , \T5/cmtt/m/n/10.95 chol\T5/
cmr/m/n/10.95 ,

Underfull \hbox (badness 1168) in paragraph at lines 988--988
[]|\T5/cmtt/m/n/10.95 chol \T5/cmr/m/n/10.95 theo tar-get, ^^_ë

Underfull \hbox (badness 5970) in paragraph at lines 989--989
[]|\T5/cmr/m/n/10.95 So sĄnh phĨn phči

Underfull \hbox (badness 3098) in paragraph at lines 990--990
[]|\T5/cmr/m/n/10.95 Kļt hņp box-plot v 

Underfull \hbox (badness 10000) in paragraph at lines 990--991
[]|\T5/cmr/m/n/10.95 Khâ ^^_åc hėn

Underfull \vbox (badness 10000) has occurred while \output is active

Package fancyhdr Warning: \headheight is too small (12.0pt): 
(fancyhdr)                Make it at least 17.97173pt, for example:
(fancyhdr)                \setlength{\headheight}{17.97173pt}.
(fancyhdr)                You might also make \topmargin smaller:
(fancyhdr)                \addtolength{\topmargin}{-5.97173pt}.

[35]
Overfull \hbox (7.1992pt too wide) in paragraph at lines 1018--1019
[]\T5/cmr/m/n/12 ^^^š hišu rã his-togram ^^_ũņc tĪo ra thļ n o, BĢng [][]1.26[]
[] l§y sĄu mĻu cõa biļn \T5/cmtt/m/n/12 Appliances
[36]
Underfull \hbox (badness 10000) in paragraph at lines 1041--1041
[]\T5/cmr/m/n/12 Hžnh 1.1: |PhĨn phči gčc (raw) cõa biļn \T5/cmtt/m/n/12 Applia
nces \T5/cmr/m/n/12 bŽng Python.

Underfull \hbox (badness 10000) in paragraph at lines 1041--1041
\T5/cmr/m/n/12 Python source: \T5/cmtt/m/n/12 src/analyze_appliances_energy.py\
T5/cmr/m/n/12 ; fig-ure path:

Underfull \vbox (badness 10000) has occurred while \output is active

Package fancyhdr Warning: \headheight is too small (12.0pt): 
(fancyhdr)                Make it at least 17.97173pt, for example:
(fancyhdr)                \setlength{\headheight}{17.97173pt}.
(fancyhdr)                You might also make \topmargin smaller:
(fancyhdr)                \addtolength{\topmargin}{-5.97173pt}.

[37 <../outputs/figures/appliances_energy_distribution_raw.png>]
Underfull \vbox (badness 10000) has occurred while \output is active [38 <../ou
tputs/figures/excel_appliances_raw_vs_log_hist_preview.png>]
Underfull \hbox (badness 10000) in paragraph at lines 1104--1104
[]\T5/cmr/m/n/12 Hžnh 1.3: |Minh håa box-plot: choles-terol theo nhâm bŧnh tim.


Underfull \hbox (badness 10000) in paragraph at lines 1104--1104
\T5/cmr/m/n/12 Python source: \T5/cmtt/m/n/12 src/analyze_heart_disease.py\T5/c
mr/m/n/12 ; fig-ure path:

Underfull \vbox (badness 10000) has occurred while \output is active

Package fancyhdr Warning: \headheight is too small (12.0pt): 
(fancyhdr)                Make it at least 17.97173pt, for example:
(fancyhdr)                \setlength{\headheight}{17.97173pt}.
(fancyhdr)                You might also make \topmargin smaller:
(fancyhdr)                \addtolength{\topmargin}{-5.97173pt}.

[39]
Underfull \vbox (badness 10000) has occurred while \output is active [40 <../ou
tputs/figures/heart_disease_cholesterol_boxplot.png>]
Underfull \hbox (badness 10000) in paragraph at lines 1132--1132
[]|\T5/cmr/m/n/10.95 Tžm liķn hŧ tuyļn

Underfull \hbox (badness 1990) in paragraph at lines 1132--1132
\T5/cmr/m/n/10.95 t―nh/phi tuyļn, cöm,

Underfull \hbox (badness 10000) in paragraph at lines 1132--1132
[]|\T5/cmtt/m/n/10.95 age\T5/cmr/m/n/10.95 --\T5/cmtt/m/n/10.95 thalach\T5/cmr/
m/n/10.95 , nhiŧt

Underfull \hbox (badness 10000) in paragraph at lines 1132--1133
[]|\T5/cmr/m/n/10.95 Rči khi nhi·u

Underfull \hbox (badness 10000) in paragraph at lines 1132--1133
\T5/cmr/m/n/10.95 ^^_išm, khæng

Underfull \hbox (badness 10000) in paragraph at lines 1133--1133
[]|\T5/cmr/m/n/10.95 Bar chart/Pie

Underfull \hbox (badness 1281) in paragraph at lines 1133--1134
[]|\T5/cmr/m/n/10.95 Pie khâ so sĄnh

Underfull \hbox (badness 1546) in paragraph at lines 1133--1134
\T5/cmr/m/n/10.95 nhi·u nhâm; bar

Underfull \hbox (badness 10000) in paragraph at lines 1133--1134
\T5/cmr/m/n/10.95 khæng thš hiŧn

Underfull \hbox (badness 10000) in paragraph at lines 1134--1134
[]|\T5/cmr/m/n/10.95 Correlation

Underfull \hbox (badness 10000) in paragraph at lines 1135--1135
[]|\T5/cmr/m/n/10.95 Pair/Hexbin

Underfull \hbox (badness 1838) in paragraph at lines 1135--1135
[]|\T5/cmr/m/n/10.95 Xem nhi·u c°p biļn

Underfull \hbox (badness 10000) in paragraph at lines 1136--1136
[]|\T5/cmr/m/n/10.95 Stacked

Underfull \vbox (badness 10000) has occurred while \output is active

Package fancyhdr Warning: \headheight is too small (12.0pt): 
(fancyhdr)                Make it at least 17.97173pt, for example:
(fancyhdr)                \setlength{\headheight}{17.97173pt}.
(fancyhdr)                You might also make \topmargin smaller:
(fancyhdr)                \addtolength{\topmargin}{-5.97173pt}.

[41 <../outputs/figures/excel_heart_chol_boxplot_preview.png>]
Underfull \vbox (badness 1701) has occurred while \output is active [42]
Overfull \hbox (5.36743pt too wide) in paragraph at lines 1189--1190
[]\T5/cmr/bx/n/12 ChuĐn bā dú liŧu: \T5/cmr/m/n/12 mð file \T5/cmtt/m/n/12 outp
uts/cleaned/heart_disease_cleaned.csv \T5/cmr/m/n/12 trong

Package fancyhdr Warning: \headheight is too small (12.0pt): 
(fancyhdr)                Make it at least 17.97173pt, for example:
(fancyhdr)                \setlength{\headheight}{17.97173pt}.
(fancyhdr)                You might also make \topmargin smaller:
(fancyhdr)                \addtolength{\topmargin}{-5.97173pt}.

[43]
Underfull \hbox (badness 1466) in paragraph at lines 1202--1202
[]\T5/cmr/m/n/12 Hžnh 1.5: |Minh håa scat-ter plot tuęi v  nhāp tim tči ^^_a tr
ong Heart Dis-

Underfull \vbox (badness 10000) has occurred while \output is active [44 <../ou
tputs/figures/heart_disease_age_thalach_scatter.png>]
Underfull \vbox (badness 10000) has occurred while \output is active

Package fancyhdr Warning: \headheight is too small (12.0pt): 
(fancyhdr)                Make it at least 17.97173pt, for example:
(fancyhdr)                \setlength{\headheight}{17.97173pt}.
(fancyhdr)                You might also make \topmargin smaller:
(fancyhdr)                \addtolength{\topmargin}{-5.97173pt}.

[45 <../outputs/figures/excel_heart_age_thalach_scatter_preview.png>]
Underfull \hbox (badness 6625) in paragraph at lines 1260--1260
[]\T5/cmr/m/n/12 Hžnh 1.7: |Minh håa bar chart tĶn su§t loĪi ^^_au ngüc Heart D
is-ease

Underfull \hbox (badness 6300) in paragraph at lines 1260--1260
\T5/cmr/m/n/12 bŽng Python. Python source: \T5/cmtt/m/n/12 src/analyze_heart_di
sease.py\T5/cmr/m/n/12 ; fig-ure path:
[46 <../outputs/figures/heart_disease_chest_pain_bar.png>]
Underfull \vbox (badness 10000) has occurred while \output is active

Package fancyhdr Warning: \headheight is too small (12.0pt): 
(fancyhdr)                Make it at least 17.97173pt, for example:
(fancyhdr)                \setlength{\headheight}{17.97173pt}.
(fancyhdr)                You might also make \topmargin smaller:
(fancyhdr)                \addtolength{\topmargin}{-5.97173pt}.

[47 <../outputs/figures/excel_heart_cp_bar_preview.png>]
Underfull \hbox (badness 10000) in paragraph at lines 1288--1288
[]|\T5/cmr/m/n/10.95 Appliances En-ergy,

Underfull \hbox (badness 10000) in paragraph at lines 1288--1289
\T5/cmr/m/n/10.95 liŧu dao ^^_ëng

Underfull \hbox (badness 10000) in paragraph at lines 1289--1289
[]|\T5/cmr/m/n/10.95 Rolling

Underfull \hbox (badness 10000) in paragraph at lines 1289--1289
\T5/cmr/m/n/10.95 mean/Area

Underfull \hbox (badness 5274) in paragraph at lines 1289--1289
[]|\T5/cmr/m/n/10.95 Tiķu thö ^^_iŧn theo

Underfull \hbox (badness 10000) in paragraph at lines 1290--1290
[]|\T5/cmr/m/n/10.95 Confusion ma-

Underfull \hbox (badness 10000) in paragraph at lines 1290--1290
[]|\T5/cmr/m/n/10.95 Heart Dis-ease,

Underfull \hbox (badness 10000) in paragraph at lines 1290--1290
\T5/cmr/m/n/10.95 HAM10000, Breast

Underfull \hbox (badness 2698) in paragraph at lines 1290--1291
\T5/cmr/m/n/10.95 hu§n luyŧn; phö

Underfull \hbox (badness 10000) in paragraph at lines 1291--1291
[]|\T5/cmr/m/n/10.95 Prediction vs

Underfull \hbox (badness 10000) in paragraph at lines 1291--1292
[]|\T5/cmr/m/n/10.95 Khæng chŋ rã

Underfull \hbox (badness 2237) in paragraph at lines 1291--1292
\T5/cmr/m/n/10.95 nguyķn nhĨn sai

Underfull \hbox (badness 10000) in paragraph at lines 1292--1292
[]|\T5/cmr/m/n/10.95 Image

Underfull \hbox (badness 1406) in paragraph at lines 1292--1292
[]|\T5/cmr/m/n/10.95 Kišm tra ch§t lũņng

Underfull \vbox (badness 10000) has occurred while \output is active [48]
Underfull \vbox (badness 10000) has occurred while \output is active

Package fancyhdr Warning: \headheight is too small (12.0pt): 
(fancyhdr)                Make it at least 17.97173pt, for example:
(fancyhdr)                \setlength{\headheight}{17.97173pt}.
(fancyhdr)                You might also make \topmargin smaller:
(fancyhdr)                \addtolength{\topmargin}{-5.97173pt}.

[49] [50 <../outputs/figures/appliances_energy_daily_line.png> <../outputs/figu
res/excel_appliances_daily_line_preview.png>]
Underfull \hbox (badness 5022) in paragraph at lines 1414--1414
[]\T5/cmr/m/n/12 Hžnh 1.11: |Minh håa cor-re-la-tion heatmap: tũėng quan biļn t
rong Heart

Underfull \hbox (badness 10000) in paragraph at lines 1414--1414
\T5/cmr/m/n/12 Dis-ease. Python source: \T5/cmtt/m/n/12 src/analyze_heart_disea
se.py\T5/cmr/m/n/12 ; fig-ure path:

Package fancyhdr Warning: \headheight is too small (12.0pt): 
(fancyhdr)                Make it at least 17.97173pt, for example:
(fancyhdr)                \setlength{\headheight}{17.97173pt}.
(fancyhdr)                You might also make \topmargin smaller:
(fancyhdr)                \addtolength{\topmargin}{-5.97173pt}.

[51]
Underfull \vbox (badness 10000) has occurred while \output is active [52 <../ou
tputs/figures/heart_disease_correlation_heatmap.png>]
Underfull \hbox (badness 10000) in paragraph at lines 1440--1441
[]|\T5/cmr/m/n/10.95 PhĪm vi

Underfull \hbox (badness 2762) in paragraph at lines 1442--1442
\T5/cmr/m/n/10.95 thæ trong cōng mët

Underfull \hbox (badness 10000) in paragraph at lines 1442--1442
[]|\T5/cmr/m/n/10.95 Vøa th§y hžnh

Underfull \hbox (badness 6625) in paragraph at lines 1442--1442
\T5/cmr/m/n/10.95 dĪng phĨn phči,

Underfull \hbox (badness 8189) in paragraph at lines 1442--1442
\T5/cmr/m/n/10.95 me-dian/IQR, vøa

Underfull \hbox (badness 1596) in paragraph at lines 1442--1442
\T5/cmr/m/n/10.95 cĶn giĢi th―ch sü

Underfull \hbox (badness 10000) in paragraph at lines 1442--1442
\T5/cmr/m/n/10.95 nhi·u ho°c mĻu

Underfull \hbox (badness 1616) in paragraph at lines 1442--1442
\T5/cmr/m/n/10.95 quĄ lîn; cĶn chó

Underfull \hbox (badness 10000) in paragraph at lines 1442--1442
\T5/cmr/m/n/10.95 ^^_åc khæng quen

Underfull \hbox (badness 10000) in paragraph at lines 1442--1443
[]|\T5/cmr/m/n/10.95 So sĄnh

Underfull \hbox (badness 8151) in paragraph at lines 1442--1443
\T5/cmr/m/n/10.95 biļn ^^_ānh

Underfull \hbox (badness 10000) in paragraph at lines 1442--1443
\T5/cmr/m/n/10.95 lũņng

Underfull \hbox (badness 10000) in paragraph at lines 1442--1443
\T5/cmr/m/n/10.95 theo lîp:

Underfull \hbox (badness 2894) in paragraph at lines 1442--1443
\T5/cmtt/m/n/10.95 chol \T5/cmr/m/n/10.95 theo

Overfull \hbox (24.83623pt too wide) in paragraph at lines 1442--1443
\T5/cmtt/m/n/10.95 target_binary\T5/cmr/m/n/10.95 ,

Underfull \hbox (badness 10000) in paragraph at lines 1442--1443
\T5/cmr/m/n/10.95 ^^_ë sĄng

Underfull \hbox (badness 10000) in paragraph at lines 1442--1443
\T5/cmr/m/n/10.95 Ģnh

Overfull \hbox (0.90427pt too wide) in paragraph at lines 1442--1443
\T5/cmr/m/n/10.95 HAM10000

Underfull \hbox (badness 5119) in paragraph at lines 1443--1443
[]|\T5/cmr/m/n/10.95 Tiļt kiŧm khæng

Underfull \hbox (badness 10000) in paragraph at lines 1443--1443
\T5/cmr/m/n/10.95 ra dāch chuyšn

Underfull \hbox (badness 1616) in paragraph at lines 1443--1443
\T5/cmr/m/n/10.95 chįng lîp câ thš

Underfull \hbox (badness 10000) in paragraph at lines 1443--1444
[]|\T5/cmr/m/n/10.95 So sĄnh

Underfull \hbox (badness 1902) in paragraph at lines 1443--1444
\T5/cmr/m/n/10.95 phĨn phči

Overfull \hbox (4.55333pt too wide) in paragraph at lines 1443--1444
\T5/cmtt/m/n/10.95 Appliances

Underfull \hbox (badness 10000) in paragraph at lines 1443--1444
\T5/cmr/m/n/10.95 theo

Overfull \hbox (2.4247pt too wide) in paragraph at lines 1443--1444
\T5/cmr/m/n/10.95 thĄng/ng y

Underfull \hbox (badness 10000) in paragraph at lines 1443--1444
\T5/cmr/m/n/10.95 phči tuęi

Underfull \hbox (badness 10000) in paragraph at lines 1443--1444
\T5/cmr/m/n/10.95 theo lîp

Underfull \hbox (badness 1728) in paragraph at lines 1444--1444
[]|\T5/cmr/m/n/10.95 Chia m°t phŊng hai

Underfull \hbox (badness 7308) in paragraph at lines 1444--1444
[]|\T5/cmr/m/n/10.95 GiĢi quyļt over-

Underfull \hbox (badness 10000) in paragraph at lines 1444--1444
\T5/cmr/m/n/10.95 plot-ting tčt hėn

Underfull \hbox (badness 10000) in paragraph at lines 1444--1444
\T5/cmr/m/n/10.95 liŧu nhi·u ^^_išm;

Underfull \hbox (badness 10000) in paragraph at lines 1444--1445
[]|\T5/cmr/m/n/10.95 C°p biļn

Underfull \hbox (badness 10000) in paragraph at lines 1444--1445
\T5/cmr/m/n/10.95 ^^_ānh

Underfull \hbox (badness 3713) in paragraph at lines 1444--1445
\T5/cmr/m/n/10.95 lũņng d y

Underfull \hbox (badness 3792) in paragraph at lines 1444--1445
\T5/cmr/m/n/10.95 ^^_išm: \T5/cmtt/m/n/10.95 T1\T5/cmr/m/n/10.95 --

Overfull \hbox (7.59424pt too wide) in paragraph at lines 1444--1445
\T5/cmtt/m/n/10.95 Appliances\T5/cmr/m/n/10.95 ,

Underfull \hbox (badness 10000) in paragraph at lines 1444--1445
\T5/cmtt/m/n/10.95 age\T5/cmr/m/n/10.95 --

Underfull \hbox (badness 10000) in paragraph at lines 1444--1445
\T5/cmtt/m/n/10.95 thalach\T5/cmr/m/n/10.95 ,

Underfull \hbox (badness 4872) in paragraph at lines 1444--1445
\T5/cmr/m/n/10.95 ^^_°c trũng

Underfull \hbox (badness 10000) in paragraph at lines 1444--1445
\T5/cmr/m/n/10.95 Ģnh sč

Overfull \hbox (37.95447pt too wide) in paragraph at lines 1438--1447
 [][] 

Package fancyhdr Warning: \headheight is too small (12.0pt): 
(fancyhdr)                Make it at least 17.97173pt, for example:
(fancyhdr)                \setlength{\headheight}{17.97173pt}.
(fancyhdr)                You might also make \topmargin smaller:
(fancyhdr)                \addtolength{\topmargin}{-5.97173pt}.

[53 <../outputs/figures/excel_heart_corr_heatmap_preview.png>] [54]
Underfull \hbox (badness 6016) in paragraph at lines 1460--1460
[]\T5/cmr/m/n/12 Hžnh 1.13: |Minh håa ridge-line plot: phĨn phči \T5/cmtt/m/n/1
2 log1p(Appliances) \T5/cmr/m/n/12 theo

Underfull \hbox (badness 1968) in paragraph at lines 1460--1460
\T5/cmr/m/n/12 tøng thĄng. Python source: \T5/cmtt/m/n/12 src/analyze_appliance
s_energy.py\T5/cmr/m/n/12 ; fig-ure path:

Underfull \hbox (badness 10000) in paragraph at lines 1467--1467
[]\T5/cmr/m/n/12 Hžnh 1.14: |Phiķn bĢn Ex-cel ridge-line: phĨn phči \T5/cmtt/m/
n/12 log1p(Appliances)

Underfull \hbox (badness 10000) in paragraph at lines 1467--1467
\T5/cmr/m/n/12 theo thĄng, ren-der bŽng mat-plotlib nhũng dōng cōng tröc ho nh

Underfull \hbox (badness 10000) in paragraph at lines 1467--1467
\T5/cmr/m/n/12 (2.0--7.5) v  cōng danh sĄch thĄng nhũ Hžnh [][]1.13[][]. Ex-cel
 source:

Underfull \hbox (badness 10000) in paragraph at lines 1467--1467
\T5/cmtt/m/n/12 excel/excel_visualization_comparison.xlsx \T5/cmr/m/n/12 (sheet
 ``Ap-pli-ances Ridge-line'');

Underfull \vbox (badness 10000) has occurred while \output is active

Package fancyhdr Warning: \headheight is too small (12.0pt): 
(fancyhdr)                Make it at least 17.97173pt, for example:
(fancyhdr)                \setlength{\headheight}{17.97173pt}.
(fancyhdr)                You might also make \topmargin smaller:
(fancyhdr)                \addtolength{\topmargin}{-5.97173pt}.

[55 <../outputs/figures/appliances_energy_monthly_ridgeline.png>]
Overfull \hbox (45.98163pt too wide) in paragraph at lines 1482--1493
 [][] 

Underfull \vbox (badness 10000) has occurred while \output is active [56 <../ou
tputs/figures/excel_appliances_ridgeline_preview.png>]
Underfull \hbox (badness 2970) in paragraph at lines 1498--1498
[]\T5/cmr/m/n/12 Hžnh 1.15: |Cė sð thay thļ bŽng rain-cloud plot: ^^_ë sĄng Ģnh
 HAM10000

Underfull \hbox (badness 10000) in paragraph at lines 1498--1498
\T5/cmr/m/n/12 theo lîp. Python source: \T5/cmtt/m/n/12 src/analyze_ham10000.py
\T5/cmr/m/n/12 ; fig-ure path:

Underfull \hbox (badness 3780) in paragraph at lines 1505--1505
[]\T5/cmr/m/n/12 Hžnh 1.16: |Cė sð thay thļ bŽng hexbin plot: tuęi v  nhāp tim 
tči ^^_a

Underfull \vbox (badness 10000) has occurred while \output is active

Package fancyhdr Warning: \headheight is too small (12.0pt): 
(fancyhdr)                Make it at least 17.97173pt, for example:
(fancyhdr)                \setlength{\headheight}{17.97173pt}.
(fancyhdr)                You might also make \topmargin smaller:
(fancyhdr)                \addtolength{\topmargin}{-5.97173pt}.

[57 <../outputs/figures/ham10000_mean_intensity_boxplot.png>]
Underfull \vbox (badness 10000) has occurred while \output is active [58]

Package fancyhdr Warning: \headheight is too small (12.0pt): 
(fancyhdr)                Make it at least 17.97173pt, for example:
(fancyhdr)                \setlength{\headheight}{17.97173pt}.
(fancyhdr)                You might also make \topmargin smaller:
(fancyhdr)                \addtolength{\topmargin}{-5.97173pt}.

[59]
Overfull \hbox (18.53754pt too wide) in paragraph at lines 1580--1580
[]|\T5/cmr/m/n/10.95 Mean/median/mode

Underfull \hbox (badness 6428) in paragraph at lines 1580--1580
\T5/cmr/m/n/10.95 miss-ing l  t―n hiŧu

Underfull \hbox (badness 10000) in paragraph at lines 1580--1581
[]|\T5/cmtt/m/n/10.95 ca\T5/cmr/m/n/10.95 , \T5/cmtt/m/n/10.95 thal \T5/cmr/m/n
/10.95 trong

Underfull \hbox (badness 10000) in paragraph at lines 1581--1581
[]|\T5/cmr/m/n/10.95 Chuéi thíi gian câ

Underfull \hbox (badness 1142) in paragraph at lines 1581--1582
[]|\T5/cmr/m/n/10.95 CĢm biļn Ap-pli-

Underfull \hbox (badness 10000) in paragraph at lines 1582--1583
[]|\T5/cmr/m/n/10.95 ^^^ë sĄng Ģnh

Underfull \hbox (badness 3189) in paragraph at lines 1583--1583
[]|\T5/cmr/m/n/10.95 SVM, Lo-gis-tic Re-gres-

Underfull \hbox (badness 7649) in paragraph at lines 1583--1584
[]|\T5/cmr/m/n/10.95 CĄc biļn Heart

Overfull \hbox (3.75508pt too wide) in paragraph at lines 1584--1585
[]|\T5/cmtt/m/n/10.95 Appliances_log1p| 

Overfull \hbox (3.89551pt too wide) in paragraph at lines 1576--1588
 [][] 

Underfull \vbox (badness 10000) has occurred while \output is active [60]

Package fancyhdr Warning: \headheight is too small (12.0pt): 
(fancyhdr)                Make it at least 17.97173pt, for example:
(fancyhdr)                \setlength{\headheight}{17.97173pt}.
(fancyhdr)                You might also make \topmargin smaller:
(fancyhdr)                \addtolength{\topmargin}{-5.97173pt}.

[61]
Underfull \hbox (badness 10000) in paragraph at lines 1613--1613
[]|\T5/cmr/m/n/10.95 Dú liŧu câ bao nhiķu

Underfull \hbox (badness 1565) in paragraph at lines 1637--1638
[]|\T5/cmr/m/n/10.95 Nhžn ^^_ũņc dĪng lŧch, nhi·u

Underfull \vbox (badness 10000) has occurred while \output is active [62]

Package fancyhdr Warning: \headheight is too small (12.0pt): 
(fancyhdr)                Make it at least 17.97173pt, for example:
(fancyhdr)                \setlength{\headheight}{17.97173pt}.
(fancyhdr)                You might also make \topmargin smaller:
(fancyhdr)                \addtolength{\topmargin}{-5.97173pt}.

[63] [64]
Underfull \hbox (badness 10000) in paragraph at lines 1723--1723
[]\T5/cmr/m/n/12 Hžnh 1.17: |V― dö his-togram tuęi trũîc/sau xû lþ trķn Heart D
is-

Underfull \hbox (badness 10000) in paragraph at lines 1723--1723
\T5/cmr/m/n/12 ease. Python source: \T5/cmtt/m/n/12 src/analyze_heart_disease.p
y\T5/cmr/m/n/12 ; fig-ure path:

Underfull \hbox (badness 6658) in paragraph at lines 1730--1730
[]\T5/cmr/m/n/12 Hžnh 1.18: |V― dö box-plot choles-terol theo nhĒn bŧnh trķn He
art Dis-

Underfull \hbox (badness 10000) in paragraph at lines 1730--1730
\T5/cmr/m/n/12 ease. Python source: \T5/cmtt/m/n/12 src/analyze_heart_disease.p
y\T5/cmr/m/n/12 ; fig-ure path:

Underfull \vbox (badness 10000) has occurred while \output is active

Package fancyhdr Warning: \headheight is too small (12.0pt): 
(fancyhdr)                Make it at least 17.97173pt, for example:
(fancyhdr)                \setlength{\headheight}{17.97173pt}.
(fancyhdr)                You might also make \topmargin smaller:
(fancyhdr)                \addtolength{\topmargin}{-5.97173pt}.

[65 <../outputs/figures/heart_disease_age_raw_vs_cleaned.png>]
Underfull \hbox (badness 10000) in paragraph at lines 1741--1741
[]\T5/cmr/m/n/12 Hžnh 1.19: |V― dö scat-ter plot age v  tha-lach trķn Heart Dis
-

Underfull \hbox (badness 10000) in paragraph at lines 1741--1741
\T5/cmr/m/n/12 ease. Python source: \T5/cmtt/m/n/12 src/analyze_heart_disease.p
y\T5/cmr/m/n/12 ; fig-ure path:

Underfull \vbox (badness 10000) has occurred while \output is active [66]
Underfull \hbox (badness 10000) in paragraph at lines 1748--1748
[]\T5/cmr/m/n/12 Hžnh 1.20: |V― dö cor-re-la-tion heatmap trķn Heart Dis-ease.

Underfull \hbox (badness 10000) in paragraph at lines 1748--1748
\T5/cmr/m/n/12 Python source: \T5/cmtt/m/n/12 src/analyze_heart_disease.py\T5/c
mr/m/n/12 ; fig-ure path:

Underfull \vbox (badness 10000) has occurred while \output is active

Package fancyhdr Warning: \headheight is too small (12.0pt): 
(fancyhdr)                Make it at least 17.97173pt, for example:
(fancyhdr)                \setlength{\headheight}{17.97173pt}.
(fancyhdr)                You might also make \topmargin smaller:
(fancyhdr)                \addtolength{\topmargin}{-5.97173pt}.

[67]) (parts/chapter2_datasets.tex [68]
Ch\uhorn \ohorn ng 2.

Overfull \hbox (28.94672pt too wide) in paragraph at lines 1--1
|\T5/cmr/m/sc/24.88 THU THP, MÆ T V TĘNG QUAN
(main.ptc) [69]
Underfull \hbox (badness 5548) in paragraph at lines 39--39
[]|\T5/cmr/m/n/10.95 TĶn su§t biļn sųc

Underfull \hbox (badness 10000) in paragraph at lines 40--40
[]|\T5/cmr/m/n/10.95 Histogram, box-plot,

Underfull \hbox (badness 10000) in paragraph at lines 41--42
[]|\T5/cmr/m/n/10.95 Regression/time-

Underfull \hbox (badness 6220) in paragraph at lines 42--42
[]|\T5/cmr/m/n/10.95 PhĨn phči ac-tiv-ity,

Underfull \hbox (badness 2080) in paragraph at lines 44--44
[]|\T5/cmr/m/n/10.95 PhĨn phči lîp, ^^_°c

Underfull \hbox (badness 10000) in paragraph at lines 44--45
[]|\T5/cmr/m/n/10.95 Image clas-si-fi-ca-tion,
[70]
Underfull \hbox (badness 1902) in paragraph at lines 64--64
[]|\T5/cmr/m/n/10.95 Minh chųng ^^_Ąp

Underfull \hbox (badness 10000) in paragraph at lines 64--65
[]|\T5/cmr/m/n/10.95 Artifact trong

Underfull \hbox (badness 10000) in paragraph at lines 66--66
[]|\T5/cmr/m/n/10.95 13 fea-ture, 303

Overfull \hbox (52.80862pt too wide) in paragraph at lines 66--67
[]|\T5/cmtt/m/n/10.95 datasets/heart+disease/| 

Overfull \hbox (196.49187pt too wide) in paragraph at lines 67--68
[]|\T5/cmtt/m/n/10.95 datasets/uci_891_cdc_diabetes_health_indicators/| 

Underfull \hbox (badness 10000) in paragraph at lines 68--68
[]|\T5/cmr/m/n/10.95 30 fea-ture, 569

Overfull \hbox (173.50255pt too wide) in paragraph at lines 68--69
[]|\T5/cmtt/m/n/10.95 datasets/breast+cancer+wisconsin+diagnostic/| 

Underfull \hbox (badness 1490) in paragraph at lines 69--69
[]|\T5/cmr/m/n/10.95 B -- chuéi/cĢm

Underfull \hbox (badness 4492) in paragraph at lines 69--69
[]|\T5/cmr/m/n/10.95 Appliances En-

Underfull \hbox (badness 10000) in paragraph at lines 69--69
[]|\T5/cmr/m/n/10.95 19735 mĻu, câ

Overfull \hbox (139.01857pt too wide) in paragraph at lines 69--70
[]|\T5/cmtt/m/n/10.95 datasets/appliances+energy+prediction/| 

Underfull \hbox (badness 1490) in paragraph at lines 70--70
[]|\T5/cmr/m/n/10.95 B -- chuéi/cĢm

Underfull \hbox (badness 4940) in paragraph at lines 70--70
[]|\T5/cmr/m/n/10.95 10299 mĻu cĢm

Overfull \hbox (127.52391pt too wide) in paragraph at lines 70--71
[]|\T5/cmtt/m/n/10.95 datasets/human+activity+recognition/| 

Underfull \hbox (badness 1490) in paragraph at lines 71--71
[]|\T5/cmr/m/n/10.95 B -- chuéi/cĢm

Overfull \hbox (64.30328pt too wide) in paragraph at lines 71--72
[]|\T5/cmtt/m/n/10.95 datasets/mhealth+dataset/| 

Underfull \hbox (badness 10000) in paragraph at lines 72--72
[]|\T5/cmr/m/n/10.95 10015

Overfull \hbox (127.52391pt too wide) in paragraph at lines 72--73
[]|\T5/cmtt/m/n/10.95 datasets/skin-cancer-mnist-ham10000/| 

Underfull \hbox (badness 4060) in paragraph at lines 73--73
[]|$\OMS/cmsy/m/n/10.95 ^^U \OT1/cmr/m/n/10.95 1000$ \T5/cmr/m/n/10.95 vŦn

Overfull \hbox (52.80862pt too wide) in paragraph at lines 73--74
[]|\T5/cmtt/m/n/10.95 datasets/reuters-21578/| 

Overfull \hbox (15.88878pt too wide) in paragraph at lines 62--76
 [][] 

Underfull \vbox (badness 10000) has occurred while \output is active

Package fancyhdr Warning: \headheight is too small (12.0pt): 
(fancyhdr)                Make it at least 17.97173pt, for example:
(fancyhdr)                \setlength{\headheight}{17.97173pt}.
(fancyhdr)                You might also make \topmargin smaller:
(fancyhdr)                \addtolength{\topmargin}{-5.97173pt}.

[71]
Underfull \vbox (badness 10000) has occurred while \output is active [72]

Package fancyhdr Warning: \headheight is too small (12.0pt): 
(fancyhdr)                Make it at least 17.97173pt, for example:
(fancyhdr)                \setlength{\headheight}{17.97173pt}.
(fancyhdr)                You might also make \topmargin smaller:
(fancyhdr)                \addtolength{\topmargin}{-5.97173pt}.

[73]
Underfull \hbox (badness 10000) in paragraph at lines 186--186
\T5/cmr/m/n/12 fig-ure paths: \T5/cmtt/m/n/12 outputs/figures/heart_disease_tar
get_distribution.png\T5/cmr/m/n/12 ,

Underfull \vbox (badness 10000) has occurred while \output is active [74]

Package fancyhdr Warning: \headheight is too small (12.0pt): 
(fancyhdr)                Make it at least 17.97173pt, for example:
(fancyhdr)                \setlength{\headheight}{17.97173pt}.
(fancyhdr)                You might also make \topmargin smaller:
(fancyhdr)                \addtolength{\topmargin}{-5.97173pt}.

[75 <../outputs/figures/heart_disease_target_distribution.png>]
Underfull \vbox (badness 6927) has occurred while \output is active [76]
Underfull \hbox (badness 10000) in paragraph at lines 252--252
[]\T5/cmr/m/n/12 Hžnh 2.2: |Minh håa CDC Di-a-betes Health In-di-ca-tors.

Underfull \hbox (badness 10000) in paragraph at lines 252--252
\T5/cmr/m/n/12 Python source: \T5/cmtt/m/n/12 src/analyze_cdc_diabetes.py\T5/cm
r/m/n/12 ; fig-ure paths:

Underfull \hbox (badness 10000) in paragraph at lines 252--252
\T5/cmtt/m/n/12 outputs/figures/cdc_diabetes_target_distribution.png\T5/cmr/m/n
/12 ,

Underfull \hbox (badness 5175) in paragraph at lines 252--252
\T5/cmtt/m/n/12 outputs/figures/cdc_diabetes_selected_histograms.png\T5/cmr/m/n
/12 . BĢng minh chųng

Underfull \hbox (badness 10000) in paragraph at lines 252--252
\T5/cmr/m/n/12 bę sung: \T5/cmtt/m/n/12 outputs/tables/cdc_diabetes_preprocessi
ng_comparison.csv\T5/cmr/m/n/12 ,

Underfull \vbox (badness 10000) has occurred while \output is active

Package fancyhdr Warning: \headheight is too small (12.0pt): 
(fancyhdr)                Make it at least 17.97173pt, for example:
(fancyhdr)                \setlength{\headheight}{17.97173pt}.
(fancyhdr)                You might also make \topmargin smaller:
(fancyhdr)                \addtolength{\topmargin}{-5.97173pt}.

[77] [78 <../outputs/figures/cdc_diabetes_target_distribution.png> <../outputs/
figures/cdc_diabetes_selected_histograms.png>]
Underfull \vbox (badness 10000) has occurred while \output is active

Package fancyhdr Warning: \headheight is too small (12.0pt): 
(fancyhdr)                Make it at least 17.97173pt, for example:
(fancyhdr)                \setlength{\headheight}{17.97173pt}.
(fancyhdr)                You might also make \topmargin smaller:
(fancyhdr)                \addtolength{\topmargin}{-5.97173pt}.

[79]
Underfull \hbox (badness 10000) in paragraph at lines 318--318
[]\T5/cmr/m/n/12 Hžnh 2.3: |Minh håa c§u tróc sč cõa Breast Can-cer Wis-con-sin
 Di-

Underfull \hbox (badness 10000) in paragraph at lines 318--318
\T5/cmr/m/n/12 ag-nos-tic. Python source: \T5/cmtt/m/n/12 src/analyze_tabular_h
ealth.py\T5/cmr/m/n/12 ; fig-ure

Underfull \hbox (badness 10000) in paragraph at lines 318--318
\T5/cmr/m/n/12 paths: \T5/cmtt/m/n/12 outputs/figures/breast_cancer_selected_hi
stograms.png\T5/cmr/m/n/12 ,

Underfull \vbox (badness 10000) has occurred while \output is active [80]
Underfull \vbox (badness 10000) has occurred while \output is active

Package fancyhdr Warning: \headheight is too small (12.0pt): 
(fancyhdr)                Make it at least 17.97173pt, for example:
(fancyhdr)                \setlength{\headheight}{17.97173pt}.
(fancyhdr)                You might also make \topmargin smaller:
(fancyhdr)                \addtolength{\topmargin}{-5.97173pt}.

[81 <../outputs/figures/breast_cancer_selected_histograms.png> <../outputs/figu
res/breast_cancer_correlation_heatmap.png>]
Underfull \hbox (badness 2865) in paragraph at lines 339--340
[]|\T5/cmr/m/n/10.95 Þ nghūa chuéi thíi

Underfull \hbox (badness 6608) in paragraph at lines 343--343
[]|\T5/cmr/m/n/10.95 Log cĢm biļn

Underfull \hbox (badness 4454) in paragraph at lines 343--344
\T5/cmr/m/n/10.95 th nh cûa sę hoĪt
[82]
Underfull \hbox (badness 10000) in paragraph at lines 390--390
[]\T5/cmr/m/n/12 Hžnh 2.4: |Minh håa ^^_°c trũng chuéi thíi gian cõa Ap-pli-anc
es

Underfull \hbox (badness 10000) in paragraph at lines 390--390
\T5/cmr/m/n/12 En-ergy. Python source: \T5/cmtt/m/n/12 src/analyze_appliances_e
nergy.py\T5/cmr/m/n/12 ; fig-

Underfull \hbox (badness 10000) in paragraph at lines 390--390
\T5/cmr/m/n/12 ure paths: \T5/cmtt/m/n/12 outputs/figures/appliances_energy_dai
ly_line.png\T5/cmr/m/n/12 ,

Underfull \vbox (badness 10000) has occurred while \output is active

Package fancyhdr Warning: \headheight is too small (12.0pt): 
(fancyhdr)                Make it at least 17.97173pt, for example:
(fancyhdr)                \setlength{\headheight}{17.97173pt}.
(fancyhdr)                You might also make \topmargin smaller:
(fancyhdr)                \addtolength{\topmargin}{-5.97173pt}.

[83]
Underfull \vbox (badness 1163) has occurred while \output is active [84 <../out
puts/figures/appliances_energy_distribution_raw_vs_log.png>]
Overfull \hbox (10.97159pt too wide) in paragraph at lines 432--443
 [][] 

Underfull \vbox (badness 10000) has occurred while \output is active

Package fancyhdr Warning: \headheight is too small (12.0pt): 
(fancyhdr)                Make it at least 17.97173pt, for example:
(fancyhdr)                \setlength{\headheight}{17.97173pt}.
(fancyhdr)                You might also make \topmargin smaller:
(fancyhdr)                \addtolength{\topmargin}{-5.97173pt}.

[85]
Underfull \hbox (badness 10000) in paragraph at lines 460--460
[]\T5/cmr/m/n/12 Hžnh 2.5: |Minh håa Hu-man Ac-tiv-ity Recog-ni-tion Us-

Underfull \hbox (badness 10000) in paragraph at lines 460--460
\T5/cmr/m/n/12 ing Smart-phones. Python source: \T5/cmtt/m/n/12 src/analyze_har
.py\T5/cmr/m/n/12 ; fig-

Underfull \hbox (badness 10000) in paragraph at lines 460--460
\T5/cmr/m/n/12 ure paths: \T5/cmtt/m/n/12 outputs/figures/har_activity_distribu
tion.png\T5/cmr/m/n/12 ,

Underfull \vbox (badness 10000) has occurred while \output is active [86]
Underfull \vbox (badness 10000) has occurred while \output is active

Package fancyhdr Warning: \headheight is too small (12.0pt): 
(fancyhdr)                Make it at least 17.97173pt, for example:
(fancyhdr)                \setlength{\headheight}{17.97173pt}.
(fancyhdr)                You might also make \topmargin smaller:
(fancyhdr)                \addtolength{\topmargin}{-5.97173pt}.

[87 <../outputs/figures/har_activity_distribution.png> <../outputs/figures/har_
selected_feature_boxplot.png>]
Underfull \hbox (badness 10000) in paragraph at lines 522--522
\T5/cmr/m/n/12 fig-ure paths: \T5/cmtt/m/n/12 outputs/figures/mhealth_activity_
distribution.png\T5/cmr/m/n/12 ,

Underfull \vbox (badness 1430) has occurred while \output is active [88]
Underfull \vbox (badness 10000) has occurred while \output is active

Package fancyhdr Warning: \headheight is too small (12.0pt): 
(fancyhdr)                Make it at least 17.97173pt, for example:
(fancyhdr)                \setlength{\headheight}{17.97173pt}.
(fancyhdr)                You might also make \topmargin smaller:
(fancyhdr)                \addtolength{\topmargin}{-5.97173pt}.

[89 <../outputs/figures/mhealth_activity_distribution.png> <../outputs/figures/
mhealth_sensor_boxplot.png>]
Underfull \hbox (badness 5388) in paragraph at lines 539--540
[]|\T5/cmr/m/n/10.95 ^^^°c trũng tr―ch

Underfull \hbox (badness 10000) in paragraph at lines 541--542
[]|\T5/cmr/m/n/10.95 width, height,

Underfull \hbox (badness 10000) in paragraph at lines 541--542
\T5/cmr/m/n/10.95 mean/std in-ten-

Overfull \hbox (7.07326pt too wide) in paragraph at lines 537--545
 [][] 

Underfull \hbox (badness 10000) in paragraph at lines 556--556
[]|\T5/cmr/m/n/10.95 CNN, trans-

Underfull \hbox (badness 10000) in paragraph at lines 556--556
\T5/cmr/m/n/10.95 fer learn-ing

Underfull \hbox (badness 10000) in paragraph at lines 557--557
[]|\T5/cmr/m/n/10.95 Bag-of-words, TF-

Underfull \hbox (badness 1009) in paragraph at lines 557--557
\T5/cmr/m/n/10.95 IDF, n-gram, chån

Underfull \hbox (badness 10000) in paragraph at lines 557--557
[]|\T5/cmr/m/n/10.95 Embedding,

Underfull \hbox (badness 10000) in paragraph at lines 557--557
\T5/cmr/m/n/10.95 CNN/RNN, Trans-

Overfull \hbox (1.29706pt too wide) in paragraph at lines 566--567
[]\T5/cmr/bx/n/12 Trũíng dú liŧu v  phĨn phči. \T5/cmr/m/n/12 Meta-data gįm \T5
/cmtt/m/n/12 lesion_id\T5/cmr/m/n/12 , \T5/cmtt/m/n/12 image_id\T5/cmr/m/n/12 ,
 \T5/cmtt/m/n/12 dx\T5/cmr/m/n/12 , \T5/cmtt/m/n/12 dx_type\T5/cmr/m/n/12 ,
[90]
Overfull \hbox (2.09274pt too wide) in paragraph at lines 568--569
[]\T5/cmr/bx/n/12 Tęng quan b i bĄo liķn quan. \T5/cmr/m/n/12 Tschandl, Rosenda
hl v  Kit-tler cæng bč HAM10000

Underfull \hbox (badness 10000) in paragraph at lines 624--624
[]\T5/cmr/m/n/12 Hžnh 2.7: |Minh håa phĨn t―ch dú liŧu Ģnh HAM10000 sau

Underfull \hbox (badness 10000) in paragraph at lines 624--624
\T5/cmr/m/n/12 khi sč hâa. Python source: \T5/cmtt/m/n/12 src/analyze_ham10000.
py\T5/cmr/m/n/12 ; fig-

Underfull \hbox (badness 10000) in paragraph at lines 624--624
\T5/cmr/m/n/12 ure paths: \T5/cmtt/m/n/12 outputs/figures/ham10000_class_distri
bution.png\T5/cmr/m/n/12 ,

Underfull \vbox (badness 10000) has occurred while \output is active

Package fancyhdr Warning: \headheight is too small (12.0pt): 
(fancyhdr)                Make it at least 17.97173pt, for example:
(fancyhdr)                \setlength{\headheight}{17.97173pt}.
(fancyhdr)                You might also make \topmargin smaller:
(fancyhdr)                \addtolength{\topmargin}{-5.97173pt}.

[91] [92 <../outputs/figures/ham10000_class_distribution.png>]
Underfull \vbox (badness 4429) has occurred while \output is active

Package fancyhdr Warning: \headheight is too small (12.0pt): 
(fancyhdr)                Make it at least 17.97173pt, for example:
(fancyhdr)                \setlength{\headheight}{17.97173pt}.
(fancyhdr)                You might also make \topmargin smaller:
(fancyhdr)                \addtolength{\topmargin}{-5.97173pt}.

[93]
Underfull \hbox (badness 10000) in paragraph at lines 692--692
[]\T5/cmr/m/n/12 Hžnh 2.8: |Minh håa Reuters-21578 sau khi parse

Underfull \hbox (badness 10000) in paragraph at lines 692--692
\T5/cmr/m/n/12 SGML. Python source: \T5/cmtt/m/n/12 src/analyze_reuters.py\T5/c
mr/m/n/12 ; fig-

Underfull \hbox (badness 10000) in paragraph at lines 692--692
\T5/cmr/m/n/12 ure paths: \T5/cmtt/m/n/12 outputs/figures/reuters_top_topics.pn
g\T5/cmr/m/n/12 ,

Underfull \vbox (badness 10000) has occurred while \output is active [94]
Underfull \hbox (badness 10000) in paragraph at lines 707--707
[]|\T5/cmr/m/n/10.95 Mæ hžnh xĄc su§t,

Underfull \hbox (badness 10000) in paragraph at lines 707--708
[]|\T5/cmr/m/n/10.95 Benchmark lĨm

Underfull \hbox (badness 3872) in paragraph at lines 707--708
\T5/cmr/m/n/10.95 s ng; base-line RF

Underfull \hbox (badness 3396) in paragraph at lines 708--709
[]|\T5/cmr/m/n/10.95 Dú liŧu khĢo sĄt

Underfull \hbox (badness 8151) in paragraph at lines 709--710
\T5/cmr/m/n/10.95 phĨn tĄch mĪnh;

Underfull \hbox (badness 10000) in paragraph at lines 710--711
[]|\T5/cmr/m/n/10.95 Forecasting cĶn

Underfull \hbox (badness 4001) in paragraph at lines 710--711
\T5/cmr/m/n/10.95 ^^_Ķu RMSE 89.40,

Overfull \hbox (6.526pt too wide) in paragraph at lines 711--711
[]|\T5/cmr/m/n/10.95 HAR/MHEALTH| 

Overfull \hbox (16.65219pt too wide) in paragraph at lines 712--712
[]|\T5/cmr/m/n/10.95 HAM10000/Reuters| 

Underfull \hbox (badness 10000) in paragraph at lines 712--712
[]|\T5/cmr/m/n/10.95 Tschandl, Es-teva;

Underfull \hbox (badness 10000) in paragraph at lines 712--713
[]|\T5/cmr/m/n/10.95 Multimedia cĶn

Underfull \hbox (badness 10000) in paragraph at lines 712--713
\T5/cmr/m/n/10.95 tr―ch ^^_°c trũng;

Package fancyhdr Warning: \headheight is too small (12.0pt): 
(fancyhdr)                Make it at least 17.97173pt, for example:
(fancyhdr)                \setlength{\headheight}{17.97173pt}.
(fancyhdr)                You might also make \topmargin smaller:
(fancyhdr)                \addtolength{\topmargin}{-5.97173pt}.

[95 <../outputs/figures/reuters_top_topics.png> <../outputs/figures/reuters_wor
d_count_histogram.png>] [96]
Underfull \hbox (badness 10000) in paragraph at lines 758--758
[]|\T5/cmr/m/n/10.95 VŦn bĢn d i/ng­n b§t

Underfull \hbox (badness 3907) in paragraph at lines 778--778
[]|\T5/cmr/m/n/10.95 Thčng kķ, his-togram,

Underfull \hbox (badness 2932) in paragraph at lines 780--780
[]|\T5/cmr/m/n/10.95 Dú liŧu bĢng y

Underfull \hbox (badness 10000) in paragraph at lines 780--780
[]|\T5/cmr/m/n/10.95 Histogram, heatmap,

Underfull \hbox (badness 10000) in paragraph at lines 781--781
[]|\T5/cmr/m/n/10.95 Line chart, log-

Overfull \hbox (27.26132pt too wide) in paragraph at lines 782--783
[]|\T5/cmr/m/n/10.95 Clustering/classification| 

Underfull \hbox (badness 10000) in paragraph at lines 783--783
[]|\T5/cmr/m/n/10.95 Chuéi/cĢm biļn

Overfull \hbox (27.26132pt too wide) in paragraph at lines 783--784
[]|\T5/cmr/m/n/10.95 Clustering/classification| 

Underfull \hbox (badness 10000) in paragraph at lines 784--785
[]|\T5/cmr/m/n/10.95 Image clas-si-fi-ca-

Underfull \vbox (badness 10000) has occurred while \output is active

Package fancyhdr Warning: \headheight is too small (12.0pt): 
(fancyhdr)                Make it at least 17.97173pt, for example:
(fancyhdr)                \setlength{\headheight}{17.97173pt}.
(fancyhdr)                You might also make \topmargin smaller:
(fancyhdr)                \addtolength{\topmargin}{-5.97173pt}.

[97]) (parts/chapter3_statistics_visualization.tex [98]

Package fancyhdr Warning: \headheight is too small (12.0pt): 
(fancyhdr)                Make it at least 17.97173pt, for example:
(fancyhdr)                \setlength{\headheight}{17.97173pt}.
(fancyhdr)                You might also make \topmargin smaller:
(fancyhdr)                \addtolength{\topmargin}{-5.97173pt}.

[99] [100]
Ch\uhorn \ohorn ng 3.
(main.ptc) [101]
Underfull \vbox (badness 10000) has occurred while \output is active [102]

Package fancyhdr Warning: \headheight is too small (12.0pt): 
(fancyhdr)                Make it at least 34.92618pt, for example:
(fancyhdr)                \setlength{\headheight}{34.92618pt}.
(fancyhdr)                You might also make \topmargin smaller:
(fancyhdr)                \addtolength{\topmargin}{-22.92618pt}.

[103]
Underfull \hbox (badness 2809) in paragraph at lines 98--98
[]|\T5/cmr/m/n/8 Vģ his- 

Overfull \hbox (25.08325pt too wide) in paragraph at lines 98--98
\T5/cmr/m/n/8 togram/boxplot/scatter/bar/line|  

Underfull \hbox (badness 6412) in paragraph at lines 98--98
[]|\T5/cmr/m/n/8 Workbook 

Overfull \hbox (41.9008pt too wide) in paragraph at lines 98--98
\T5/cmtt/m/n/8 excel/excel_visualization_comparison.xlsx|  

Overfull \hbox (8.71652pt too wide) in paragraph at lines 119--119
[]|\T5/cmtt/m/n/8 src/analyze_heart_disease.py|  

Overfull \hbox (20.01408pt too wide) in paragraph at lines 119--119
[]|\T5/cmtt/m/n/8 outputs/tables/heart_disease_summary.csv|  

Overfull \hbox (12.96548pt too wide) in paragraph at lines 119--119
[]|\T5/cmtt/m/n/8 src/analyze_tabular_health.py|  

Overfull \hbox (25.71237pt too wide) in paragraph at lines 119--119
[]|\T5/cmtt/m/n/8 src/analyze_appliances_energy.py|  

Overfull \hbox (37.00993pt too wide) in paragraph at lines 119--119
[]|\T5/cmtt/m/n/8 outputs/tables/appliances_energy_summary.csv|  

Overfull \hbox (52.11736pt too wide) in paragraph at lines 119--119
[]|\T5/cmtt/m/n/8 outputs/tables/har_feature_summary_extended.csv\T5/cmr/m/n/8 
, 

Overfull \hbox (3.93542pt too wide) in paragraph at lines 119--119
[]|\T5/cmr/m/n/8 HAM10000/Reuters|  

Overfull \hbox (34.2103pt too wide) in paragraph at lines 119--119
[]|\T5/cmtt/m/n/8 src/create_excel_visualizations.py|  

Overfull \hbox (24.26305pt too wide) in paragraph at lines 119--119
[]|\T5/cmtt/m/n/8 excel/excel_visualization_comparison.xlsx|  
[104]
Underfull \hbox (badness 10000) in paragraph at lines 171--171
[]\T5/cmr/m/n/12 BĢng 3.6: |Thčng kķ mæ tĢ mët sč biļn Heart Dis-ease sau ti·n

Underfull \hbox (badness 10000) in paragraph at lines 171--171
\T5/cmr/m/n/12 xû lþ. Source: \T5/cmtt/m/n/12 outputs/tables/heart_disease_summ
ary.csv\T5/cmr/m/n/12 ; code:

Package fancyhdr Warning: \headheight is too small (12.0pt): 
(fancyhdr)                Make it at least 34.92618pt, for example:
(fancyhdr)                \setlength{\headheight}{34.92618pt}.
(fancyhdr)                You might also make \topmargin smaller:
(fancyhdr)                \addtolength{\topmargin}{-22.92618pt}.

[105]
Underfull \hbox (badness 10000) in paragraph at lines 195--195
[]\T5/cmr/m/n/12 BĢng 3.7: |BĢng tĶn su§t biļn \T5/cmtt/m/n/12 cp \T5/cmr/m/n/1
2 trong Heart Dis-ease.

Underfull \hbox (badness 10000) in paragraph at lines 195--195
\T5/cmr/m/n/12 Source: \T5/cmtt/m/n/12 outputs/tables/heart_disease_frequency_c
p.csv\T5/cmr/m/n/12 ; code:

Underfull \hbox (badness 10000) in paragraph at lines 217--217
[]\T5/cmr/m/n/12 Hžnh 3.1: |Bar chart tĶn su§t loĪi ^^_au ngüc Heart Dis-

Underfull \hbox (badness 10000) in paragraph at lines 217--217
\T5/cmr/m/n/12 ease. Python source: \T5/cmtt/m/n/12 src/analyze_heart_disease.p
y\T5/cmr/m/n/12 ; fig-ure path:
[106]
Underfull \hbox (badness 10000) in paragraph at lines 233--233
[]\T5/cmr/m/n/12 BĢng 3.8: |nh hũðng cõa ti·n xû lþ trķn Heart Dis-ease. Sourc
e:

Underfull \hbox (badness 10000) in paragraph at lines 233--233
\T5/cmtt/m/n/12 outputs/tables/heart_disease_preprocessing_comparison.csv\T5/cm
r/m/n/12 ; code:

Underfull \hbox (badness 10000) in paragraph at lines 268--268
[]\T5/cmr/m/n/12 Hžnh 3.2: |Kišm tra phĨn phči v  out-lier trķn Heart Dis-

Underfull \hbox (badness 10000) in paragraph at lines 268--268
\T5/cmr/m/n/12 ease. Python source: \T5/cmtt/m/n/12 src/analyze_heart_disease.p
y\T5/cmr/m/n/12 ; fig-ure

Underfull \hbox (badness 10000) in paragraph at lines 268--268
\T5/cmr/m/n/12 paths: \T5/cmtt/m/n/12 outputs/figures/heart_disease_age_raw_vs_
cleaned.png\T5/cmr/m/n/12 ,

Underfull \vbox (badness 10000) has occurred while \output is active

Package fancyhdr Warning: \headheight is too small (12.0pt): 
(fancyhdr)                Make it at least 34.92618pt, for example:
(fancyhdr)                \setlength{\headheight}{34.92618pt}.
(fancyhdr)                You might also make \topmargin smaller:
(fancyhdr)                \addtolength{\topmargin}{-22.92618pt}.

[107]
Underfull \hbox (badness 10000) in paragraph at lines 299--299
[]\T5/cmr/m/n/12 Hžnh 3.3: |PhĨn t―ch quan hŧ ^^_a biļn trķn Heart Dis-

Underfull \hbox (badness 10000) in paragraph at lines 299--299
\T5/cmr/m/n/12 ease. Python source: \T5/cmtt/m/n/12 src/analyze_heart_disease.p
y\T5/cmr/m/n/12 ; fig-ure

Underfull \hbox (badness 10000) in paragraph at lines 299--299
\T5/cmr/m/n/12 paths: \T5/cmtt/m/n/12 outputs/figures/heart_disease_age_thalach
_scatter.png\T5/cmr/m/n/12 ,

Underfull \vbox (badness 10000) has occurred while \output is active [108]
Overfull \hbox (5.76877pt too wide) in paragraph at lines 311--312
\T5/cmr/m/n/12 CĄc biļn ^^_ũņc chån gįm \T5/cmtt/m/n/12 Diabetes_binary\T5/cmr/
m/n/12 , \T5/cmtt/m/n/12 BMI\T5/cmr/m/n/12 , \T5/cmtt/m/n/12 HighBP\T5/cmr/m/n/
12 , \T5/cmtt/m/n/12 HighChol\T5/cmr/m/n/12 , \T5/cmtt/m/n/12 GenHlth\T5/cmr/m/
n/12 , \T5/cmtt/m/n/12 MentHlth\T5/cmr/m/n/12 ,

Underfull \vbox (badness 4205) has occurred while \output is active

Package fancyhdr Warning: \headheight is too small (12.0pt): 
(fancyhdr)                Make it at least 34.92618pt, for example:
(fancyhdr)                \setlength{\headheight}{34.92618pt}.
(fancyhdr)                You might also make \topmargin smaller:
(fancyhdr)                \addtolength{\topmargin}{-22.92618pt}.

[109]
Underfull \hbox (badness 6675) in paragraph at lines 349--349
[]\T5/cmr/m/n/12 BĢng 3.10: |BĢng tĶn su§t cĄc biļn nhā phĨn ch―nh trong CDC Di
-a-

Underfull \hbox (badness 10000) in paragraph at lines 349--349
\T5/cmr/m/n/12 betes. Source: \T5/cmtt/m/n/12 outputs/tables/cdc_diabetes_frequ
ency_*.csv\T5/cmr/m/n/12 ; code:

Underfull \hbox (badness 10000) in paragraph at lines 370--370
[]\T5/cmr/m/n/12 BĢng 3.11: |Thčng kķ mæ tĢ mët sč biļn CDC Di-a-betes sau ti·n


Underfull \hbox (badness 10000) in paragraph at lines 370--370
\T5/cmr/m/n/12 xû lþ. Source: \T5/cmtt/m/n/12 outputs/tables/cdc_diabetes_summa
ry.csv\T5/cmr/m/n/12 ; code:
[110]
Underfull \hbox (badness 10000) in paragraph at lines 401--401
[]\T5/cmr/m/n/12 BĢng 3.12: |nh hũðng cõa ti·n xû lþ trķn CDC Di-a-betes. Sour
ce:

Underfull \hbox (badness 10000) in paragraph at lines 401--401
\T5/cmtt/m/n/12 outputs/tables/cdc_diabetes_preprocessing_comparison.csv\T5/cmr
/m/n/12 ; code:

Underfull \hbox (badness 10000) in paragraph at lines 434--434
[]\T5/cmr/m/n/12 Hžnh 3.4: |Kišm tra phĨn phči v  out-lier trķn CDC Di-

Underfull \hbox (badness 10000) in paragraph at lines 434--434
\T5/cmr/m/n/12 a-betes. Python source: \T5/cmtt/m/n/12 src/analyze_cdc_diabetes
.py\T5/cmr/m/n/12 ; fig-ure

Underfull \hbox (badness 10000) in paragraph at lines 434--434
\T5/cmr/m/n/12 paths: \T5/cmtt/m/n/12 outputs/figures/cdc_diabetes_bmi_raw_vs_c
leaned.png\T5/cmr/m/n/12 ,

Package fancyhdr Warning: \headheight is too small (12.0pt): 
(fancyhdr)                Make it at least 34.92618pt, for example:
(fancyhdr)                \setlength{\headheight}{34.92618pt}.
(fancyhdr)                You might also make \topmargin smaller:
(fancyhdr)                \addtolength{\topmargin}{-22.92618pt}.

[111]
Underfull \hbox (badness 10000) in paragraph at lines 459--459
[]\T5/cmr/m/n/12 Hžnh 3.5: |PhĨn t―ch quan hŧ ^^_a biļn trķn CDC Di-

Underfull \hbox (badness 10000) in paragraph at lines 459--459
\T5/cmr/m/n/12 a-betes. Python source: \T5/cmtt/m/n/12 src/analyze_cdc_diabetes
.py\T5/cmr/m/n/12 ; fig-

Underfull \hbox (badness 10000) in paragraph at lines 459--459
\T5/cmr/m/n/12 ure paths: \T5/cmtt/m/n/12 outputs/figures/cdc_diabetes_age_bmi_
scatter.png\T5/cmr/m/n/12 ,

Underfull \vbox (badness 10000) has occurred while \output is active [112 <../o
utputs/figures/cdc_diabetes_bmi_raw_vs_cleaned.png> <../outputs/figures/cdc_dia
betes_bmi_boxplot_by_target.png>]

Package fancyhdr Warning: \headheight is too small (12.0pt): 
(fancyhdr)                Make it at least 34.92618pt, for example:
(fancyhdr)                \setlength{\headheight}{34.92618pt}.
(fancyhdr)                You might also make \topmargin smaller:
(fancyhdr)                \addtolength{\topmargin}{-22.92618pt}.

[113 <../outputs/figures/cdc_diabetes_age_bmi_scatter.png> <../outputs/figures/
cdc_diabetes_correlation_heatmap.png> <../outputs/figures/cdc_diabetes_highbp_b
y_target.png> <../outputs/figures/cdc_diabetes_highchol_by_target.png> <../outp
uts/figures/cdc_diabetes_physactivity_by_target.png>]
Underfull \hbox (badness 10000) in paragraph at lines 519--519
[]\T5/cmr/m/n/12 Hžnh 3.7: |Box-plot ^^_°c trũng \T5/cmtt/m/n/12 radius1 \T5/cm
r/m/n/12 theo nhĒn \T5/cmtt/m/n/12 Diagnosis

Underfull \hbox (badness 10000) in paragraph at lines 519--519
\T5/cmr/m/n/12 (B = l nh, M = Ąc) trong Breast Can-cer Wis-con-sin Di-ag-nos-

Underfull \hbox (badness 10000) in paragraph at lines 519--519
\T5/cmr/m/n/12 tic. Python source: \T5/cmtt/m/n/12 src/analyze_tabular_health.p
y\T5/cmr/m/n/12 ; fig-ure path:

Overfull \hbox (45.3162pt too wide) in paragraph at lines 523--524
[]\T5/cmr/m/n/12 CĄc bĢng nguįn gįm \T5/cmtt/m/n/12 breast_cancer_summary.csv\T
5/cmr/m/n/12 , \T5/cmtt/m/n/12 breast_cancer_variable_types.csv\T5/cmr/m/n/12 ,


Overfull \hbox (4.8581pt too wide) in paragraph at lines 523--524
\T5/cmtt/m/n/12 breast_cancer_missing_values.csv \T5/cmr/m/n/12 v  \T5/cmtt/m/n
/12 breast_cancer_frequency_Diagnosis.csv\T5/cmr/m/n/12 .

Overfull \hbox (85.45044pt too wide) in paragraph at lines 523--524
\T5/cmr/m/n/12 ^^_a cëng tuyļn ho°c dōng chuĐn hâa phō hņp. File sĪch \T5/cmtt/
m/n/12 outputs/cleaned/breast_cancer_cleaned.csv

Underfull \vbox (badness 10000) has occurred while \output is active [114 <../o
utputs/figures/breast_cancer_radius1_boxplot_by_target.png>]
Underfull \hbox (badness 10000) in paragraph at lines 548--548
[]\T5/cmr/m/n/12 BĢng 3.14: |Thčng kķ mæ tĢ mët sč biļn Ap-pli-ances En-ergy.

Underfull \hbox (badness 10000) in paragraph at lines 548--548
\T5/cmr/m/n/12 Source: \T5/cmtt/m/n/12 outputs/tables/appliances_energy_summary
.csv\T5/cmr/m/n/12 ; code:

Underfull \hbox (badness 10000) in paragraph at lines 586--586
[]\T5/cmr/m/n/12 Hžnh 3.8: |Trüc quan hâa tar-get Ap-pli-ances En-ergy.

Underfull \hbox (badness 10000) in paragraph at lines 586--586
\T5/cmr/m/n/12 Python source: \T5/cmtt/m/n/12 src/analyze_appliances_energy.py\
T5/cmr/m/n/12 ; fig-ure

Underfull \hbox (badness 10000) in paragraph at lines 586--586
\T5/cmr/m/n/12 paths: \T5/cmtt/m/n/12 outputs/figures/appliances_energy_daily_l
ine.png\T5/cmr/m/n/12 ,

Package fancyhdr Warning: \headheight is too small (12.0pt): 
(fancyhdr)                Make it at least 34.92618pt, for example:
(fancyhdr)                \setlength{\headheight}{34.92618pt}.
(fancyhdr)                You might also make \topmargin smaller:
(fancyhdr)                \addtolength{\topmargin}{-22.92618pt}.

[115]
Overfull \hbox (62.18384pt too wide) in paragraph at lines 594--595
\T5/cmr/m/n/12 ter/gyroscope. CĄc biļn chån gįm \T5/cmtt/m/n/12 tBodyAcc-mean()
-X\T5/cmr/m/n/12 , \T5/cmtt/m/n/12 tBodyAcc-mean()-Y\T5/cmr/m/n/12 , \T5/cmtt/m
/n/12 tBodyAcc-mean()-Z\T5/cmr/m/n/12 ,

Underfull \hbox (badness 10000) in paragraph at lines 609--609
[]\T5/cmr/m/n/12 Hžnh 3.9: |PhĨn t―ch cĢm biļn HAR v  MHEALTH.

Underfull \hbox (badness 10000) in paragraph at lines 609--609
\T5/cmr/m/n/12 Sources: \T5/cmtt/m/n/12 src/analyze_har.py\T5/cmr/m/n/12 , \T5/
cmtt/m/n/12 src/analyze_mhealth.py\T5/cmr/m/n/12 ; ta-

Underfull \hbox (badness 10000) in paragraph at lines 609--609
\T5/cmr/m/n/12 bles: \T5/cmtt/m/n/12 outputs/tables/har_feature_summary_extende
d.csv\T5/cmr/m/n/12 ,

Underfull \hbox (badness 2837) in paragraph at lines 626--626
[]\T5/cmr/m/n/12 Hžnh 3.10: |PhĨn bč nhĒn hoĪt ^^_ëng trong HAR v  MHEALTH. Sou
rces:

Underfull \vbox (badness 10000) has occurred while \output is active [116]
Overfull \hbox (2.78633pt too wide) in paragraph at lines 630--631
\T5/cmr/m/n/12 nguįn gįm \T5/cmtt/m/n/12 har_feature_summary_extended.csv\T5/cm
r/m/n/12 , \T5/cmtt/m/n/12 har_activity_distribution.csv\T5/cmr/m/n/12 ,

Overfull \hbox (24.41159pt too wide) in paragraph at lines 634--635
\T5/cmr/m/n/12 gįm \T5/cmtt/m/n/12 mhealth_sensor_summary_extended.csv\T5/cmr/m
/n/12 , \T5/cmtt/m/n/12 mhealth_selected_sensor_summary.csv\T5/cmr/m/n/12 ,

Overfull \hbox (14.07753pt too wide) in paragraph at lines 634--635
\T5/cmtt/m/n/12 mhealth_activity_distribution_sample.csv \T5/cmr/m/n/12 v  \T5/
cmtt/m/n/12 mhealth_variable_types.csv\T5/cmr/m/n/12 . Hžnh

Overfull \hbox (30.35706pt too wide) in paragraph at lines 645--646
[]\T5/cmtt/m/n/12 Heart Stats\T5/cmr/m/n/12 : cĄc cæng thųc Ex-cel \T5/cmtt/m/n
/12 AVERAGE\T5/cmr/m/n/12 , \T5/cmtt/m/n/12 MEDIAN\T5/cmr/m/n/12 , \T5/cmtt/m/n
/12 STDEV.S\T5/cmr/m/n/12 , \T5/cmtt/m/n/12 MIN\T5/cmr/m/n/12 , \T5/cmtt/m/n/12
 MAX\T5/cmr/m/n/12 , \T5/cmtt/m/n/12 QUARTILE.INC\T5/cmr/m/n/12 . 

Package fancyhdr Warning: \headheight is too small (12.0pt): 
(fancyhdr)                Make it at least 34.92618pt, for example:
(fancyhdr)                \setlength{\headheight}{34.92618pt}.
(fancyhdr)                You might also make \topmargin smaller:
(fancyhdr)                \addtolength{\topmargin}{-22.92618pt}.

[117]
Overfull \hbox (13.26015pt too wide) in paragraph at lines 651--652
[]\T5/cmr/m/n/12 BĢng in-dex cõa cĄc chart Ex-cel ^^_ũņc lũu tĪi $\T5/cmtt/m/n/
12 outputs / tables / excel _ visualization _

Underfull \hbox (badness 10000) in paragraph at lines 655--655
[]\T5/cmr/m/n/12 BĢng 3.15: |Danh sĄch bišu ^^_į Ex-cel ^^_Ē tĪo. Source:

Underfull \hbox (badness 10000) in paragraph at lines 655--655
\T5/cmtt/m/n/12 outputs/tables/excel_visualization_index.csv\T5/cmr/m/n/12 ; co
de:

Underfull \hbox (badness 2269) in paragraph at lines 689--689
[]\T5/cmr/m/n/12 Hžnh 3.11: |Pre-view cĄc bišu ^^_į Ex-cel cho Heart Dis-ease. 
Ex-cel work-book:

Underfull \hbox (badness 1675) in paragraph at lines 689--689
\T5/cmtt/m/n/12 excel/excel_visualization_comparison.xlsx\T5/cmr/m/n/12 ; Ex-ce
l sheets: \T5/cmtt/m/n/12 Heart Frequency\T5/cmr/m/n/12 ,
[118]
Underfull \hbox (badness 1803) in paragraph at lines 714--714
\T5/cmr/m/n/12 bžnh ng y theo time; (b) phĨn phči raw lŧch phĢi mĪnh. Ex-cel wo
rk-book:

Underfull \vbox (badness 2529) has occurred while \output is active

Package fancyhdr Warning: \headheight is too small (12.0pt): 
(fancyhdr)                Make it at least 34.92618pt, for example:
(fancyhdr)                \setlength{\headheight}{34.92618pt}.
(fancyhdr)                You might also make \topmargin smaller:
(fancyhdr)                \addtolength{\topmargin}{-22.92618pt}.

[119]
Overfull \hbox (90.98837pt too wide) in paragraph at lines 749--750
\T5/cmtt/m/n/12 ham10000_age_summary.csv\T5/cmr/m/n/12 , \T5/cmtt/m/n/12 ham100
00_frequency_dx.csv \T5/cmr/m/n/12 v  \T5/cmtt/m/n/12 ham10000_image_feature_sa
mple.csv\T5/cmr/m/n/12 . 

Overfull \hbox (112.41927pt too wide) in paragraph at lines 768--769
\T5/cmtt/m/n/12 ham10000_class_distribution.png\T5/cmr/m/n/12 , \T5/cmtt/m/n/12
 ham10000_age_histogram.png \T5/cmr/m/n/12 v  \T5/cmtt/m/n/12 ham10000_localiza
tion_bar.png
[120 <../outputs/figures/ham10000_image_dimensions_histogram.png>]
Overfull \hbox (73.6978pt too wide) in paragraph at lines 772--773
\T5/cmr/m/n/12 v  cĄc ^^_°c trũng TF-IDF nļu dōng cho håc mĄy. CĄc bĢng nguįn g
įm \T5/cmtt/m/n/12 reuters_variable_types.csv\T5/cmr/m/n/12 ,

Overfull \hbox (23.07996pt too wide) in paragraph at lines 772--773
\T5/cmtt/m/n/12 reuters_text_summary.csv\T5/cmr/m/n/12 , \T5/cmtt/m/n/12 reuter
s_text_features.csv \T5/cmr/m/n/12 v  \T5/cmtt/m/n/12 reuters_top_topics.csv\T5
/cmr/m/n/12 . 

Overfull \hbox (37.30565pt too wide) in paragraph at lines 787--787
\T5/cmtt/m/n/12 outputs/tables/reuters_text_summary.csv\T5/cmr/m/n/12 , \T5/cmt
t/m/n/12 outputs/tables/reuters_top_topics.csv\T5/cmr/m/n/12 .| 

Package fancyhdr Warning: \headheight is too small (12.0pt): 
(fancyhdr)                Make it at least 34.92618pt, for example:
(fancyhdr)                \setlength{\headheight}{34.92618pt}.
(fancyhdr)                You might also make \topmargin smaller:
(fancyhdr)                \addtolength{\topmargin}{-22.92618pt}.

[121]) (parts/chapter4_machine_learning.tex [122]
Ch\uhorn \ohorn ng 4.
(main.ptc) [123]
Overfull \hbox (99.74597pt too wide) in paragraph at lines 20--21
\T5/cmr/m/n/12 tĪi \T5/cmtt/m/n/12 outputs/tables/ml_classification_metrics.csv
\T5/cmr/m/n/12 , \T5/cmtt/m/n/12 outputs/tables/ml_regression_metrics.csv

Overfull \hbox (215.6262pt too wide) in paragraph at lines 20--21
\T5/cmr/m/n/12 v  \T5/cmtt/m/n/12 outputs/tables/ml_baseline_metrics.csv\T5/cmr
/m/n/12 . Con-fu-sion ma-trix nŽm trong \T5/cmtt/m/n/12 outputs/figures/ml_*_co
nfusion_matrix.png\T5/cmr/m/n/12 . 

Underfull \hbox (badness 10000) in paragraph at lines 28--28
[]\T5/cmr/m/n/12 BĢng 4.1: |Kļt quĢ clas-si-fi-ca-tion nhâm A. Source:

Underfull \hbox (badness 10000) in paragraph at lines 28--28
\T5/cmtt/m/n/12 outputs/tables/ml_classification_metrics.csv\T5/cmr/m/n/12 ; co
de:
[124]
Underfull \hbox (badness 10000) in paragraph at lines 69--69
[]\T5/cmr/m/n/12 Hžnh 4.1: |Con-fu-sion ma-trix cho ba b i toĄn clas-si-fi-ca-t
ion

Underfull \hbox (badness 10000) in paragraph at lines 69--69
\T5/cmr/m/n/12 nhâm A. Python source: \T5/cmtt/m/n/12 src/run_ml_baselines.py\T
5/cmr/m/n/12 ; fig-ure paths:

Underfull \hbox (badness 10000) in paragraph at lines 69--69
\T5/cmtt/m/n/12 outputs/figures/ml_heart_disease_random_forest_confusion_matrix
.png\T5/cmr/m/n/12 ,

Underfull \hbox (badness 10000) in paragraph at lines 69--69
\T5/cmtt/m/n/12 outputs/figures/ml_cdc_diabetes_sampled_svm_rbf_confusion_matri
x.png\T5/cmr/m/n/12 ,

Underfull \hbox (badness 10000) in paragraph at lines 81--81
[]\T5/cmr/m/n/12 BĢng 4.2: |Kļt quĢ re-gres-sion trķn Ap-pli-ances En-ergy. Sou
rce:

Package fancyhdr Warning: \headheight is too small (12.0pt): 
(fancyhdr)                Make it at least 17.97173pt, for example:
(fancyhdr)                \setlength{\headheight}{17.97173pt}.
(fancyhdr)                You might also make \topmargin smaller:
(fancyhdr)                \addtolength{\topmargin}{-5.97173pt}.

[125 <../outputs/figures/ml_heart_disease_random_forest_confusion_matrix.png> <
../outputs/figures/ml_cdc_diabetes_sampled_svm_rbf_confusion_matrix.png> <../ou
tputs/figures/ml_breast_cancer_svm_rbf_confusion_matrix.png>]
Underfull \hbox (badness 10000) in paragraph at lines 99--99
[]\T5/cmr/m/n/12 Hžnh 4.2: |So sĄnh giĄ trā thüc tļ v  dü bĄo mĻu trķn Ap-pli-

Underfull \hbox (badness 10000) in paragraph at lines 99--99
\T5/cmr/m/n/12 ances En-ergy. Python source: \T5/cmtt/m/n/12 src/run_ml_baselin
es.py\T5/cmr/m/n/12 ; fig-ure path:

Underfull \hbox (badness 10000) in paragraph at lines 118--118
[]|\T5/cmr/m/n/10.95 A:

Overfull \hbox (13.79373pt too wide) in paragraph at lines 118--118
\T5/cmr/m/n/10.95 Heart/Breast/CDC| 

Underfull \hbox (badness 10000) in paragraph at lines 118--118
[]|\T5/cmr/m/n/10.95 K-Means, Hi-er-ar-chi-

Underfull \hbox (badness 10000) in paragraph at lines 118--119
[]|\T5/cmr/m/n/10.95 So sĄnh

Underfull \hbox (badness 10000) in paragraph at lines 118--119
\T5/cmr/m/n/10.95 mean/median

Underfull \hbox (badness 10000) in paragraph at lines 119--119
[]|\T5/cmr/m/n/10.95 B: Ap-pli-

Overfull \hbox (37.60416pt too wide) in paragraph at lines 119--119
\T5/cmr/m/n/10.95 ances/HAR/MHEALTH| 

Underfull \hbox (badness 10000) in paragraph at lines 119--119
[]|\T5/cmr/m/n/10.95 Biļn cĢm biļn,

Underfull \hbox (badness 10000) in paragraph at lines 119--119
[]|\T5/cmr/m/n/10.95 K-Means, Hi-er-ar-chi-

Underfull \hbox (badness 10000) in paragraph at lines 120--120
[]|\T5/cmr/m/n/10.95 C:

Overfull \hbox (16.65219pt too wide) in paragraph at lines 120--120
\T5/cmr/m/n/10.95 HAM10000/Reuters| 

Underfull \hbox (badness 10000) in paragraph at lines 120--120
[]|\T5/cmr/m/n/10.95 K-Means, Hi-er-ar-chi-

Underfull \hbox (badness 10000) in paragraph at lines 120--121
[]|\T5/cmr/m/n/10.95 Cöm theo

Underfull \hbox (badness 10000) in paragraph at lines 120--121
\T5/cmr/m/n/10.95 ^^_ë sĄng/k―ch

Underfull \hbox (badness 10000) in paragraph at lines 120--121
\T5/cmr/m/n/10.95 thũîc/topic sau

Underfull \vbox (badness 10000) has occurred while \output is active [126 <../o
utputs/figures/ml_appliances_energy_prediction_sample.png>]
Underfull \hbox (badness 10000) in paragraph at lines 140--140
[]|\T5/cmr/m/n/10.95 Logistic Re-gres-sion,

Underfull \hbox (badness 10000) in paragraph at lines 140--140
\T5/cmr/m/n/10.95 instance-based learn-ing,

Underfull \hbox (badness 10000) in paragraph at lines 140--140
\T5/cmr/m/n/10.95 Ran-dom For-est/SVM

Underfull \hbox (badness 3019) in paragraph at lines 140--140
\T5/cmr/m/n/10.95 thũíng dōng cho chĐn

Underfull \hbox (badness 8113) in paragraph at lines 141--141
[]|\T5/cmr/m/n/10.95 CĄc mæ hžnh tab-u-lar

Underfull \hbox (badness 1184) in paragraph at lines 141--141
\T5/cmr/m/n/10.95 thũíng chāu Ģnh hũðng

Underfull \hbox (badness 10000) in paragraph at lines 143--143
[]|\T5/cmr/m/n/10.95 Appliances En-

Underfull \hbox (badness 10000) in paragraph at lines 143--143
[]|\T5/cmr/m/n/10.95 Dü bĄo nŦng lũņng

Underfull \hbox (badness 1092) in paragraph at lines 143--143
\T5/cmr/m/n/10.95 thũíng cĶn lag, rolling,

Underfull \vbox (badness 10000) has occurred while \output is active

Package fancyhdr Warning: \headheight is too small (12.0pt): 
(fancyhdr)                Make it at least 17.97173pt, for example:
(fancyhdr)                \setlength{\headheight}{17.97173pt}.
(fancyhdr)                You might also make \topmargin smaller:
(fancyhdr)                \addtolength{\topmargin}{-5.97173pt}.

[127]) (parts/conclusion.tex [128]
Ch\uhorn \ohorn ng 5.

Overfull \hbox (33.196pt too wide) in paragraph at lines 1--1
|\T5/cmr/m/sc/24.88 KT LUN V HŨÎNG PHT TRIN| 
(main.ptc) [129]
Underfull \vbox (badness 10000) has occurred while \output is active [130]
Overfull \hbox (4.33437pt too wide) in paragraph at lines 29--30
[]\T5/cmr/m/n/12 CĢi thiŧn re-gres-sion Ap-pli-ances bŽng lag fea-tures, rollin
g mean, biļn gií/ng y/thų,

Overfull \hbox (94.59543pt too wide) in paragraph at lines 40--41
[]\T5/cmr/m/n/12 Script phĨn t―ch v  håc mĄy: \T5/cmtt/m/n/12 src/analyze_heart
_disease.py\T5/cmr/m/n/12 , \T5/cmtt/m/n/12 src/analyze_tabular_health.py\T5/cm
r/m/n/12 ,

Overfull \hbox (84.9022pt too wide) in paragraph at lines 40--41
\T5/cmtt/m/n/12 src/analyze_appliances_energy.py\T5/cmr/m/n/12 , \T5/cmtt/m/n/1
2 src/analyze_ham10000.py\T5/cmr/m/n/12 , \T5/cmtt/m/n/12 src/run_ml_baselines.
py\T5/cmr/m/n/12 . 
)

Package fancyhdr Warning: \headheight is too small (12.0pt): 
(fancyhdr)                Make it at least 17.97173pt, for example:
(fancyhdr)                \setlength{\headheight}{17.97173pt}.
(fancyhdr)                You might also make \topmargin smaller:
(fancyhdr)                \addtolength{\topmargin}{-5.97173pt}.

[131] [132] [133]
Overfull \hbox (0.79262pt too wide) in paragraph at lines 225--225
[]\T5/cmr/m/n/12 Michael Smith. \T5/cmr/m/it/12 Di-a-betes Health In-di-ca-tors
 Dataset\T5/cmr/m/n/12 . UCI Ma-chine Learn-ing Repos-

Package minitoc(hints) Warning: W0024
(minitoc(hints))                Some hints have been written 
(minitoc(hints))                in the main.log file.

[134] (main.aux) )
(see the transcript file for additional information) <C:\Users\Hello\AppData\Lo
cal\MiKTeX\fonts/pk/ljfour/jknappen/ec/dpi600\tcrm1200.pk><C:/Users/Hello/AppDa
ta/Local/Programs/MiKTeX/fonts/type1/public/amsfonts/cm/cmex10.pfb><C:/Users/He
llo/AppData/Local/Programs/MiKTeX/fonts/type1/public/amsfonts/cmextra/cmex8.pfb
><C:/Users/Hello/AppData/Local/Programs/MiKTeX/fonts/type1/public/amsfonts/cm/c
mmi10.pfb><C:/Users/Hello/AppData/Local/Programs/MiKTeX/fonts/type1/public/amsf
onts/cm/cmmi12.pfb><C:/Users/Hello/AppData/Local/Programs/MiKTeX/fonts/type1/pu
blic/amsfonts/cm/cmmi6.pfb><C:/Users/Hello/AppData/Local/Programs/MiKTeX/fonts/
type1/public/amsfonts/cm/cmmi8.pfb><C:/Users/Hello/AppData/Local/Programs/MiKTe
X/fonts/type1/public/amsfonts/cm/cmr10.pfb><C:/Users/Hello/AppData/Local/Progra
ms/MiKTeX/fonts/type1/public/amsfonts/cm/cmr12.pfb><C:/Users/Hello/AppData/Loca
l/Programs/MiKTeX/fonts/type1/public/amsfonts/cm/cmr6.pfb><C:/Users/Hello/AppDa
ta/Local/Programs/MiKTeX/fonts/type1/public/amsfonts/cm/cmr8.pfb><C:/Users/Hell
o/AppData/Local/Programs/MiKTeX/fonts/type1/public/amsfonts/cm/cmsy10.pfb><C:/U
sers/Hello/AppData/Local/Programs/MiKTeX/fonts/type1/public/amsfonts/cm/cmsy6.p
fb><C:/Users/Hello/AppData/Local/Programs/MiKTeX/fonts/type1/public/amsfonts/cm
/cmsy8.pfb><C:/Users/Hello/AppData/Local/Programs/MiKTeX/fonts/type1/vntex/vnr/
vnbx12.pfb><C:/Users/Hello/AppData/Local/Programs/MiKTeX/fonts/type1/vntex/vnr/
vnbx8.pfb><C:/Users/Hello/AppData/Local/Programs/MiKTeX/fonts/type1/vntex/vnr/v
ncsc10.pfb><C:/Users/Hello/AppData/Local/Programs/MiKTeX/fonts/type1/vntex/vnr/
vnr10.pfb><C:/Users/Hello/AppData/Local/Programs/MiKTeX/fonts/type1/vntex/vnr/v
nr12.pfb><C:/Users/Hello/AppData/Local/Programs/MiKTeX/fonts/type1/vntex/vnr/vn
r17.pfb><C:/Users/Hello/AppData/Local/Programs/MiKTeX/fonts/type1/vntex/vnr/vnr
8.pfb><C:/Users/Hello/AppData/Local/Programs/MiKTeX/fonts/type1/vntex/vnr/vnti1
2.pfb><C:/Users/Hello/AppData/Local/Programs/MiKTeX/fonts/type1/vntex/vnr/vntt1
0.pfb><C:/Users/Hello/AppData/Local/Programs/MiKTeX/fonts/type1/vntex/vnr/vntt1
2.pfb><C:/Users/Hello/AppData/Local/Programs/MiKTeX/fonts/type1/vntex/vnr/vntt8
.pfb>
Output written on main.pdf (154 pages, 4591671 bytes).
Transcript written on main.log.
Latexmk: Getting log file 'main.log'
Latexmk: Examining 'main.fls'
Latexmk: Examining 'main.log'
Latexmk: Found input bbl file 'main.bbl'
Latexmk: Log file says output to 'main.pdf'
Latexmk: Using bibtex to make bibliography file(s).
  ===Source file 'main.bbl' for 'pdflatex'
Latexmk: Found bibliography file(s):
  ./bibliographie.bib
  ./main-blx.bib
Latexmk: All targets (main.pdf) are up-to-date

