\BOOKMARK [0][-]{chapter*.1}{\376\377\000M\036\345\000c\000\040\000l\036\345\000c}{}% 1
\BOOKMARK [0][-]{chapter*.2}{\376\377\000D\000a\000n\000h\000\040\000s\000\341\000c\000h\000\040\000H\000\354\000n\000h}{}% 2
\BOOKMARK [0][-]{chapter*.3}{\376\377\000D\000a\000n\000h\000\040\000s\000\341\000c\000h\000\040\000B\036\243\000n\000g}{}% 3
\BOOKMARK [0][-]{chapter.1}{\376\377\000C\001\240\000\040\000S\036\336\000\040\000L\000\335\000\040\000T\000H\000U\000Y\036\276\000T}{}% 4
\BOOKMARK [1][-]{section.1.1}{\376\377\000V\000a\000i\000\040\000t\000r\000\362\000\040\000c\036\347\000a\000\040\000t\000h\036\321\000n\000g\000\040\000k\000\352\000\040\000m\000\364\000\040\000t\036\243\000\040\000t\000r\000o\000n\000g\000\040\000p\000h\000\342\000n\000\040\000t\000\355\000c\000h\000\040\000d\036\357\000\040\000l\000i\036\307\000u}{chapter.1}% 5
\BOOKMARK [1][-]{section.1.2}{\376\377\000P\000h\000\342\000n\000\040\000l\000o\036\241\000i\000\040\000b\000i\036\277\000n\000\040\000v\000\340\000\040\000q\000u\000y\000\040\000t\000r\000\354\000n\000h\000\040\000E\000D\000A}{chapter.1}% 6
\BOOKMARK [1][-]{section.1.3}{\376\377\000C\000\341\000c\000\040\000s\036\321\000\040\001\021\000o\000\040\000x\000u\000\040\000h\001\260\036\333\000n\000g\000\040\000t\000r\000u\000n\000g\000\040\000t\000\342\000m}{chapter.1}% 7
\BOOKMARK [2][-]{subsection.1.3.1}{\376\377\000M\000e\000a\000n}{section.1.3}% 8
\BOOKMARK [2][-]{subsection.1.3.2}{\376\377\000M\000e\000d\000i\000a\000n}{section.1.3}% 9
\BOOKMARK [2][-]{subsection.1.3.3}{\376\377\000M\000o\000d\000e}{section.1.3}% 10
\BOOKMARK [2][-]{subsection.1.3.4}{\376\377\000P\000e\000r\000c\000e\000n\000t\000i\000l\000e\000s}{section.1.3}% 11
\BOOKMARK [2][-]{subsection.1.3.5}{\376\377\000T\000r\000i\000m\000m\000e\000d\000\040\000M\000e\000a\000n\000\040\000\050\000T\000r\000u\000n\000g\000\040\000b\000\354\000n\000h\000\040\000c\036\257\000t\000\040\000n\000g\036\315\000n\000\051}{section.1.3}% 12
\BOOKMARK [2][-]{subsection.1.3.6}{\376\377\000G\000e\000o\000m\000e\000t\000r\000i\000c\000\040\000M\000e\000a\000n\000\040\000\050\000T\000r\000u\000n\000g\000\040\000b\000\354\000n\000h\000\040\000n\000h\000\342\000n\000\051}{section.1.3}% 13
\BOOKMARK [1][-]{section.1.4}{\376\377\000C\000\341\000c\000\040\000s\036\321\000\040\001\021\000o\000\040\001\021\036\331\000\040\000p\000h\000\342\000n\000\040\000t\000\341\000n}{chapter.1}% 14
\BOOKMARK [2][-]{subsection.1.4.1}{\376\377\000R\000a\000n\000g\000e}{section.1.4}% 15
\BOOKMARK [2][-]{subsection.1.4.2}{\376\377\000V\000a\000r\000i\000a\000n\000c\000e\000\040\000v\000\340\000\040\000S\000t\000a\000n\000d\000a\000r\000d\000\040\000D\000e\000v\000i\000a\000t\000i\000o\000n}{section.1.4}% 16
\BOOKMARK [2][-]{subsection.1.4.3}{\376\377\000C\000o\000e\000f\000f\000i\000c\000i\000e\000n\000t\000\040\000o\000f\000\040\000V\000a\000r\000i\000a\000t\000i\000o\000n}{section.1.4}% 17
\BOOKMARK [2][-]{subsection.1.4.4}{\376\377\000I\000n\000t\000e\000r\000q\000u\000a\000r\000t\000i\000l\000e\000\040\000R\000a\000n\000g\000e}{section.1.4}% 18
\BOOKMARK [2][-]{subsection.1.4.5}{\376\377\000M\000e\000a\000n\000\040\000A\000b\000s\000o\000l\000u\000t\000e\000\040\000D\000e\000v\000i\000a\000t\000i\000o\000n\000\040\000\050\000M\000A\000D\000\051}{section.1.4}% 19
\BOOKMARK [2][-]{subsection.1.4.6}{\376\377\000M\000e\000d\000i\000a\000n\000\040\000A\000b\000s\000o\000l\000u\000t\000e\000\040\000D\000e\000v\000i\000a\000t\000i\000o\000n\000\040\000\050\000M\000A\000D\000\040\000b\036\301\000n\000\040\000v\036\357\000n\000g\000\051}{section.1.4}% 20
\BOOKMARK [2][-]{subsection.1.4.7}{\376\377\000B\036\243\000n\000g\000\040\000t\036\247\000n\000\040\000s\000u\036\245\000t\000\040\000v\000\340\000\040\000t\036\247\000n\000\040\000s\000u\036\245\000t\000\040\000t\001\260\001\241\000n\000g\000\040\001\021\036\321\000i}{section.1.4}% 21
\BOOKMARK [2][-]{subsection.1.4.8}{\376\377\000Z\000-\000s\000c\000o\000r\000e}{section.1.4}% 22
\BOOKMARK [1][-]{section.1.5}{\376\377\000M\000i\000n\000h\000\040\000h\036\315\000a\000\040\000t\000\355\000n\000h\000\040\000t\000o\000\341\000n\000\040\000c\000h\000i\000\040\000t\000i\036\277\000t\000\040\000t\000r\000\352\000n\000\040\000h\000a\000i\000\040\000b\000i\036\277\000n\000\040\000t\000h\036\361\000c\000\040\000t\036\277}{chapter.1}% 23
\BOOKMARK [2][-]{subsection.1.5.1}{\376\377\000B\000i\036\277\000n\000\040\000c\000h\000o\000l\000\040\000t\000r\000o\000n\000g\000\040\000H\000e\000a\000r\000t\000\040\000D\000i\000s\000e\000a\000s\000e\000\040\000\050\000n\000h\000\363\000m\000\040\000A\000\051}{section.1.5}% 24
\BOOKMARK [2][-]{subsection.1.5.2}{\376\377\000B\000i\036\277\000n\000\040\000A\000p\000p\000l\000i\000a\000n\000c\000e\000s\000\040\000t\000r\000o\000n\000g\000\040\000A\000p\000p\000l\000i\000a\000n\000c\000e\000s\000\040\000E\000n\000e\000r\000g\000y\000\040\000P\000r\000e\000d\000i\000c\000t\000i\000o\000n\000\040\000\050\000n\000h\000\363\000m\000\040\000B\000\051}{section.1.5}% 25
\BOOKMARK [2][-]{subsection.1.5.3}{\376\377\000S\000o\000\040\000s\000\341\000n\000h\000\040\000h\000a\000i\000\040\000b\000i\036\277\000n\000\040\000v\000\340\000\040\000b\000\340\000i\000\040\000h\036\315\000c\000\040\000p\000h\001\260\001\241\000n\000g\000\040\000p\000h\000\341\000p}{section.1.5}% 26
\BOOKMARK [1][-]{section.1.6}{\376\377\000H\036\307\000\040\000t\000h\036\321\000n\000g\000\040\000b\000i\036\303\000u\000\040\001\021\036\323\000\040\000t\000r\036\361\000c\000\040\000q\000u\000a\000n\000\040\000h\000\363\000a\000\040\000v\000\340\000\040\000t\000\341\000c\000\040\000d\036\345\000n\000g\000\040\000p\000h\000\342\000n\000\040\000t\000\355\000c\000h}{chapter.1}% 27
\BOOKMARK [2][-]{subsection.1.6.1}{\376\377\000Q\000u\000y\000\040\000t\000r\000\354\000n\000h\000\040\000c\000h\000u\000n\000g\000\040\000k\000h\000i\000\040\000v\036\275\000\040\000v\000\340\000\040\000p\000h\000\342\000n\000\040\000t\000\355\000c\000h\000\040\000b\000i\036\303\000u\000\040\001\021\036\323}{section.1.6}% 28
\BOOKMARK [2][-]{subsection.1.6.2}{\376\377\000N\000h\000\363\000m\000\040\000b\000i\036\303\000u\000\040\001\021\036\323\000\040\000p\000h\000\342\000n\000\040\000p\000h\036\321\000i}{section.1.6}% 29
\BOOKMARK [2][-]{subsection.1.6.3}{\376\377\000N\000h\000\363\000m\000\040\000b\000i\036\303\000u\000\040\001\021\036\323\000\040\000t\001\260\001\241\000n\000g\000\040\000q\000u\000a\000n\000\040\000v\000\340\000\040\000c\001\241\000\040\000c\036\245\000u}{section.1.6}% 30
\BOOKMARK [2][-]{subsection.1.6.4}{\376\377\000C\000\341\000c\000\040\000d\036\241\000n\000g\000\040\000b\000i\036\303\000u\000\040\001\021\036\323\000\040\000k\000h\000\341\000c}{section.1.6}% 31
\BOOKMARK [2][-]{subsection.1.6.5}{\376\377\000M\036\331\000t\000\040\000s\036\321\000\040\000d\036\241\000n\000g\000\040\000b\000i\036\303\000u\000\040\001\021\036\323\000\040\000b\036\325\000\040\000s\000u\000n\000g\000\040\000p\000h\000\371\000\040\000h\036\343\000p\000\040\000v\036\333\000i\000\040\000b\000\340\000i\000\040\000t\000o\000\341\000n}{section.1.6}% 32
\BOOKMARK [1][-]{section.1.7}{\376\377\000C\000\341\000c\000\040\000p\000h\000\351\000p\000\040\000b\000i\036\277\000n\000\040\001\021\036\325\000i\000\040\000v\000\340\000\040\000t\000i\036\301\000n\000\040\000x\036\355\000\040\000l\000\375\000\040\000c\001\241\000\040\000b\036\243\000n}{chapter.1}% 33
\BOOKMARK [2][-]{subsection.1.7.1}{\376\377\001\020\000i\036\301\000n\000\040\000k\000h\000u\000y\036\277\000t}{section.1.7}% 34
\BOOKMARK [2][-]{subsection.1.7.2}{\376\377\000C\000h\000u\036\251\000n\000\040\000h\000\363\000a\000\040\000t\000h\000a\000n\000g\000\040\001\021\000o}{section.1.7}% 35
\BOOKMARK [2][-]{subsection.1.7.3}{\376\377\000L\000o\000g\000\040\000t\000r\000a\000n\000s\000f\000o\000r\000m\000\040\000v\000\340\000\040\000d\000i\000f\000f\000e\000r\000e\000n\000c\000i\000n\000g\000\040\000c\000h\000o\000\040\000c\000h\000u\036\327\000i\000\040\000t\000h\036\335\000i\000\040\000g\000i\000a\000n}{section.1.7}% 36
\BOOKMARK [1][-]{section.1.8}{\376\377\000Q\000u\000y\000\040\000t\000r\000\354\000n\000h\000\040\000p\000h\000\342\000n\000\040\000t\000\355\000c\000h\000\040\000k\000h\000\341\000m\000\040\000p\000h\000\341\000\040\000d\036\357\000\040\000l\000i\036\307\000u}{chapter.1}% 37
\BOOKMARK [1][-]{section.1.9}{\376\377\000N\000g\000u\000y\000\352\000n\000\040\000t\036\257\000c\000\040\000c\000h\036\315\000n\000\040\000b\000i\036\303\000u\000\040\001\021\036\323\000\040\000t\000h\000e\000o\000\040\000c\000\342\000u\000\040\000h\036\317\000i\000\040\000p\000h\000\342\000n\000\040\000t\000\355\000c\000h}{chapter.1}% 38
\BOOKMARK [1][-]{section.1.10}{\376\377\000D\000i\036\305\000n\000\040\000g\000i\036\243\000i\000\040\000t\000h\036\321\000n\000g\000\040\000k\000\352\000\040\000t\000r\000o\000n\000g\000\040\000b\036\321\000i\000\040\000c\036\243\000n\000h\000\040\000d\036\357\000\040\000l\000i\036\307\000u}{chapter.1}% 39
\BOOKMARK [1][-]{section.1.11}{\376\377\000C\000\341\000c\000\040\000s\000a\000i\000\040\000l\036\307\000c\000h\000\040\000t\000h\001\260\036\335\000n\000g\000\040\000g\036\267\000p\000\040\000k\000h\000i\000\040\001\021\036\315\000c\000\040\000b\000i\036\303\000u\000\040\001\021\036\323}{chapter.1}% 40
\BOOKMARK [1][-]{section.1.12}{\376\377\000M\000i\000n\000h\000\040\000h\036\315\000a\000\040\000t\000\355\000n\000h\000\040\000t\000o\000\341\000n\000\040\000t\000r\000\352\000n\000\040\000H\000e\000a\000r\000t\000\040\000D\000i\000s\000e\000a\000s\000e}{chapter.1}% 41
\BOOKMARK [1][-]{section.1.13}{\376\377\000L\000i\000\352\000n\000\040\000k\036\277\000t\000\040\000l\000\375\000\040\000t\000h\000u\000y\036\277\000t\000\040\000v\036\333\000i\000\040\000c\000\341\000c\000\040\000c\000h\001\260\001\241\000n\000g\000\040\000s\000a\000u}{chapter.1}% 42
\BOOKMARK [0][-]{chapter.2}{\376\377\000T\000H\000U\000\040\000T\000H\036\254\000P\000,\000\040\000M\000\324\000\040\000T\036\242\000\040\000V\000\300\000\040\000T\036\324\000N\000G\000\040\000Q\000U\000A\000N\000\040\000C\000\301\000C\000\040\000B\036\330\000\040\000D\036\356\000\040\000L\000I\036\306\000U}{}% 43
\BOOKMARK [1][-]{section.2.1}{\376\377\000T\000i\000\352\000u\000\040\000c\000h\000\355\000\040\000l\036\361\000a\000\040\000c\000h\036\315\000n\000\040\000d\036\357\000\040\000l\000i\036\307\000u}{chapter.2}% 44
\BOOKMARK [1][-]{section.2.2}{\376\377\000C\000h\000i\036\277\000n\000\040\000l\001\260\036\343\000c\000\040\000t\000h\000u\000\040\000t\000h\036\255\000p\000\040\000v\000\340\000\040\000k\000i\036\303\000m\000\040\000c\000h\036\351\000n\000g\000\040\000d\036\357\000\040\000l\000i\036\307\000u}{chapter.2}% 45
\BOOKMARK [1][-]{section.2.3}{\376\377\000N\000h\000\363\000m\000\040\000A\000:\000\040\000D\036\357\000\040\000l\000i\036\307\000u\000\040\000d\036\241\000n\000g\000\040\000b\036\243\000n\000g}{chapter.2}% 46
\BOOKMARK [2][-]{subsection.2.3.1}{\376\377\000A\0001\000\040\000-\000\040\000H\000e\000a\000r\000t\000\040\000D\000i\000s\000e\000a\000s\000e}{section.2.3}% 47
\BOOKMARK [2][-]{subsection.2.3.2}{\376\377\000A\0002\000\040\000-\000\040\000C\000D\000C\000\040\000D\000i\000a\000b\000e\000t\000e\000s\000\040\000H\000e\000a\000l\000t\000h\000\040\000I\000n\000d\000i\000c\000a\000t\000o\000r\000s}{section.2.3}% 48
\BOOKMARK [2][-]{subsection.2.3.3}{\376\377\000A\0003\000\040\000-\000\040\000B\000r\000e\000a\000s\000t\000\040\000C\000a\000n\000c\000e\000r\000\040\000W\000i\000s\000c\000o\000n\000s\000i\000n\000\040\000D\000i\000a\000g\000n\000o\000s\000t\000i\000c}{section.2.3}% 49
\BOOKMARK [1][-]{section.2.4}{\376\377\000N\000h\000\363\000m\000\040\000B\000:\000\040\000D\036\357\000\040\000l\000i\036\307\000u\000\040\000c\000h\000u\036\327\000i\000\040\000t\000h\036\335\000i\000\040\000g\000i\000a\000n\000\040\000v\000\340\000\040\000c\036\243\000m\000\040\000b\000i\036\277\000n}{chapter.2}% 50
\BOOKMARK [2][-]{subsection.2.4.1}{\376\377\000B\0001\000\040\000-\000\040\000A\000p\000p\000l\000i\000a\000n\000c\000e\000s\000\040\000E\000n\000e\000r\000g\000y\000\040\000P\000r\000e\000d\000i\000c\000t\000i\000o\000n}{section.2.4}% 51
\BOOKMARK [2][-]{subsection.2.4.2}{\376\377\000B\0002\000\040\000-\000\040\000H\000u\000m\000a\000n\000\040\000A\000c\000t\000i\000v\000i\000t\000y\000\040\000R\000e\000c\000o\000g\000n\000i\000t\000i\000o\000n\000\040\000U\000s\000i\000n\000g\000\040\000S\000m\000a\000r\000t\000p\000h\000o\000n\000e\000s}{section.2.4}% 52
\BOOKMARK [2][-]{subsection.2.4.3}{\376\377\000B\0003\000\040\000-\000\040\000M\000H\000E\000A\000L\000T\000H\000\040\000D\000a\000t\000a\000s\000e\000t}{section.2.4}% 53
\BOOKMARK [1][-]{section.2.5}{\376\377\000N\000h\000\363\000m\000\040\000C\000:\000\040\000D\036\357\000\040\000l\000i\036\307\000u\000\040\001\021\000a\000\040\000p\000h\001\260\001\241\000n\000g\000\040\000t\000i\036\307\000n}{chapter.2}% 54
\BOOKMARK [2][-]{subsection.2.5.1}{\376\377\000C\0001\000\040\000-\000\040\000H\000A\000M\0001\0000\0000\0000\0000}{section.2.5}% 55
\BOOKMARK [2][-]{subsection.2.5.2}{\376\377\000C\0002\000\040\000-\000\040\000R\000e\000u\000t\000e\000r\000s\000-\0002\0001\0005\0007\0008\000\040\000T\000e\000x\000t\000\040\000C\000a\000t\000e\000g\000o\000r\000i\000z\000a\000t\000i\000o\000n}{section.2.5}% 56
\BOOKMARK [1][-]{section.2.6}{\376\377\001\020\000\341\000n\000h\000\040\000g\000i\000\341\000\040\000c\000h\036\245\000t\000\040\000l\001\260\036\343\000n\000g\000\040\000d\036\357\000\040\000l\000i\036\307\000u\000\040\000v\000\340\000\040\000r\036\347\000i\000\040\000r\000o\000\040\000p\000h\000\342\000n\000\040\000t\000\355\000c\000h}{chapter.2}% 57
\BOOKMARK [1][-]{section.2.7}{\376\377\000L\000i\000\352\000n\000\040\000h\036\307\000\040\000g\000i\036\357\000a\000\040\000n\000g\000u\036\323\000n\000\040\000d\036\357\000\040\000l\000i\036\307\000u\000\040\000v\000\340\000\040\000y\000\352\000u\000\040\000c\036\247\000u\000\040\000b\000\340\000i\000\040\000t\000o\000\341\000n}{chapter.2}% 58
\BOOKMARK [1][-]{section.2.8}{\376\377\000C\000\341\000c\000\040\000d\036\357\000\040\000l\000i\036\307\000u\000\040\000v\000\340\000\040\000n\036\331\000i\000\040\000d\000u\000n\000g\000\040\000c\036\247\000n\000\040\000b\036\325\000\040\000s\000u\000n\000g\000\040\000t\000i\036\277\000p}{chapter.2}% 59
\BOOKMARK [1][-]{section.2.9}{\376\377\001\020\001\260\036\335\000n\000g\000\040\000d\036\253\000n\000\040\000m\000i\000n\000h\000\040\000c\000h\036\351\000n\000g\000\040\000v\000\340\000\040\000t\000\341\000i\000\040\000s\036\355\000\040\000d\036\345\000n\000g}{chapter.2}% 60
\BOOKMARK [0][-]{chapter.3}{\376\377\000P\000H\000\302\000N\000\040\000T\000\315\000C\000H\000\040\001\020\036\266\000C\000\040\001\020\000I\036\302\000M\000\040\000D\036\356\000\040\000L\000I\036\306\000U\000\040\000Q\000U\000A\000\040\000T\000H\036\320\000N\000G\000\040\000K\000\312\000\040\000V\000\300\000\040\000T\000R\036\360\000C\000\040\000Q\000U\000A\000N\000\040\000H\000\323\000A}{}% 61
\BOOKMARK [1][-]{section.3.1}{\376\377\000P\000h\036\247\000n\000\040\000l\000\375\000\040\000t\000h\000u\000y\036\277\000t\000:\000\040\000t\000h\036\321\000n\000g\000\040\000k\000\352\000\040\000m\000\364\000\040\000t\036\243\000\040\000v\000\340\000\040\000t\000r\036\361\000c\000\040\000q\000u\000a\000n\000\040\000h\000\363\000a}{chapter.3}% 62
\BOOKMARK [2][-]{subsection.3.1.1}{\376\377\000C\000\341\000c\000\040\000t\000h\000\364\000n\000g\000\040\000s\036\321\000\040\000t\000h\036\321\000n\000g\000\040\000k\000\352\000\040\000m\000\364\000\040\000t\036\243}{section.3.1}% 63
\BOOKMARK [2][-]{subsection.3.1.2}{\376\377\000C\000\341\000c\000\040\000l\000o\036\241\000i\000\040\000b\000i\036\303\000u\000\040\001\021\036\323\000\040\000d\000\371\000n\000g\000\040\000t\000r\000o\000n\000g\000\040\000p\000h\000\342\000n\000\040\000t\000\355\000c\000h\000\040\000d\036\357\000\040\000l\000i\036\307\000u}{section.3.1}% 64
\BOOKMARK [1][-]{section.3.2}{\376\377\000Q\000u\000y\000\040\000t\000r\000\354\000n\000h\000\040\000p\000h\000\342\000n\000\040\000t\000\355\000c\000h\000\040\000v\000\340\000\040\000m\000i\000n\000h\000\040\000c\000h\036\351\000n\000g}{chapter.3}% 65
\BOOKMARK [1][-]{section.3.3}{\376\377\000N\000h\000\363\000m\000\040\000A\000:\000\040\000d\036\357\000\040\000l\000i\036\307\000u\000\040\000b\036\243\000n\000g}{chapter.3}% 66
\BOOKMARK [2][-]{subsection.3.3.1}{\376\377\000D\036\357\000\040\000l\000i\036\307\000u\000\040\000N\000h\000\363\000m\000\040\000A\000:\000\040\000P\000h\000\342\000n\000\040\000t\000\355\000c\000h\000\040\000H\000e\000a\000r\000t\000\040\000D\000i\000s\000e\000a\000s\000e}{section.3.3}% 67
\BOOKMARK [2][-]{subsection.3.3.2}{\376\377\000D\036\357\000\040\000l\000i\036\307\000u\000\040\000N\000h\000\363\000m\000\040\000A\000:\000\040\000P\000h\000\342\000n\000\040\000t\000\355\000c\000h\000\040\000C\000D\000C\000\040\000D\000i\000a\000b\000e\000t\000e\000s\000\040\000H\000e\000a\000l\000t\000h\000\040\000I\000n\000d\000i\000c\000a\000t\000o\000r\000s}{section.3.3}% 68
\BOOKMARK [2][-]{subsection.3.3.3}{\376\377\000B\000r\000e\000a\000s\000t\000\040\000C\000a\000n\000c\000e\000r\000\040\000W\000i\000s\000c\000o\000n\000s\000i\000n\000\040\000D\000i\000a\000g\000n\000o\000s\000t\000i\000c}{section.3.3}% 69
\BOOKMARK [1][-]{section.3.4}{\376\377\000N\000h\000\363\000m\000\040\000B\000:\000\040\000d\036\357\000\040\000l\000i\036\307\000u\000\040\000c\000h\000u\036\327\000i\000\040\000t\000h\036\335\000i\000\040\000g\000i\000a\000n\000\040\000v\000\340\000\040\000c\036\243\000m\000\040\000b\000i\036\277\000n}{chapter.3}% 70
\BOOKMARK [2][-]{subsection.3.4.1}{\376\377\000A\000p\000p\000l\000i\000a\000n\000c\000e\000s\000\040\000E\000n\000e\000r\000g\000y}{section.3.4}% 71
\BOOKMARK [2][-]{subsection.3.4.2}{\376\377\000H\000A\000R\000:\000\040\000H\000u\000m\000a\000n\000\040\000A\000c\000t\000i\000v\000i\000t\000y\000\040\000R\000e\000c\000o\000g\000n\000i\000t\000i\000o\000n}{section.3.4}% 72
\BOOKMARK [2][-]{subsection.3.4.3}{\376\377\000M\000H\000E\000A\000L\000T\000H}{section.3.4}% 73
\BOOKMARK [1][-]{section.3.5}{\376\377\001\020\036\321\000i\000\040\000s\000\341\000n\000h\000\040\000c\000\364\000n\000g\000\040\000c\036\345\000\040\000p\000h\000\342\000n\000\040\000t\000\355\000c\000h\000:\000\040\000E\000x\000c\000e\000l\000\040\000v\000\340\000\040\000P\000y\000t\000h\000o\000n}{chapter.3}% 74
\BOOKMARK [1][-]{section.3.6}{\376\377\000N\000h\000\363\000m\000\040\000C\000:\000\040\000d\036\357\000\040\000l\000i\036\307\000u\000\040\001\021\000a\000\040\000p\000h\001\260\001\241\000n\000g\000\040\000t\000i\036\307\000n}{chapter.3}% 75
\BOOKMARK [2][-]{subsection.3.6.1}{\376\377\000H\000A\000M\0001\0000\0000\0000\0000\000:\000\040\000d\036\357\000\040\000l\000i\036\307\000u\000\040\036\243\000n\000h}{section.3.6}% 76
\BOOKMARK [2][-]{subsection.3.6.2}{\376\377\000R\000e\000u\000t\000e\000r\000s\000-\0002\0001\0005\0007\0008\000:\000\040\000d\036\357\000\040\000l\000i\036\307\000u\000\040\000v\001\003\000n\000\040\000b\036\243\000n}{section.3.6}% 77
\BOOKMARK [1][-]{section.3.7}{\376\377\000K\036\277\000t\000\040\000l\000u\036\255\000n\000\040\000t\036\353\000\040\000p\000h\000\342\000n\000\040\000t\000\355\000c\000h\000\040\000t\000r\036\361\000c\000\040\000q\000u\000a\000n}{chapter.3}% 78
\BOOKMARK [0][-]{chapter.4}{\376\377\000P\000H\000\302\000N\000\040\000T\000\315\000C\000H\000\040\000D\036\356\000\040\000L\000I\036\306\000U\000\040\000V\036\332\000I\000\040\000H\036\314\000C\000\040\000M\000\301\000Y\000\040\000V\000\300\000\040\001\020\036\320\000I\000\040\000S\000\301\000N\000H\000\040\000K\036\276\000T\000\040\000Q\000U\036\242}{}% 79
\BOOKMARK [1][-]{section.4.1}{\376\377\000Q\000u\000y\000\040\000t\000r\000\354\000n\000h\000\040\000h\036\315\000c\000\040\000m\000\341\000y\000\040\000v\000\340\000\040\000m\000i\000n\000h\000\040\000c\000h\036\351\000n\000g}{chapter.4}% 80
\BOOKMARK [1][-]{section.4.2}{\376\377\000C\000l\000a\000s\000s\000i\000f\000i\000c\000a\000t\000i\000o\000n\000\040\000t\000r\000\352\000n\000\040\000n\000h\000\363\000m\000\040\000A}{chapter.4}% 81
\BOOKMARK [1][-]{section.4.3}{\376\377\000R\000e\000g\000r\000e\000s\000s\000i\000o\000n\000\040\000v\000\340\000\040\000d\036\361\000\040\000b\000\341\000o\000\040\000t\000r\000\352\000n\000\040\000n\000h\000\363\000m\000\040\000B}{chapter.4}% 82
\BOOKMARK [1][-]{section.4.4}{\376\377\000C\000l\000u\000s\000t\000e\000r\000i\000n\000g\000\040\000t\000r\000\352\000n\000\040\000n\000h\000\363\000m\000\040\000A\000,\000\040\000B\000\040\000v\000\340\000\040\000C}{chapter.4}% 83
\BOOKMARK [1][-]{section.4.5}{\376\377\001\020\036\321\000i\000\040\000s\000\341\000n\000h\000\040\000v\036\333\000i\000\040\000n\000g\000h\000i\000\352\000n\000\040\000c\036\351\000u\000\040\000l\000i\000\352\000n\000\040\000q\000u\000a\000n}{chapter.4}% 84
\BOOKMARK [1][-]{section.4.6}{\376\377\000K\036\277\000t\000\040\000l\000u\036\255\000n\000\040\000C\000h\001\260\001\241\000n\000g\000\040\0004}{chapter.4}% 85
\BOOKMARK [0][-]{chapter.5}{\376\377\000K\036\276\000T\000\040\000L\000U\036\254\000N\000\040\000V\000\300\000\040\000H\001\257\036\332\000N\000G\000\040\000P\000H\000\301\000T\000\040\000T\000R\000I\036\302\000N}{}% 86
\BOOKMARK [1][-]{section.5.1}{\376\377\000K\036\277\000t\000\040\000l\000u\036\255\000n}{chapter.5}% 87
\BOOKMARK [1][-]{section.5.2}{\376\377\000H\036\241\000n\000\040\000c\000h\036\277}{chapter.5}% 88
\BOOKMARK [1][-]{section.5.3}{\376\377\000H\001\260\036\333\000n\000g\000\040\000p\000h\000\341\000t\000\040\000t\000r\000i\036\303\000n}{chapter.5}% 89
\BOOKMARK [1][-]{section.5.4}{\376\377\000M\000i\000n\000h\000\040\000c\000h\036\351\000n\000g\000\040\000t\000\341\000i\000\040\000l\036\255\000p}{chapter.5}% 90
\BOOKMARK [0][-]{chapter*.160}{\376\377\000T\000\340\000i\000\040\000l\000i\036\307\000u\000\040\000t\000h\000a\000m\000\040\000k\000h\036\243\000o}{}% 91
