\BOOKMARK [0][-]{chapter*.1}{\376\377\000M\036\345\000c\000\040\000l\036\345\000c}{}% 1
\BOOKMARK [0][-]{chapter*.2}{\376\377\000D\000a\000n\000h\000\040\000s\000\341\000c\000h\000\040\000H\000\354\000n\000h}{}% 2
\BOOKMARK [0][-]{chapter*.3}{\376\377\000D\000a\000n\000h\000\040\000s\000\341\000c\000h\000\040\000B\036\243\000n\000g}{}% 3
\BOOKMARK [0][-]{chapter.1}{\376\377\000G\000I\036\332\000I\000\040\000T\000H\000I\036\306\000U}{}% 4
\BOOKMARK [0][-]{chapter.2}{\376\377\000C\001\240\000\040\000S\036\336\000\040\000L\000\335\000\040\000T\000H\000U\000Y\036\276\000T}{}% 5
\BOOKMARK [1][-]{section.2.1}{\376\377\000C\000\341\000c\000\040\000s\036\321\000\040\001\021\000o\000\040\000x\000u\000\040\000h\001\260\036\333\000n\000g\000\040\000t\000r\000u\000n\000g\000\040\000t\000\342\000m}{chapter.2}% 6
\BOOKMARK [2][-]{subsection.2.1.1}{\376\377\000M\000e\000a\000n\000\040\000\050\000T\000r\000u\000n\000g\000\040\000b\000\354\000n\000h\000\040\000c\036\331\000n\000g\000\051}{section.2.1}% 7
\BOOKMARK [2][-]{subsection.2.1.2}{\376\377\000M\000e\000d\000i\000a\000n\000\040\000\050\000T\000r\000u\000n\000g\000\040\000v\036\313\000\051}{section.2.1}% 8
\BOOKMARK [2][-]{subsection.2.1.3}{\376\377\000M\000o\000d\000e\000\040\000\050\000G\000i\000\341\000\040\000t\000r\036\313\000\040\000x\000u\036\245\000t\000\040\000h\000i\036\307\000n\000\040\000n\000h\000i\036\301\000u\000\040\000n\000h\036\245\000t\000\051}{section.2.1}% 9
\BOOKMARK [2][-]{subsection.2.1.4}{\376\377\000P\000e\000r\000c\000e\000n\000t\000i\000l\000e\000s\000\040\000\050\000P\000h\000\342\000n\000\040\000v\036\313\000\051}{section.2.1}% 10
\BOOKMARK [2][-]{subsection.2.1.5}{\376\377\000T\000r\000i\000m\000m\000e\000d\000\040\000M\000e\000a\000n\000\040\000\050\000T\000r\000u\000n\000g\000\040\000b\000\354\000n\000h\000\040\000c\036\257\000t\000\040\000n\000g\036\315\000n\000\051}{section.2.1}% 11
\BOOKMARK [2][-]{subsection.2.1.6}{\376\377\000G\000e\000o\000m\000e\000t\000r\000i\000c\000\040\000M\000e\000a\000n\000\040\000\050\000T\000r\000u\000n\000g\000\040\000b\000\354\000n\000h\000\040\000n\000h\000\342\000n\000\051}{section.2.1}% 12
\BOOKMARK [1][-]{section.2.2}{\376\377\000C\000\341\000c\000\040\000s\036\321\000\040\001\021\000o\000\040\001\021\036\331\000\040\000p\000h\000\342\000n\000\040\000t\000\341\000n}{chapter.2}% 13
\BOOKMARK [2][-]{subsection.2.2.1}{\376\377\000R\000a\000n\000g\000e\000\040\000\050\000K\000h\000o\036\243\000n\000g\000\040\000b\000i\036\277\000n\000\040\000t\000h\000i\000\352\000n\000\051}{section.2.2}% 14
\BOOKMARK [2][-]{subsection.2.2.2}{\376\377\000V\000a\000r\000i\000a\000n\000c\000e\000\040\000\050\000P\000h\001\260\001\241\000n\000g\000\040\000s\000a\000i\000\051\000\040\000v\000\340\000\040\000S\000t\000a\000n\000d\000a\000r\000d\000\040\000D\000e\000v\000i\000a\000t\000i\000o\000n\000\040\000\050\001\020\036\331\000\040\000l\036\307\000c\000h\000\040\000c\000h\000u\036\251\000n\000\051}{section.2.2}% 15
\BOOKMARK [2][-]{subsection.2.2.3}{\376\377\000C\000o\000e\000f\000f\000i\000c\000i\000e\000n\000t\000\040\000o\000f\000\040\000V\000a\000r\000i\000a\000t\000i\000o\000n\000\040\000\050\000H\036\307\000\040\000s\036\321\000\040\000b\000i\036\277\000n\000\040\000t\000h\000i\000\352\000n\000\051}{section.2.2}% 16
\BOOKMARK [2][-]{subsection.2.2.4}{\376\377\000I\000n\000t\000e\000r\000q\000u\000a\000r\000t\000i\000l\000e\000\040\000R\000a\000n\000g\000e\000\040\000\050\000K\000h\000o\036\243\000n\000g\000\040\000t\036\351\000\040\000p\000h\000\342\000n\000\040\000v\036\313\000\051}{section.2.2}% 17
\BOOKMARK [2][-]{subsection.2.2.5}{\376\377\000M\000e\000a\000n\000\040\000A\000b\000s\000o\000l\000u\000t\000e\000\040\000D\000e\000v\000i\000a\000t\000i\000o\000n\000\040\000\050\000M\000A\000D\000\051}{section.2.2}% 18
\BOOKMARK [2][-]{subsection.2.2.6}{\376\377\000M\000e\000d\000i\000a\000n\000\040\000A\000b\000s\000o\000l\000u\000t\000e\000\040\000D\000e\000v\000i\000a\000t\000i\000o\000n\000\040\000\050\000M\000A\000D\000\040\000-\000\040\001\020\036\331\000\040\000l\036\307\000c\000h\000\040\000t\000u\000y\036\307\000t\000\040\001\021\036\321\000i\000\040\000t\000r\000u\000n\000g\000\040\000v\036\313\000\051}{section.2.2}% 19
\BOOKMARK [2][-]{subsection.2.2.7}{\376\377\000B\036\243\000n\000g\000\040\000t\036\247\000n\000\040\000s\000u\036\245\000t\000\040\000v\000\340\000\040\000t\036\247\000n\000\040\000s\000u\036\245\000t\000\040\000t\001\260\001\241\000n\000g\000\040\001\021\036\321\000i}{section.2.2}% 20
\BOOKMARK [2][-]{subsection.2.2.8}{\376\377\000Z\000-\000s\000c\000o\000r\000e\000\040\000\050\001\020\000i\036\303\000m\000\040\000c\000h\000u\036\251\000n\000\040\000h\000\363\000a\000\051}{section.2.2}% 21
\BOOKMARK [1][-]{section.2.3}{\376\377\000M\000i\000n\000h\000\040\000h\036\315\000a\000\040\000t\000\355\000n\000h\000\040\000t\000o\000\341\000n\000\040\000c\000h\000i\000\040\000t\000i\036\277\000t\000\040\000t\000r\000\352\000n\000\040\000h\000a\000i\000\040\000b\000i\036\277\000n\000\040\000t\000h\036\361\000c\000\040\000t\036\277}{chapter.2}% 22
\BOOKMARK [2][-]{subsection.2.3.1}{\376\377\000B\000i\036\277\000n\000\040\000c\000h\000o\000l\000\040\000t\000r\000o\000n\000g\000\040\000H\000e\000a\000r\000t\000\040\000D\000i\000s\000e\000a\000s\000e\000\040\000\050\000n\000h\000\363\000m\000\040\000A\000\051}{section.2.3}% 23
\BOOKMARK [2][-]{subsection.2.3.2}{\376\377\000B\000i\036\277\000n\000\040\000A\000p\000p\000l\000i\000a\000n\000c\000e\000s\000\040\000t\000r\000o\000n\000g\000\040\000A\000p\000p\000l\000i\000a\000n\000c\000e\000s\000\040\000E\000n\000e\000r\000g\000y\000\040\000P\000r\000e\000d\000i\000c\000t\000i\000o\000n\000\040\000\050\000n\000h\000\363\000m\000\040\000B\000\051}{section.2.3}% 24
\BOOKMARK [1][-]{section.2.4}{\376\377\000H\036\307\000\040\000t\000h\036\321\000n\000g\000\040\000b\000i\036\303\000u\000\040\001\021\036\323\000\040\000t\000r\036\361\000c\000\040\000q\000u\000a\000n\000\040\000h\000\363\000a\000\040\000v\000\340\000\040\000t\000\341\000c\000\040\000d\036\345\000n\000g\000\040\000p\000h\000\342\000n\000\040\000t\000\355\000c\000h}{chapter.2}% 25
\BOOKMARK [2][-]{subsection.2.4.1}{\376\377\000Q\000u\000y\000\040\000t\000r\000\354\000n\000h\000\040\000c\000h\000u\000n\000g\000\040\000k\000h\000i\000\040\000v\036\275\000\040\000v\000\340\000\040\000p\000h\000\342\000n\000\040\000t\000\355\000c\000h\000\040\000b\000i\036\303\000u\000\040\001\021\036\323}{section.2.4}% 26
\BOOKMARK [2][-]{subsection.2.4.2}{\376\377\000N\000h\000\363\000m\000\040\000b\000i\036\303\000u\000\040\001\021\036\323\000\040\000p\000h\000\342\000n\000\040\000p\000h\036\321\000i}{section.2.4}% 27
\BOOKMARK [3][-]{subsubsection*.28}{\376\377\000H\000i\000s\000t\000o\000g\000r\000a\000m\000\040\000\050\000B\000i\036\303\000u\000\040\001\021\036\323\000\040\000t\036\247\000n\000\040\000s\000u\036\245\000t\000\051}{subsection.2.4.2}% 28
\BOOKMARK [3][-]{subsubsection*.33}{\376\377\000B\000o\000x\000p\000l\000o\000t\000\040\000\050\000B\000i\036\303\000u\000\040\001\021\036\323\000\040\000h\036\331\000p\000\051\000:\000\040\000p\000h\000\341\000t\000\040\000h\000i\036\307\000n\000\040\000d\036\357\000\040\000l\000i\036\307\000u\000\040\000b\036\245\000t\000\040\000t\000h\001\260\036\335\000n\000g\000\040\000d\036\361\000a\000\040\000t\000r\000\352\000n\000\040\000I\000Q\000R}{subsection.2.4.2}% 29
\BOOKMARK [2][-]{subsection.2.4.3}{\376\377\000N\000h\000\363\000m\000\040\000b\000i\036\303\000u\000\040\001\021\036\323\000\040\000t\001\260\001\241\000n\000g\000\040\000q\000u\000a\000n\000\040\000v\000\340\000\040\000c\001\241\000\040\000c\036\245\000u}{section.2.4}% 30
\BOOKMARK [3][-]{subsubsection*.38}{\376\377\000S\000c\000a\000t\000t\000e\000r\000\040\000p\000l\000o\000t\000\040\000\050\000B\000i\036\303\000u\000\040\001\021\036\323\000\040\000p\000h\000\342\000n\000\040\000t\000\341\000n\000\051\000:\000\040\000t\000\354\000m\000\040\000l\000i\000\352\000n\000\040\000h\036\307\000\040\000t\000u\000y\036\277\000n\000\040\000t\000\355\000n\000h\000/\000p\000h\000i\000\040\000t\000u\000y\036\277\000n}{subsection.2.4.3}% 31
\BOOKMARK [3][-]{subsubsection*.43}{\376\377\000B\000a\000r\000\040\000c\000h\000a\000r\000t\000/\000P\000i\000e\000\040\000c\000h\000a\000r\000t\000\040\000\050\000B\000i\036\303\000u\000\040\001\021\036\323\000\040\000c\036\331\000t\000/\000t\000r\000\362\000n\000\051\000:\000\040\000c\001\241\000\040\000c\036\245\000u\000\040\001\021\036\313\000n\000h\000\040\000t\000\355\000n\000h}{subsection.2.4.3}% 32
\BOOKMARK [2][-]{subsection.2.4.4}{\376\377\000C\000\341\000c\000\040\000d\036\241\000n\000g\000\040\000b\000i\036\303\000u\000\040\001\021\036\323\000\040\000k\000h\000\341\000c}{section.2.4}% 33
\BOOKMARK [3][-]{subsubsection*.49}{\376\377\000L\000i\000n\000e\000\040\000c\000h\000a\000r\000t\000\040\000\050\000B\000i\036\303\000u\000\040\001\021\036\323\000\040\001\021\001\260\036\335\000n\000g\000\051\000\040\000c\000h\000o\000\040\000c\000h\000u\036\327\000i\000\040\000t\000h\036\335\000i\000\040\000g\000i\000a\000n}{subsection.2.4.4}% 34
\BOOKMARK [3][-]{subsubsection*.54}{\376\377\000C\000o\000r\000r\000e\000l\000a\000t\000i\000o\000n\000\040\000h\000e\000a\000t\000m\000a\000p\000\040\000\050\000B\036\243\000n\000\040\001\021\036\323\000\040\000n\000h\000i\036\307\000t\000\040\000t\001\260\001\241\000n\000g\000\040\000q\000u\000a\000n\000\051\000:\000\040\000t\001\260\001\241\000n\000g\000\040\000q\000u\000a\000n\000\040\000n\000h\000i\036\301\000u\000\040\000b\000i\036\277\000n\000\040\001\021\036\313\000n\000h\000\040\000l\001\260\036\343\000n\000g}{subsection.2.4.4}% 35
\BOOKMARK [2][-]{subsection.2.4.5}{\376\377\000M\036\331\000t\000\040\000s\036\321\000\040\000d\036\241\000n\000g\000\040\000b\000i\036\303\000u\000\040\001\021\036\323\000\040\000b\036\325\000\040\000s\000u\000n\000g\000\040\000p\000h\000\371\000\040\000h\036\343\000p\000\040\000v\036\333\000i\000\040\000b\000\340\000i\000\040\000t\000o\000\341\000n}{section.2.4}% 36
\BOOKMARK [3][-]{subsubsection*.59}{\376\377\000R\000a\000i\000n\000c\000l\000o\000u\000d\000\040\000p\000l\000o\000t\000\040\000\050\000B\000i\036\303\000u\000\040\001\021\036\323\000\040\000m\001\260\000a\000-\000m\000\342\000y\000\051\000\040\000c\000h\000o\000\040\000p\000h\000\342\000n\000\040\000p\000h\036\321\000i\000\040\000t\000h\000e\000o\000\040\000l\036\333\000p}{subsection.2.4.5}% 37
\BOOKMARK [3][-]{subsubsection*.60}{\376\377\000R\000i\000d\000g\000e\000l\000i\000n\000e\000\040\000p\000l\000o\000t\000\040\000\050\000B\000i\036\303\000u\000\040\001\021\036\323\000\040\000s\036\321\000n\000g\000\040\000n\000\372\000i\000\051\000\040\000c\000h\000o\000\040\000n\000h\000i\036\301\000u\000\040\000p\000h\000\342\000n\000\040\000p\000h\036\321\000i\000\040\000s\000o\000n\000g\000\040\000s\000o\000n\000g}{subsection.2.4.5}% 38
\BOOKMARK [3][-]{subsubsection*.62}{\376\377\000H\000e\000x\000b\000i\000n\000\040\000p\000l\000o\000t\000\040\000\050\000B\000i\036\303\000u\000\040\001\021\036\323\000\040\000t\036\325\000\040\000o\000n\000g\000\051\000\040\000c\000h\000o\000\040\000d\036\357\000\040\000l\000i\036\307\000u\000\040\000h\000a\000i\000\040\000b\000i\036\277\000n\000\040\000d\000\340\000y\000\040\001\021\000i\036\303\000m}{subsection.2.4.5}% 39
\BOOKMARK [1][-]{section.2.5}{\376\377\000C\000\341\000c\000\040\000p\000h\000\351\000p\000\040\000b\000i\036\277\000n\000\040\001\021\036\325\000i\000\040\000v\000\340\000\040\000t\000i\036\301\000n\000\040\000x\036\355\000\040\000l\000\375\000\040\000c\001\241\000\040\000b\036\243\000n}{chapter.2}% 40
\BOOKMARK [2][-]{subsection.2.5.1}{\376\377\001\020\000i\036\301\000n\000\040\000k\000h\000u\000y\036\277\000t}{section.2.5}% 41
\BOOKMARK [2][-]{subsection.2.5.2}{\376\377\000C\000h\000u\036\251\000n\000\040\000h\000\363\000a\000\040\000t\000h\000a\000n\000g\000\040\001\021\000o}{section.2.5}% 42
\BOOKMARK [2][-]{subsection.2.5.3}{\376\377\000L\000o\000g\000\040\000t\000r\000a\000n\000s\000f\000o\000r\000m\000\040\000v\000\340\000\040\000d\000i\000f\000f\000e\000r\000e\000n\000c\000i\000n\000g\000\040\000c\000h\000o\000\040\000c\000h\000u\036\327\000i\000\040\000t\000h\036\335\000i\000\040\000g\000i\000a\000n}{section.2.5}% 43
\BOOKMARK [1][-]{section.2.6}{\376\377\000Q\000u\000y\000\040\000t\000r\000\354\000n\000h\000\040\000p\000h\000\342\000n\000\040\000t\000\355\000c\000h\000\040\000k\000h\000\341\000m\000\040\000p\000h\000\341\000\040\000d\036\357\000\040\000l\000i\036\307\000u}{chapter.2}% 44
\BOOKMARK [1][-]{section.2.7}{\376\377\000N\000g\000u\000y\000\352\000n\000\040\000t\036\257\000c\000\040\000c\000h\036\315\000n\000\040\000b\000i\036\303\000u\000\040\001\021\036\323\000\040\000t\000h\000e\000o\000\040\000c\000\342\000u\000\040\000h\036\317\000i\000\040\000p\000h\000\342\000n\000\040\000t\000\355\000c\000h}{chapter.2}% 45
\BOOKMARK [1][-]{section.2.8}{\376\377\000D\000i\036\305\000n\000\040\000g\000i\036\243\000i\000\040\000t\000h\036\321\000n\000g\000\040\000k\000\352\000\040\000t\000r\000o\000n\000g\000\040\000b\036\321\000i\000\040\000c\036\243\000n\000h\000\040\000d\036\357\000\040\000l\000i\036\307\000u}{chapter.2}% 46
\BOOKMARK [1][-]{section.2.9}{\376\377\000C\000\341\000c\000\040\000s\000a\000i\000\040\000l\036\307\000c\000h\000\040\000t\000h\001\260\036\335\000n\000g\000\040\000g\036\267\000p\000\040\000k\000h\000i\000\040\001\021\036\315\000c\000\040\000b\000i\036\303\000u\000\040\001\021\036\323}{chapter.2}% 47
\BOOKMARK [1][-]{section.2.10}{\376\377\000M\000i\000n\000h\000\040\000h\036\315\000a\000\040\000t\000\355\000n\000h\000\040\000t\000o\000\341\000n\000\040\000t\000r\000\352\000n\000\040\000H\000e\000a\000r\000t\000\040\000D\000i\000s\000e\000a\000s\000e}{chapter.2}% 48
\BOOKMARK [1][-]{section.2.11}{\376\377\000L\000i\000\352\000n\000\040\000k\036\277\000t\000\040\000l\000\375\000\040\000t\000h\000u\000y\036\277\000t\000\040\000v\036\333\000i\000\040\000c\000\341\000c\000\040\000c\000h\001\260\001\241\000n\000g\000\040\000s\000a\000u}{chapter.2}% 49
\BOOKMARK [0][-]{chapter.3}{\376\377\000T\000H\000U\000\040\000T\000H\036\254\000P\000,\000\040\000M\000\324\000\040\000T\036\242\000\040\000V\000\300\000\040\000T\036\324\000N\000G\000\040\000Q\000U\000A\000N\000\040\000C\000\301\000C\000\040\000B\036\330\000\040\000D\036\356\000\040\000L\000I\036\306\000U}{}% 50
\BOOKMARK [1][-]{section.3.1}{\376\377\000T\000i\000\352\000u\000\040\000c\000h\000\355\000\040\000l\036\361\000a\000\040\000c\000h\036\315\000n\000\040\000d\036\357\000\040\000l\000i\036\307\000u}{chapter.3}% 51
\BOOKMARK [1][-]{section.3.2}{\376\377\000C\000h\000i\036\277\000n\000\040\000l\001\260\036\343\000c\000\040\000t\000h\000u\000\040\000t\000h\036\255\000p\000\040\000v\000\340\000\040\000k\000i\036\303\000m\000\040\000c\000h\036\351\000n\000g\000\040\000d\036\357\000\040\000l\000i\036\307\000u}{chapter.3}% 52
\BOOKMARK [1][-]{section.3.3}{\376\377\000N\000h\000\363\000m\000\040\000A\000:\000\040\000D\036\357\000\040\000l\000i\036\307\000u\000\040\000d\036\241\000n\000g\000\040\000b\036\243\000n\000g}{chapter.3}% 53
\BOOKMARK [2][-]{subsection.3.3.1}{\376\377\000H\000e\000a\000r\000t\000\040\000D\000i\000s\000e\000a\000s\000e}{section.3.3}% 54
\BOOKMARK [3][-]{subsubsection*.79}{\376\377\000G\000i\036\333\000i\000\040\000t\000h\000i\036\307\000u\000\040\000b\036\331\000\040\000d\036\357\000\040\000l\000i\036\307\000u}{subsection.3.3.1}% 55
\BOOKMARK [3][-]{subsubsection*.81}{\376\377\000C\000\341\000c\000\040\000n\000g\000h\000i\000\352\000n\000\040\000c\036\351\000u\000\040\000l\000i\000\352\000n\000\040\000q\000u\000a\000n}{subsection.3.3.1}% 56
\BOOKMARK [3][-]{subsubsection*.83}{\376\377\000P\000h\000\351\000p\000\040\000t\000o\000\341\000n\000\040\000t\000h\036\321\000n\000g\000\040\000k\000\352\000\040\000m\000\364\000\040\000t\036\243\000\040\000v\000\340\000\040\000t\000r\036\361\000c\000\040\000q\000u\000a\000n\000\040\000h\000\363\000a}{subsection.3.3.1}% 57
\BOOKMARK [3][-]{subsubsection*.98}{\376\377\036\350\000n\000g\000\040\000d\036\345\000n\000g\000\040\000v\000\340\000o\000\040\000m\000\364\000\040\000h\000\354\000n\000h\000\040\000h\036\315\000c\000\040\000m\000\341\000y}{subsection.3.3.1}% 58
\BOOKMARK [2][-]{subsection.3.3.2}{\376\377\000C\000D\000C\000\040\000D\000i\000a\000b\000e\000t\000e\000s\000\040\000H\000e\000a\000l\000t\000h\000\040\000I\000n\000d\000i\000c\000a\000t\000o\000r\000s}{section.3.3}% 59
\BOOKMARK [3][-]{subsubsection*.100}{\376\377\000G\000i\036\333\000i\000\040\000t\000h\000i\036\307\000u\000\040\000b\036\331\000\040\000d\036\357\000\040\000l\000i\036\307\000u}{subsection.3.3.2}% 60
\BOOKMARK [3][-]{subsubsection*.102}{\376\377\000C\000\341\000c\000\040\000n\000g\000h\000i\000\352\000n\000\040\000c\036\351\000u\000\040\000l\000i\000\352\000n\000\040\000q\000u\000a\000n}{subsection.3.3.2}% 61
\BOOKMARK [3][-]{subsubsection*.104}{\376\377\000P\000h\000\351\000p\000\040\000t\000o\000\341\000n\000\040\000t\000h\036\321\000n\000g\000\040\000k\000\352\000\040\000m\000\364\000\040\000t\036\243\000\040\000v\000\340\000\040\000t\000r\036\361\000c\000\040\000q\000u\000a\000n\000\040\000h\000\363\000a}{subsection.3.3.2}% 62
\BOOKMARK [3][-]{subsubsection*.114}{\376\377\036\350\000n\000g\000\040\000d\036\345\000n\000g\000\040\000v\000\340\000o\000\040\000m\000\364\000\040\000h\000\354\000n\000h\000\040\000h\036\315\000c\000\040\000m\000\341\000y}{subsection.3.3.2}% 63
\BOOKMARK [2][-]{subsection.3.3.3}{\376\377\000B\000r\000e\000a\000s\000t\000\040\000C\000a\000n\000c\000e\000r\000\040\000W\000i\000s\000c\000o\000n\000s\000i\000n\000\040\000D\000i\000a\000g\000n\000o\000s\000t\000i\000c}{section.3.3}% 64
\BOOKMARK [3][-]{subsubsection*.116}{\376\377\000G\000i\036\333\000i\000\040\000t\000h\000i\036\307\000u\000\040\000b\036\331\000\040\000d\036\357\000\040\000l\000i\036\307\000u}{subsection.3.3.3}% 65
\BOOKMARK [3][-]{subsubsection*.118}{\376\377\000C\000\341\000c\000\040\000n\000g\000h\000i\000\352\000n\000\040\000c\036\351\000u\000\040\000l\000i\000\352\000n\000\040\000q\000u\000a\000n}{subsection.3.3.3}% 66
\BOOKMARK [3][-]{subsubsection*.120}{\376\377\000P\000h\000\351\000p\000\040\000t\000o\000\341\000n\000\040\000t\000h\036\321\000n\000g\000\040\000k\000\352\000\040\000m\000\364\000\040\000t\036\243\000\040\000v\000\340\000\040\000t\000r\036\361\000c\000\040\000q\000u\000a\000n\000\040\000h\000\363\000a}{subsection.3.3.3}% 67
\BOOKMARK [3][-]{subsubsection*.130}{\376\377\036\350\000n\000g\000\040\000d\036\345\000n\000g\000\040\000v\000\340\000o\000\040\000m\000\364\000\040\000h\000\354\000n\000h\000\040\000h\036\315\000c\000\040\000m\000\341\000y}{subsection.3.3.3}% 68
\BOOKMARK [1][-]{section.3.4}{\376\377\000N\000h\000\363\000m\000\040\000B\000:\000\040\000D\036\357\000\040\000l\000i\036\307\000u\000\040\000c\000h\000u\036\327\000i\000\040\000t\000h\036\335\000i\000\040\000g\000i\000a\000n\000\040\000v\000\340\000\040\000c\036\243\000m\000\040\000b\000i\036\277\000n}{chapter.3}% 69
\BOOKMARK [2][-]{subsection.3.4.1}{\376\377\000B\0001\000\040\000-\000\040\000A\000p\000p\000l\000i\000a\000n\000c\000e\000s\000\040\000E\000n\000e\000r\000g\000y\000\040\000P\000r\000e\000d\000i\000c\000t\000i\000o\000n}{section.3.4}% 70
\BOOKMARK [3][-]{subsubsection*.133}{\376\377\000G\000i\036\333\000i\000\040\000t\000h\000i\036\307\000u\000\040\000b\036\331\000\040\000d\036\357\000\040\000l\000i\036\307\000u}{subsection.3.4.1}% 71
\BOOKMARK [3][-]{subsubsection*.134}{\376\377\000C\000\341\000c\000\040\000n\000g\000h\000i\000\352\000n\000\040\000c\036\351\000u\000\040\000l\000i\000\352\000n\000\040\000q\000u\000a\000n}{subsection.3.4.1}% 72
\BOOKMARK [3][-]{subsubsection*.136}{\376\377\000P\000h\000\351\000p\000\040\000t\000o\000\341\000n\000\040\000t\000h\036\321\000n\000g\000\040\000k\000\352\000\040\000m\000\364\000\040\000t\036\243\000\040\000v\000\340\000\040\000t\000r\036\361\000c\000\040\000q\000u\000a\000n\000\040\000h\000\363\000a}{subsection.3.4.1}% 73
\BOOKMARK [3][-]{subsubsection*.143}{\376\377\036\350\000n\000g\000\040\000d\036\345\000n\000g\000\040\000v\000\340\000o\000\040\000m\000\364\000\040\000h\000\354\000n\000h\000\040\000h\036\315\000c\000\040\000m\000\341\000y}{subsection.3.4.1}% 74
\BOOKMARK [2][-]{subsection.3.4.2}{\376\377\000B\0002\000\040\000-\000\040\000H\000u\000m\000a\000n\000\040\000A\000c\000t\000i\000v\000i\000t\000y\000\040\000R\000e\000c\000o\000g\000n\000i\000t\000i\000o\000n\000\040\000U\000s\000i\000n\000g\000\040\000S\000m\000a\000r\000t\000p\000h\000o\000n\000e\000s}{section.3.4}% 75
\BOOKMARK [3][-]{subsubsection*.145}{\376\377\000G\000i\036\333\000i\000\040\000t\000h\000i\036\307\000u\000\040\000b\036\331\000\040\000d\036\357\000\040\000l\000i\036\307\000u}{subsection.3.4.2}% 76
\BOOKMARK [3][-]{subsubsection*.147}{\376\377\000C\000\341\000c\000\040\000n\000g\000h\000i\000\352\000n\000\040\000c\036\351\000u\000\040\000l\000i\000\352\000n\000\040\000q\000u\000a\000n}{subsection.3.4.2}% 77
\BOOKMARK [3][-]{subsubsection*.149}{\376\377\000P\000h\000\351\000p\000\040\000t\000o\000\341\000n\000\040\000t\000h\036\321\000n\000g\000\040\000k\000\352\000\040\000m\000\364\000\040\000t\036\243\000\040\000v\000\340\000\040\000t\000r\036\361\000c\000\040\000q\000u\000a\000n\000\040\000h\000\363\000a}{subsection.3.4.2}% 78
\BOOKMARK [3][-]{subsubsection*.155}{\376\377\036\350\000n\000g\000\040\000d\036\345\000n\000g\000\040\000v\000\340\000o\000\040\000m\000\364\000\040\000h\000\354\000n\000h\000\040\000h\036\315\000c\000\040\000m\000\341\000y}{subsection.3.4.2}% 79
\BOOKMARK [2][-]{subsection.3.4.3}{\376\377\000B\0003\000\040\000-\000\040\000M\000H\000E\000A\000L\000T\000H\000\040\000D\000a\000t\000a\000s\000e\000t}{section.3.4}% 80
\BOOKMARK [3][-]{subsubsection*.156}{\376\377\000G\000i\036\333\000i\000\040\000t\000h\000i\036\307\000u\000\040\000b\036\331\000\040\000d\036\357\000\040\000l\000i\036\307\000u}{subsection.3.4.3}% 81
\BOOKMARK [3][-]{subsubsection*.157}{\376\377\000C\000\341\000c\000\040\000n\000g\000h\000i\000\352\000n\000\040\000c\036\351\000u\000\040\000l\000i\000\352\000n\000\040\000q\000u\000a\000n}{subsection.3.4.3}% 82
\BOOKMARK [3][-]{subsubsection*.159}{\376\377\000P\000h\000\351\000p\000\040\000t\000o\000\341\000n\000\040\000t\000h\036\321\000n\000g\000\040\000k\000\352\000\040\000m\000\364\000\040\000t\036\243\000\040\000v\000\340\000\040\000t\000r\036\361\000c\000\040\000q\000u\000a\000n\000\040\000h\000\363\000a}{subsection.3.4.3}% 83
\BOOKMARK [3][-]{subsubsection*.166}{\376\377\036\350\000n\000g\000\040\000d\036\345\000n\000g\000\040\000v\000\340\000o\000\040\000m\000\364\000\040\000h\000\354\000n\000h\000\040\000h\036\315\000c\000\040\000m\000\341\000y}{subsection.3.4.3}% 84
\BOOKMARK [1][-]{section.3.5}{\376\377\000N\000h\000\363\000m\000\040\000C\000:\000\040\000D\036\357\000\040\000l\000i\036\307\000u\000\040\001\021\000a\000\040\000p\000h\001\260\001\241\000n\000g\000\040\000t\000i\036\307\000n}{chapter.3}% 85
\BOOKMARK [2][-]{subsection.3.5.1}{\376\377\000C\0001\000\040\000-\000\040\000H\000A\000M\0001\0000\0000\0000\0000}{section.3.5}% 86
\BOOKMARK [3][-]{subsubsection*.169}{\376\377\000G\000i\036\333\000i\000\040\000t\000h\000i\036\307\000u\000\040\000b\036\331\000\040\000d\036\357\000\040\000l\000i\036\307\000u}{subsection.3.5.1}% 87
\BOOKMARK [3][-]{subsubsection*.171}{\376\377\000C\000\341\000c\000\040\000n\000g\000h\000i\000\352\000n\000\040\000c\036\351\000u\000\040\000l\000i\000\352\000n\000\040\000q\000u\000a\000n}{subsection.3.5.1}% 88
\BOOKMARK [3][-]{subsubsection*.173}{\376\377\000P\000h\000\351\000p\000\040\000t\000o\000\341\000n\000\040\000t\000h\036\321\000n\000g\000\040\000k\000\352\000\040\000m\000\364\000\040\000t\036\243\000\040\000v\000\340\000\040\000t\000r\036\361\000c\000\040\000q\000u\000a\000n\000\040\000h\000\363\000a}{subsection.3.5.1}% 89
\BOOKMARK [3][-]{subsubsection*.179}{\376\377\036\350\000n\000g\000\040\000d\036\345\000n\000g\000\040\000v\000\340\000o\000\040\000m\000\364\000\040\000h\000\354\000n\000h\000\040\000h\036\315\000c\000\040\000m\000\341\000y}{subsection.3.5.1}% 90
\BOOKMARK [2][-]{subsection.3.5.2}{\376\377\000C\0002\000\040\000-\000\040\000R\000e\000u\000t\000e\000r\000s\000-\0002\0001\0005\0007\0008\000\040\000T\000e\000x\000t\000\040\000C\000a\000t\000e\000g\000o\000r\000i\000z\000a\000t\000i\000o\000n}{section.3.5}% 91
\BOOKMARK [3][-]{subsubsection*.180}{\376\377\000G\000i\036\333\000i\000\040\000t\000h\000i\036\307\000u\000\040\000b\036\331\000\040\000d\036\357\000\040\000l\000i\036\307\000u}{subsection.3.5.2}% 92
\BOOKMARK [3][-]{subsubsection*.182}{\376\377\000C\000\341\000c\000\040\000n\000g\000h\000i\000\352\000n\000\040\000c\036\351\000u\000\040\000l\000i\000\352\000n\000\040\000q\000u\000a\000n}{subsection.3.5.2}% 93
\BOOKMARK [3][-]{subsubsection*.184}{\376\377\000P\000h\000\351\000p\000\040\000t\000o\000\341\000n\000\040\000t\000h\036\321\000n\000g\000\040\000k\000\352\000\040\000m\000\364\000\040\000t\036\243\000\040\000v\000\340\000\040\000t\000r\036\361\000c\000\040\000q\000u\000a\000n\000\040\000h\000\363\000a}{subsection.3.5.2}% 94
\BOOKMARK [3][-]{subsubsection*.190}{\376\377\036\350\000n\000g\000\040\000d\036\345\000n\000g\000\040\000v\000\340\000o\000\040\000m\000\364\000\040\000h\000\354\000n\000h\000\040\000h\036\315\000c\000\040\000m\000\341\000y}{subsection.3.5.2}% 95
\BOOKMARK [1][-]{section.3.6}{\376\377\001\020\000\341\000n\000h\000\040\000g\000i\000\341\000\040\000c\000h\036\245\000t\000\040\000l\001\260\036\343\000n\000g\000\040\000d\036\357\000\040\000l\000i\036\307\000u\000\040\000v\000\340\000\040\000r\036\347\000i\000\040\000r\000o\000\040\000p\000h\000\342\000n\000\040\000t\000\355\000c\000h}{chapter.3}% 96
\BOOKMARK [1][-]{section.3.7}{\376\377\000L\000i\000\352\000n\000\040\000h\036\307\000\040\000g\000i\036\357\000a\000\040\000n\000g\000u\036\323\000n\000\040\000d\036\357\000\040\000l\000i\036\307\000u\000\040\000v\000\340\000\040\000y\000\352\000u\000\040\000c\036\247\000u\000\040\000b\000\340\000i\000\040\000t\000o\000\341\000n}{chapter.3}% 97
\BOOKMARK [1][-]{section.3.8}{\376\377\000C\000\341\000c\000\040\000d\036\357\000\040\000l\000i\036\307\000u\000\040\000v\000\340\000\040\000n\036\331\000i\000\040\000d\000u\000n\000g\000\040\000c\036\247\000n\000\040\000b\036\325\000\040\000s\000u\000n\000g\000\040\000t\000i\036\277\000p}{chapter.3}% 98
\BOOKMARK [1][-]{section.3.9}{\376\377\001\020\001\260\036\335\000n\000g\000\040\000d\036\253\000n\000\040\000m\000i\000n\000h\000\040\000c\000h\036\351\000n\000g\000\040\000v\000\340\000\040\000t\000\341\000i\000\040\000s\036\355\000\040\000d\036\345\000n\000g}{chapter.3}% 99
\BOOKMARK [0][-]{chapter.4}{\376\377\000P\000H\000\302\000N\000\040\000T\000\315\000C\000H\000\040\001\020\036\266\000C\000\040\001\020\000I\036\302\000M\000\040\000D\036\356\000\040\000L\000I\036\306\000U\000\040\000Q\000U\000A\000\040\000T\000H\036\320\000N\000G\000\040\000K\000\312\000\040\000V\000\300\000\040\000T\000R\036\360\000C\000\040\000Q\000U\000A\000N\000\040\000H\000\323\000A}{}% 100
\BOOKMARK [1][-]{section.4.1}{\376\377\000P\000h\000\342\000n\000\040\000t\000\355\000c\000h\000\040\000c\000h\000i\000\040\000t\000i\036\277\000t\000\040\000d\036\357\000\040\000l\000i\036\307\000u\000\040\000c\036\245\000u\000\040\000t\000r\000\372\000c}{chapter.4}% 101
\BOOKMARK [2][-]{subsection.4.1.1}{\376\377\000N\000h\000\363\000m\000\040\000A\000:\000\040\000d\036\357\000\040\000l\000i\036\307\000u\000\040\000d\036\241\000n\000g\000\040\000b\036\243\000n\000g}{section.4.1}% 102
\BOOKMARK [3][-]{subsubsection*.196}{\376\377\000H\000e\000a\000r\000t\000\040\000D\000i\000s\000e\000a\000s\000e}{subsection.4.1.1}% 103
\BOOKMARK [3][-]{subsubsection*.207}{\376\377\000C\000D\000C\000\040\000D\000i\000a\000b\000e\000t\000e\000s\000\040\000H\000e\000a\000l\000t\000h\000\040\000I\000n\000d\000i\000c\000a\000t\000o\000r\000s}{subsection.4.1.1}% 104
\BOOKMARK [3][-]{subsubsection*.218}{\376\377\000B\000r\000e\000a\000s\000t\000\040\000C\000a\000n\000c\000e\000r\000\040\000W\000i\000s\000c\000o\000n\000s\000i\000n\000\040\000D\000i\000a\000g\000n\000o\000s\000t\000i\000c}{subsection.4.1.1}% 105
\BOOKMARK [2][-]{subsection.4.1.2}{\376\377\000N\000h\000\363\000m\000\040\000B\000:\000\040\000d\036\357\000\040\000l\000i\036\307\000u\000\040\000c\000h\000u\036\327\000i\000\040\000t\000h\036\335\000i\000\040\000g\000i\000a\000n\000\040\000v\000\340\000\040\000c\036\243\000m\000\040\000b\000i\036\277\000n}{section.4.1}% 106
\BOOKMARK [3][-]{subsubsection*.227}{\376\377\000A\000p\000p\000l\000i\000a\000n\000c\000e\000s\000\040\000E\000n\000e\000r\000g\000y\000\040\000P\000r\000e\000d\000i\000c\000t\000i\000o\000n}{subsection.4.1.2}% 107
\BOOKMARK [3][-]{subsubsection*.236}{\376\377\000H\000u\000m\000a\000n\000\040\000A\000c\000t\000i\000v\000i\000t\000y\000\040\000R\000e\000c\000o\000g\000n\000i\000t\000i\000o\000n\000\040\000U\000s\000i\000n\000g\000\040\000S\000m\000a\000r\000t\000p\000h\000o\000n\000e\000s}{subsection.4.1.2}% 108
\BOOKMARK [3][-]{subsubsection*.241}{\376\377\000M\000H\000E\000A\000L\000T\000H}{subsection.4.1.2}% 109
\BOOKMARK [2][-]{subsection.4.1.3}{\376\377\001\020\036\321\000i\000\040\000s\000\341\000n\000h\000\040\000c\000\364\000n\000g\000\040\000c\036\345\000\040\000p\000h\000\342\000n\000\040\000t\000\355\000c\000h\000:\000\040\000E\000x\000c\000e\000l\000/\000S\000p\000r\000e\000a\000d\000s\000h\000e\000e\000t\000\040\000v\000\340\000\040\000P\000y\000t\000h\000o\000n}{section.4.1}% 110
\BOOKMARK [1][-]{section.4.2}{\376\377\000S\036\321\000\040\000h\000\363\000a\000,\000\040\000t\000h\036\321\000n\000g\000\040\000k\000\352\000\040\000v\000\340\000\040\000t\000r\036\361\000c\000\040\000q\000u\000a\000n\000\040\000h\000\363\000a\000\040\000d\036\357\000\040\000l\000i\036\307\000u\000\040\001\021\000a\000\040\000p\000h\001\260\001\241\000n\000g\000\040\000t\000i\036\307\000n}{chapter.4}% 111
\BOOKMARK [2][-]{subsection.4.2.1}{\376\377\000B\036\331\000\040\000d\036\357\000\040\000l\000i\036\307\000u\000\040\036\243\000n\000h\000:\000\040\000H\000A\000M\0001\0000\0000\0000\0000}{section.4.2}% 112
\BOOKMARK [2][-]{subsection.4.2.2}{\376\377\000B\036\331\000\040\000d\036\357\000\040\000l\000i\036\307\000u\000\040\000v\001\003\000n\000\040\000b\036\243\000n\000:\000\040\000R\000e\000u\000t\000e\000r\000s\000-\0002\0001\0005\0007\0008}{section.4.2}% 113
\BOOKMARK [1][-]{section.4.3}{\376\377\000K\036\277\000t\000\040\000l\000u\036\255\000n\000\040\000c\000h\001\260\001\241\000n\000g}{chapter.4}% 114
\BOOKMARK [0][-]{chapter.5}{\376\377\000P\000H\000\302\000N\000\040\000T\000\315\000C\000H\000\040\000D\036\356\000\040\000L\000I\036\306\000U\000\040\000V\036\332\000I\000\040\000H\036\314\000C\000\040\000M\000\301\000Y\000\040\000V\000\300\000\040\001\020\036\320\000I\000\040\000S\000\301\000N\000H\000\040\000K\036\276\000T\000\040\000Q\000U\036\242}{}% 115
\BOOKMARK [1][-]{section.5.1}{\376\377\000Q\000u\000y\000\040\000t\000r\000\354\000n\000h\000\040\000h\036\315\000c\000\040\000m\000\341\000y\000\040\000v\000\340\000\040\000m\000i\000n\000h\000\040\000c\000h\036\351\000n\000g}{chapter.5}% 116
\BOOKMARK [1][-]{section.5.2}{\376\377\000C\000l\000a\000s\000s\000i\000f\000i\000c\000a\000t\000i\000o\000n\000\040\000t\000r\000\352\000n\000\040\000n\000h\000\363\000m\000\040\000A}{chapter.5}% 117
\BOOKMARK [1][-]{section.5.3}{\376\377\000R\000e\000g\000r\000e\000s\000s\000i\000o\000n\000\040\000v\000\340\000\040\000d\036\361\000\040\000b\000\341\000o\000\040\000t\000r\000\352\000n\000\040\000n\000h\000\363\000m\000\040\000B}{chapter.5}% 118
\BOOKMARK [1][-]{section.5.4}{\376\377\000C\000l\000u\000s\000t\000e\000r\000i\000n\000g\000\040\000t\000r\000\352\000n\000\040\000n\000h\000\363\000m\000\040\000A\000,\000\040\000B\000\040\000v\000\340\000\040\000C}{chapter.5}% 119
\BOOKMARK [1][-]{section.5.5}{\376\377\001\020\036\321\000i\000\040\000s\000\341\000n\000h\000\040\000v\036\333\000i\000\040\000n\000g\000h\000i\000\352\000n\000\040\000c\036\351\000u\000\040\000l\000i\000\352\000n\000\040\000q\000u\000a\000n}{chapter.5}% 120
\BOOKMARK [1][-]{section.5.6}{\376\377\000K\036\277\000t\000\040\000l\000u\036\255\000n\000\040\000C\000h\001\260\001\241\000n\000g\000\040\0004}{chapter.5}% 121
\BOOKMARK [0][-]{chapter.6}{\376\377\000K\036\276\000T\000\040\000L\000U\036\254\000N\000\040\000V\000\300\000\040\000H\001\257\036\332\000N\000G\000\040\000P\000H\000\301\000T\000\040\000T\000R\000I\036\302\000N}{}% 122
\BOOKMARK [1][-]{section.6.1}{\376\377\000K\036\277\000t\000\040\000l\000u\036\255\000n}{chapter.6}% 123
\BOOKMARK [1][-]{section.6.2}{\376\377\000H\036\241\000n\000\040\000c\000h\036\277}{chapter.6}% 124
\BOOKMARK [1][-]{section.6.3}{\376\377\000H\001\260\036\333\000n\000g\000\040\000p\000h\000\341\000t\000\040\000t\000r\000i\036\303\000n}{chapter.6}% 125
\BOOKMARK [1][-]{section.6.4}{\376\377\000M\000i\000n\000h\000\040\000c\000h\036\351\000n\000g\000\040\000t\000\341\000i\000\040\000l\036\255\000p}{chapter.6}% 126
\BOOKMARK [0][-]{chapter*.266}{\376\377\000T\000\340\000i\000\040\000l\000i\036\307\000u\000\040\000t\000h\000a\000m\000\040\000k\000h\036\243\000o}{}% 127
